mode: set
github.com/hugoh/go-designs/resource-pool/internal/jobs/jobs.go:33.18,43.2 1 1
github.com/hugoh/go-designs/resource-pool/internal/jobs/jobs.go:46.33,50.12 3 0
github.com/hugoh/go-designs/resource-pool/internal/jobs/jobs.go:50.12,51.7 1 0
github.com/hugoh/go-designs/resource-pool/internal/jobs/jobs.go:51.7,52.11 1 0
github.com/hugoh/go-designs/resource-pool/internal/jobs/jobs.go:53.20,54.12 1 0
github.com/hugoh/go-designs/resource-pool/internal/jobs/jobs.go:55.22,58.11 3 0
github.com/hugoh/go-designs/resource-pool/internal/jobs/jobs.go:65.32,67.2 1 0
github.com/hugoh/go-designs/resource-pool/internal/jobs/jobs.go:70.31,75.16 3 0
github.com/hugoh/go-designs/resource-pool/internal/jobs/jobs.go:75.16,78.3 2 0
github.com/hugoh/go-designs/resource-pool/internal/jobs/jobs.go:80.2,80.34 1 0
github.com/hugoh/go-designs/resource-pool/internal/jobs/jobs.go:80.34,83.3 2 0
github.com/hugoh/go-designs/resource-pool/internal/jobs/jobs.go:85.2,88.48 2 0
github.com/hugoh/go-designs/resource-pool/internal/jobs/jobs.go:88.48,90.17 2 0
github.com/hugoh/go-designs/resource-pool/internal/jobs/jobs.go:90.17,92.4 1 0
github.com/hugoh/go-designs/resource-pool/internal/jobs/jobs.go:92.9,94.4 1 0
github.com/hugoh/go-designs/resource-pool/internal/jobs/jobs.go:99.79,102.16 2 0
github.com/hugoh/go-designs/resource-pool/internal/jobs/jobs.go:102.16,104.3 1 0
github.com/hugoh/go-designs/resource-pool/internal/jobs/jobs.go:107.2,108.16 2 0
github.com/hugoh/go-designs/resource-pool/internal/jobs/jobs.go:108.16,111.3 2 0
github.com/hugoh/go-designs/resource-pool/internal/jobs/jobs.go:114.2,116.16 3 0
github.com/hugoh/go-designs/resource-pool/internal/jobs/jobs.go:116.16,118.3 1 0
github.com/hugoh/go-designs/resource-pool/internal/jobs/jobs.go:121.2,123.12 2 0
github.com/hugoh/go-designs/resource-pool/internal/jobs/jobs.go:128.65,133.16 3 0
github.com/hugoh/go-designs/resource-pool/internal/jobs/jobs.go:133.16,137.3 3 0
github.com/hugoh/go-designs/resource-pool/internal/jobs/jobs.go:140.2,147.16 3 0
github.com/hugoh/go-designs/resource-pool/internal/jobs/jobs.go:147.16,149.3 1 0
github.com/hugoh/go-designs/resource-pool/internal/jobs/jobs.go:152.2,156.79 3 0
github.com/hugoh/go-designs/resource-pool/internal/jobs/jobs.go:156.79,161.17 4 0
github.com/hugoh/go-designs/resource-pool/internal/jobs/jobs.go:161.17,167.4 3 0
github.com/hugoh/go-designs/resource-pool/internal/jobs/jobs.go:167.9,172.4 3 0
github.com/hugoh/go-designs/resource-pool/internal/jobs/jobs.go:173.8,177.3 2 0
github.com/hugoh/go-designs/resource-pool/internal/jobs/jobs.go:180.2,180.31 1 0
github.com/hugoh/go-designs/resource-pool/internal/jobs/jobs.go:184.69,187.16 3 0
github.com/hugoh/go-designs/resource-pool/internal/jobs/jobs.go:187.16,189.3 1 0
github.com/hugoh/go-designs/resource-pool/internal/jobs/jobs.go:193.61,195.2 1 1
github.com/hugoh/go-designs/resource-pool/internal/jobs/jobs.go:217.17,228.2 1 1
github.com/hugoh/go-designs/resource-pool/internal/jobs/jobs.go:231.32,235.12 3 0
github.com/hugoh/go-designs/resource-pool/internal/jobs/jobs.go:235.12,239.7 2 0
github.com/hugoh/go-designs/resource-pool/internal/jobs/jobs.go:239.7,240.11 1 0
github.com/hugoh/go-designs/resource-pool/internal/jobs/jobs.go:241.20,242.12 1 0
github.com/hugoh/go-designs/resource-pool/internal/jobs/jobs.go:243.22,246.11 3 0
github.com/hugoh/go-designs/resource-pool/internal/jobs/jobs.go:253.31,255.2 1 0
github.com/hugoh/go-designs/resource-pool/internal/jobs/jobs.go:258.30,263.16 3 1
github.com/hugoh/go-designs/resource-pool/internal/jobs/jobs.go:263.16,266.3 2 0
github.com/hugoh/go-designs/resource-pool/internal/jobs/jobs.go:269.2,270.16 2 1
github.com/hugoh/go-designs/resource-pool/internal/jobs/jobs.go:270.16,273.3 2 0
github.com/hugoh/go-designs/resource-pool/internal/jobs/jobs.go:274.2,279.34 3 1
github.com/hugoh/go-designs/resource-pool/internal/jobs/jobs.go:279.34,280.28 1 1
github.com/hugoh/go-designs/resource-pool/internal/jobs/jobs.go:280.28,281.12 1 1
github.com/hugoh/go-designs/resource-pool/internal/jobs/jobs.go:284.3,285.17 2 1
github.com/hugoh/go-designs/resource-pool/internal/jobs/jobs.go:285.17,286.12 1 0
github.com/hugoh/go-designs/resource-pool/internal/jobs/jobs.go:289.3,289.45 1 1
github.com/hugoh/go-designs/resource-pool/internal/jobs/jobs.go:289.45,291.18 2 1
github.com/hugoh/go-designs/resource-pool/internal/jobs/jobs.go:291.18,293.5 1 0
github.com/hugoh/go-designs/resource-pool/internal/jobs/jobs.go:294.4,294.25 1 1
github.com/hugoh/go-designs/resource-pool/internal/jobs/jobs.go:299.2,300.34 2 1
github.com/hugoh/go-designs/resource-pool/internal/jobs/jobs.go:300.34,301.28 1 1
github.com/hugoh/go-designs/resource-pool/internal/jobs/jobs.go:301.28,302.12 1 1
github.com/hugoh/go-designs/resource-pool/internal/jobs/jobs.go:306.3,306.47 1 1
github.com/hugoh/go-designs/resource-pool/internal/jobs/jobs.go:306.47,308.9 2 1
github.com/hugoh/go-designs/resource-pool/internal/jobs/jobs.go:312.3,314.17 3 1
github.com/hugoh/go-designs/resource-pool/internal/jobs/jobs.go:314.17,316.4 1 0
github.com/hugoh/go-designs/resource-pool/internal/jobs/jobs.go:321.76,324.16 2 0
github.com/hugoh/go-designs/resource-pool/internal/jobs/jobs.go:324.16,326.3 1 0
github.com/hugoh/go-designs/resource-pool/internal/jobs/jobs.go:328.2,332.45 2 0
github.com/hugoh/go-designs/resource-pool/internal/jobs/jobs.go:332.45,334.3 1 0
github.com/hugoh/go-designs/resource-pool/internal/jobs/jobs.go:337.2,338.16 2 0
github.com/hugoh/go-designs/resource-pool/internal/jobs/jobs.go:338.16,341.3 2 0
github.com/hugoh/go-designs/resource-pool/internal/jobs/jobs.go:344.2,345.16 2 0
github.com/hugoh/go-designs/resource-pool/internal/jobs/jobs.go:345.16,347.3 1 0
github.com/hugoh/go-designs/resource-pool/internal/jobs/jobs.go:349.2,354.16 3 0
github.com/hugoh/go-designs/resource-pool/internal/jobs/jobs.go:354.16,357.3 2 0
github.com/hugoh/go-designs/resource-pool/internal/jobs/jobs.go:359.2,359.34 1 0
github.com/hugoh/go-designs/resource-pool/internal/jobs/jobs.go:359.34,362.3 2 0
github.com/hugoh/go-designs/resource-pool/internal/jobs/jobs.go:365.2,366.61 2 0
github.com/hugoh/go-designs/resource-pool/internal/jobs/jobs.go:366.61,378.17 5 0
github.com/hugoh/go-designs/resource-pool/internal/jobs/jobs.go:378.17,381.63 2 0
github.com/hugoh/go-designs/resource-pool/internal/jobs/jobs.go:381.63,383.13 2 0
github.com/hugoh/go-designs/resource-pool/internal/jobs/jobs.go:388.3,405.17 6 0
github.com/hugoh/go-designs/resource-pool/internal/jobs/jobs.go:405.17,409.12 4 0
github.com/hugoh/go-designs/resource-pool/internal/jobs/jobs.go:412.3,412.22 1 0
github.com/hugoh/go-designs/resource-pool/internal/jobs/jobs.go:412.22,416.12 4 0
github.com/hugoh/go-designs/resource-pool/internal/jobs/jobs.go:420.3,431.17 3 0
github.com/hugoh/go-designs/resource-pool/internal/jobs/jobs.go:431.17,435.12 4 0
github.com/hugoh/go-designs/resource-pool/internal/jobs/jobs.go:439.3,441.17 3 0
github.com/hugoh/go-designs/resource-pool/internal/jobs/jobs.go:441.17,443.4 1 0
github.com/hugoh/go-designs/resource-pool/internal/jobs/jobs.go:446.3,455.81 5 0
github.com/hugoh/go-designs/resource-pool/internal/jobs/jobs.go:458.2,459.12 2 0
github.com/hugoh/go-designs/resource-pool/internal/jobs/jobs.go:465.121,468.16 2 1
github.com/hugoh/go-designs/resource-pool/internal/jobs/jobs.go:468.16,470.3 1 0
github.com/hugoh/go-designs/resource-pool/internal/jobs/jobs.go:472.2,476.45 2 1
github.com/hugoh/go-designs/resource-pool/internal/jobs/jobs.go:476.45,478.3 1 1
github.com/hugoh/go-designs/resource-pool/internal/jobs/jobs.go:481.2,482.16 2 1
github.com/hugoh/go-designs/resource-pool/internal/jobs/jobs.go:482.16,485.3 2 0
github.com/hugoh/go-designs/resource-pool/internal/jobs/jobs.go:488.2,489.16 2 1
github.com/hugoh/go-designs/resource-pool/internal/jobs/jobs.go:489.16,491.3 1 0
github.com/hugoh/go-designs/resource-pool/internal/jobs/jobs.go:494.2,494.27 1 1
github.com/hugoh/go-designs/resource-pool/internal/jobs/jobs.go:494.27,498.3 2 1
github.com/hugoh/go-designs/resource-pool/internal/jobs/jobs.go:498.8,501.3 1 0
github.com/hugoh/go-designs/resource-pool/internal/jobs/jobs.go:503.2,503.17 1 1
github.com/hugoh/go-designs/resource-pool/internal/jobs/jobs.go:503.17,505.3 1 0
github.com/hugoh/go-designs/resource-pool/internal/jobs/jobs.go:508.2,509.16 2 1
github.com/hugoh/go-designs/resource-pool/internal/jobs/jobs.go:509.16,512.3 2 0
github.com/hugoh/go-designs/resource-pool/internal/jobs/jobs.go:514.2,514.34 1 1
github.com/hugoh/go-designs/resource-pool/internal/jobs/jobs.go:514.34,517.3 2 0
github.com/hugoh/go-designs/resource-pool/internal/jobs/jobs.go:520.2,521.105 2 1
github.com/hugoh/go-designs/resource-pool/internal/jobs/jobs.go:521.105,533.17 5 1
github.com/hugoh/go-designs/resource-pool/internal/jobs/jobs.go:533.17,535.63 2 0
github.com/hugoh/go-designs/resource-pool/internal/jobs/jobs.go:535.63,537.13 2 0
github.com/hugoh/go-designs/resource-pool/internal/jobs/jobs.go:542.3,559.17 6 1
github.com/hugoh/go-designs/resource-pool/internal/jobs/jobs.go:559.17,563.12 4 1
github.com/hugoh/go-designs/resource-pool/internal/jobs/jobs.go:566.3,566.22 1 1
github.com/hugoh/go-designs/resource-pool/internal/jobs/jobs.go:566.22,570.12 4 0
github.com/hugoh/go-designs/resource-pool/internal/jobs/jobs.go:574.3,585.17 3 1
github.com/hugoh/go-designs/resource-pool/internal/jobs/jobs.go:585.17,589.12 4 0
github.com/hugoh/go-designs/resource-pool/internal/jobs/jobs.go:593.3,595.17 3 1
github.com/hugoh/go-designs/resource-pool/internal/jobs/jobs.go:595.17,597.4 1 0
github.com/hugoh/go-designs/resource-pool/internal/jobs/jobs.go:600.3,610.81 6 1
github.com/hugoh/go-designs/resource-pool/internal/jobs/jobs.go:613.2,614.12 2 1
github.com/hugoh/go-designs/resource-pool/internal/jobs/jobs.go:618.60,620.2 1 1
github.com/hugoh/go-designs/resource-pool/internal/jobs/jobs.go:632.122,640.2 1 1
github.com/hugoh/go-designs/resource-pool/internal/jobs/jobs.go:643.34,647.12 3 0
github.com/hugoh/go-designs/resource-pool/internal/jobs/jobs.go:647.12,648.7 1 0
github.com/hugoh/go-designs/resource-pool/internal/jobs/jobs.go:648.7,649.11 1 0
github.com/hugoh/go-designs/resource-pool/internal/jobs/jobs.go:650.20,651.12 1 0
github.com/hugoh/go-designs/resource-pool/internal/jobs/jobs.go:652.22,655.11 3 0
github.com/hugoh/go-designs/resource-pool/internal/jobs/jobs.go:662.33,664.2 1 0
github.com/hugoh/go-designs/resource-pool/internal/jobs/jobs.go:675.32,680.16 3 0
github.com/hugoh/go-designs/resource-pool/internal/jobs/jobs.go:680.16,683.3 2 0
github.com/hugoh/go-designs/resource-pool/internal/jobs/jobs.go:685.2,685.25 1 0
github.com/hugoh/go-designs/resource-pool/internal/jobs/jobs.go:685.25,688.3 2 0
github.com/hugoh/go-designs/resource-pool/internal/jobs/jobs.go:690.2,697.33 4 0
github.com/hugoh/go-designs/resource-pool/internal/jobs/jobs.go:697.33,698.24 1 0
github.com/hugoh/go-designs/resource-pool/internal/jobs/jobs.go:698.24,700.12 2 0
github.com/hugoh/go-designs/resource-pool/internal/jobs/jobs.go:704.3,705.17 2 0
github.com/hugoh/go-designs/resource-pool/internal/jobs/jobs.go:705.17,707.12 2 0
github.com/hugoh/go-designs/resource-pool/internal/jobs/jobs.go:711.3,711.42 1 0
github.com/hugoh/go-designs/resource-pool/internal/jobs/jobs.go:711.42,713.18 2 0
github.com/hugoh/go-designs/resource-pool/internal/jobs/jobs.go:713.18,715.5 1 0
github.com/hugoh/go-designs/resource-pool/internal/jobs/jobs.go:715.10,719.5 2 0
github.com/hugoh/go-designs/resource-pool/internal/jobs/jobs.go:723.2,724.32 1 0
github.com/hugoh/go-designs/resource-pool/internal/jobs/jobs.go:728.109,735.37 4 0
github.com/hugoh/go-designs/resource-pool/internal/jobs/jobs.go:735.37,737.51 2 0
github.com/hugoh/go-designs/resource-pool/internal/jobs/jobs.go:737.51,742.17 3 0
github.com/hugoh/go-designs/resource-pool/internal/jobs/jobs.go:742.17,742.32 1 0
github.com/hugoh/go-designs/resource-pool/internal/jobs/jobs.go:744.4,744.40 1 0
github.com/hugoh/go-designs/resource-pool/internal/jobs/jobs.go:749.2,751.16 2 0
github.com/hugoh/go-designs/resource-pool/internal/jobs/jobs.go:755.93,762.13 5 0
github.com/hugoh/go-designs/resource-pool/internal/jobs/jobs.go:762.13,764.3 1 0
github.com/hugoh/go-designs/resource-pool/internal/jobs/jobs.go:764.8,766.3 1 0
github.com/hugoh/go-designs/resource-pool/internal/jobs/jobs.go:768.2,773.3 1 0
github.com/hugoh/go-designs/resource-pool/internal/jobs/jobs.go:777.62,779.2 1 1
github.com/hugoh/go-designs/resource-pool/internal/jobs/jobs.go:782.53,784.2 1 1
github.com/hugoh/go-designs/resource-pool/internal/jobs/jobs.go:802.15,808.2 1 1
github.com/hugoh/go-designs/resource-pool/internal/jobs/jobs.go:811.30,815.2 3 0
github.com/hugoh/go-designs/resource-pool/internal/jobs/jobs.go:818.29,822.2 3 0
github.com/hugoh/go-designs/resource-pool/internal/jobs/jobs.go:825.56,827.2 1 1
github.com/hugoh/go-designs/resource-pool/internal/jobs/jobs.go:830.54,832.2 1 1
github.com/hugoh/go-designs/resource-pool/internal/jobs/jobs.go:835.58,837.2 1 1
github.com/hugoh/go-designs/resource-pool/internal/models/allocation.go:55.38,57.2 1 1
github.com/hugoh/go-designs/resource-pool/internal/models/allocation.go:60.39,61.24 1 1
github.com/hugoh/go-designs/resource-pool/internal/models/allocation.go:61.24,63.3 1 1
github.com/hugoh/go-designs/resource-pool/internal/models/allocation.go:64.2,64.39 1 1
github.com/hugoh/go-designs/resource-pool/internal/models/allocation.go:68.40,70.2 1 1
github.com/hugoh/go-designs/resource-pool/internal/models/allocation.go:73.55,78.2 4 1
github.com/hugoh/go-designs/resource-pool/internal/models/allocation.go:81.37,86.2 4 1
github.com/hugoh/go-designs/resource-pool/internal/models/allocation.go:89.36,94.2 4 1
github.com/hugoh/go-designs/resource-pool/internal/models/allocation.go:97.50,98.24 1 1
github.com/hugoh/go-designs/resource-pool/internal/models/allocation.go:98.24,100.3 1 1
github.com/hugoh/go-designs/resource-pool/internal/models/allocation.go:101.2,102.19 2 1
github.com/hugoh/go-designs/resource-pool/internal/models/allocation.go:102.19,104.3 1 1
github.com/hugoh/go-designs/resource-pool/internal/models/allocation.go:105.2,105.35 1 1
github.com/hugoh/go-designs/resource-pool/internal/models/allocation.go:109.54,122.24 2 1
github.com/hugoh/go-designs/resource-pool/internal/models/allocation.go:122.24,125.3 2 1
github.com/hugoh/go-designs/resource-pool/internal/models/allocation.go:127.2,127.25 1 1
github.com/hugoh/go-designs/resource-pool/internal/models/allocation.go:127.25,130.3 2 1
github.com/hugoh/go-designs/resource-pool/internal/models/allocation.go:132.2,132.40 1 1
github.com/hugoh/go-designs/resource-pool/internal/models/allocation.go:132.40,135.3 2 1
github.com/hugoh/go-designs/resource-pool/internal/models/allocation.go:137.2,137.13 1 1
github.com/hugoh/go-designs/resource-pool/internal/models/allocation.go:141.101,144.28 3 1
github.com/hugoh/go-designs/resource-pool/internal/models/allocation.go:144.28,147.3 2 1
github.com/hugoh/go-designs/resource-pool/internal/models/allocation.go:149.2,158.3 1 1
github.com/hugoh/go-designs/resource-pool/internal/models/allocation.go:162.64,163.11 1 1
github.com/hugoh/go-designs/resource-pool/internal/models/allocation.go:164.39,165.38 1 1
github.com/hugoh/go-designs/resource-pool/internal/models/allocation.go:166.38,167.37 1 1
github.com/hugoh/go-designs/resource-pool/internal/models/allocation.go:168.40,169.39 1 1
github.com/hugoh/go-designs/resource-pool/internal/models/allocation.go:170.39,171.38 1 1
github.com/hugoh/go-designs/resource-pool/internal/models/allocation.go:172.10,173.60 1 1
github.com/hugoh/go-designs/resource-pool/internal/models/allocation.go:178.58,180.2 1 0
github.com/hugoh/go-designs/resource-pool/internal/models/allocation.go:183.59,184.18 1 0
github.com/hugoh/go-designs/resource-pool/internal/models/allocation.go:184.18,186.3 1 0
github.com/hugoh/go-designs/resource-pool/internal/models/allocation.go:187.2,187.27 1 0
github.com/hugoh/go-designs/resource-pool/internal/models/allocation.go:188.14,189.28 1 0
github.com/hugoh/go-designs/resource-pool/internal/models/allocation.go:190.14,191.28 1 0
github.com/hugoh/go-designs/resource-pool/internal/models/allocation.go:192.10,193.67 1 0
github.com/hugoh/go-designs/resource-pool/internal/models/allocation.go:195.2,195.12 1 0
github.com/hugoh/go-designs/resource-pool/internal/models/category.go:35.37,37.2 1 0
github.com/hugoh/go-designs/resource-pool/internal/models/category.go:40.29,43.2 2 1
github.com/hugoh/go-designs/resource-pool/internal/models/category.go:46.30,49.2 2 1
github.com/hugoh/go-designs/resource-pool/internal/models/category.go:52.50,62.2 1 0
github.com/hugoh/go-designs/resource-pool/internal/models/category.go:65.54,75.2 2 1
github.com/hugoh/go-designs/resource-pool/internal/models/models.go:17.40,19.2 1 0
github.com/hugoh/go-designs/resource-pool/internal/models/quota_policy.go:27.58,29.9 2 0
github.com/hugoh/go-designs/resource-pool/internal/models/quota_policy.go:29.9,31.3 1 0
github.com/hugoh/go-designs/resource-pool/internal/models/quota_policy.go:32.2,32.20 1 0
github.com/hugoh/go-designs/resource-pool/internal/models/quota_policy.go:36.45,37.11 1 0
github.com/hugoh/go-designs/resource-pool/internal/models/quota_policy.go:38.26,39.17 1 0
github.com/hugoh/go-designs/resource-pool/internal/models/quota_policy.go:40.27,41.24 1 0
github.com/hugoh/go-designs/resource-pool/internal/models/quota_policy.go:42.10,43.19 1 0
github.com/hugoh/go-designs/resource-pool/internal/models/quota_policy.go:81.64,82.22 1 1
github.com/hugoh/go-designs/resource-pool/internal/models/quota_policy.go:82.22,84.3 1 1
github.com/hugoh/go-designs/resource-pool/internal/models/quota_policy.go:85.2,85.46 1 1
github.com/hugoh/go-designs/resource-pool/internal/models/quota_policy.go:89.58,91.2 1 1
github.com/hugoh/go-designs/resource-pool/internal/models/quota_policy.go:94.59,96.2 1 0
github.com/hugoh/go-designs/resource-pool/internal/models/quota_policy.go:99.60,101.2 1 1
github.com/hugoh/go-designs/resource-pool/internal/models/quota_policy.go:104.56,118.2 1 0
github.com/hugoh/go-designs/resource-pool/internal/models/quota_policy.go:121.117,125.28 3 1
github.com/hugoh/go-designs/resource-pool/internal/models/quota_policy.go:125.28,127.3 1 0
github.com/hugoh/go-designs/resource-pool/internal/models/quota_policy.go:129.2,141.3 1 1
github.com/hugoh/go-designs/resource-pool/internal/models/resource_instance.go:68.44,70.2 1 1
github.com/hugoh/go-designs/resource-pool/internal/models/resource_instance.go:73.52,75.2 1 1
github.com/hugoh/go-designs/resource-pool/internal/models/resource_instance.go:78.45,80.2 1 1
github.com/hugoh/go-designs/resource-pool/internal/models/resource_instance.go:83.56,85.2 1 1
github.com/hugoh/go-designs/resource-pool/internal/models/resource_instance.go:88.46,92.2 3 0
github.com/hugoh/go-designs/resource-pool/internal/models/resource_instance.go:95.41,99.2 3 0
github.com/hugoh/go-designs/resource-pool/internal/models/resource_instance.go:102.66,119.27 2 1
github.com/hugoh/go-designs/resource-pool/internal/models/resource_instance.go:119.27,122.3 2 0
github.com/hugoh/go-designs/resource-pool/internal/models/resource_instance.go:123.2,123.13 1 1
github.com/hugoh/go-designs/resource-pool/internal/models/resource_instance.go:127.101,129.19 2 1
github.com/hugoh/go-designs/resource-pool/internal/models/resource_instance.go:129.19,131.3 1 1
github.com/hugoh/go-designs/resource-pool/internal/models/resource_instance.go:132.2,132.13 1 1
github.com/hugoh/go-designs/resource-pool/internal/models/resource_instance.go:136.108,152.2 2 1
github.com/hugoh/go-designs/resource-pool/internal/models/resource_instance.go:155.104,171.2 2 1
github.com/hugoh/go-designs/resource-pool/internal/models/resource_instance.go:174.59,175.50 1 1
github.com/hugoh/go-designs/resource-pool/internal/models/resource_instance.go:175.50,177.3 1 1
github.com/hugoh/go-designs/resource-pool/internal/models/resource_instance.go:178.2,178.48 1 1
github.com/hugoh/go-designs/resource-pool/internal/models/resource_instance.go:178.48,180.3 1 1
github.com/hugoh/go-designs/resource-pool/internal/models/resource_instance.go:181.2,181.17 1 1
github.com/hugoh/go-designs/resource-pool/internal/models/resource_instance.go:181.17,183.3 1 1
github.com/hugoh/go-designs/resource-pool/internal/models/resource_instance.go:184.2,184.12 1 1
github.com/hugoh/go-designs/resource-pool/internal/models/resource_instance.go:188.52,189.43 1 1
github.com/hugoh/go-designs/resource-pool/internal/models/resource_instance.go:189.43,191.3 1 1
github.com/hugoh/go-designs/resource-pool/internal/models/resource_instance.go:192.2,192.25 1 1
github.com/hugoh/go-designs/resource-pool/internal/models/resource_instance.go:192.25,194.3 1 1
github.com/hugoh/go-designs/resource-pool/internal/models/resource_instance.go:195.2,195.12 1 1
github.com/hugoh/go-designs/resource-pool/internal/models/resource_instance.go:199.56,200.11 1 1
github.com/hugoh/go-designs/resource-pool/internal/models/resource_instance.go:201.42,202.41 1 1
github.com/hugoh/go-designs/resource-pool/internal/models/resource_instance.go:203.35,204.34 1 1
github.com/hugoh/go-designs/resource-pool/internal/models/resource_instance.go:205.10,206.56 1 1
github.com/hugoh/go-designs/resource-pool/internal/models/resource_instance.go:211.54,213.2 1 0
github.com/hugoh/go-designs/resource-pool/internal/models/resource_instance.go:216.55,217.18 1 0
github.com/hugoh/go-designs/resource-pool/internal/models/resource_instance.go:217.18,219.3 1 0
github.com/hugoh/go-designs/resource-pool/internal/models/resource_instance.go:220.2,220.27 1 0
github.com/hugoh/go-designs/resource-pool/internal/models/resource_instance.go:221.14,222.24 1 0
github.com/hugoh/go-designs/resource-pool/internal/models/resource_instance.go:223.14,224.24 1 0
github.com/hugoh/go-designs/resource-pool/internal/models/resource_instance.go:225.10,226.63 1 0
github.com/hugoh/go-designs/resource-pool/internal/models/resource_instance.go:228.2,228.12 1 0
github.com/hugoh/go-designs/resource-pool/internal/models/resource_instance.go:232.65,234.2 1 0
github.com/hugoh/go-designs/resource-pool/internal/models/resource_instance.go:237.66,238.18 1 0
github.com/hugoh/go-designs/resource-pool/internal/models/resource_instance.go:238.18,240.3 1 0
github.com/hugoh/go-designs/resource-pool/internal/models/resource_instance.go:241.2,241.27 1 0
github.com/hugoh/go-designs/resource-pool/internal/models/resource_instance.go:242.14,243.35 1 0
github.com/hugoh/go-designs/resource-pool/internal/models/resource_instance.go:244.14,245.35 1 0
github.com/hugoh/go-designs/resource-pool/internal/models/resource_instance.go:246.10,247.73 1 0
github.com/hugoh/go-designs/resource-pool/internal/models/resource_instance.go:249.2,249.12 1 0
github.com/hugoh/go-designs/resource-pool/internal/models/resource_instance.go:253.61,261.51 3 0
github.com/hugoh/go-designs/resource-pool/internal/models/resource_instance.go:261.51,263.3 1 0
github.com/hugoh/go-designs/resource-pool/internal/models/resource_instance.go:264.2,264.29 1 0
github.com/hugoh/go-designs/resource-pool/internal/models/resource_instance.go:264.29,266.17 2 0
github.com/hugoh/go-designs/resource-pool/internal/models/resource_instance.go:266.17,268.4 1 0
github.com/hugoh/go-designs/resource-pool/internal/models/resource_instance.go:270.2,270.12 1 0
github.com/hugoh/go-designs/resource-pool/internal/models/resource_instance_task.go:29.48,31.9 2 0
github.com/hugoh/go-designs/resource-pool/internal/models/resource_instance_task.go:31.9,33.3 1 0
github.com/hugoh/go-designs/resource-pool/internal/models/resource_instance_task.go:34.2,34.15 1 0
github.com/hugoh/go-designs/resource-pool/internal/models/resource_instance_task.go:38.40,39.11 1 0
github.com/hugoh/go-designs/resource-pool/internal/models/resource_instance_task.go:40.22,41.18 1 0
github.com/hugoh/go-designs/resource-pool/internal/models/resource_instance_task.go:42.24,43.18 1 0
github.com/hugoh/go-designs/resource-pool/internal/models/resource_instance_task.go:44.27,45.24 1 0
github.com/hugoh/go-designs/resource-pool/internal/models/resource_instance_task.go:46.10,47.19 1 0
github.com/hugoh/go-designs/resource-pool/internal/models/resource_instance_task.go:52.49,54.2 1 0
github.com/hugoh/go-designs/resource-pool/internal/models/resource_instance_task.go:57.50,58.18 1 0
github.com/hugoh/go-designs/resource-pool/internal/models/resource_instance_task.go:58.18,60.3 1 0
github.com/hugoh/go-designs/resource-pool/internal/models/resource_instance_task.go:61.2,61.27 1 0
github.com/hugoh/go-designs/resource-pool/internal/models/resource_instance_task.go:62.14,63.19 1 0
github.com/hugoh/go-designs/resource-pool/internal/models/resource_instance_task.go:64.14,65.19 1 0
github.com/hugoh/go-designs/resource-pool/internal/models/resource_instance_task.go:66.10,67.59 1 0
github.com/hugoh/go-designs/resource-pool/internal/models/resource_instance_task.go:69.2,69.12 1 0
github.com/hugoh/go-designs/resource-pool/internal/models/resource_instance_task.go:93.52,95.9 2 0
github.com/hugoh/go-designs/resource-pool/internal/models/resource_instance_task.go:95.9,97.3 1 0
github.com/hugoh/go-designs/resource-pool/internal/models/resource_instance_task.go:98.2,98.20 1 0
github.com/hugoh/go-designs/resource-pool/internal/models/resource_instance_task.go:102.42,103.11 1 0
github.com/hugoh/go-designs/resource-pool/internal/models/resource_instance_task.go:104.25,105.21 1 0
github.com/hugoh/go-designs/resource-pool/internal/models/resource_instance_task.go:106.25,107.21 1 0
github.com/hugoh/go-designs/resource-pool/internal/models/resource_instance_task.go:108.27,109.21 1 0
github.com/hugoh/go-designs/resource-pool/internal/models/resource_instance_task.go:110.24,111.18 1 0
github.com/hugoh/go-designs/resource-pool/internal/models/resource_instance_task.go:112.27,113.21 1 0
github.com/hugoh/go-designs/resource-pool/internal/models/resource_instance_task.go:114.10,115.19 1 0
github.com/hugoh/go-designs/resource-pool/internal/models/resource_instance_task.go:120.51,122.2 1 0
github.com/hugoh/go-designs/resource-pool/internal/models/resource_instance_task.go:125.52,126.18 1 0
github.com/hugoh/go-designs/resource-pool/internal/models/resource_instance_task.go:126.18,128.3 1 0
github.com/hugoh/go-designs/resource-pool/internal/models/resource_instance_task.go:129.2,129.27 1 0
github.com/hugoh/go-designs/resource-pool/internal/models/resource_instance_task.go:130.14,131.21 1 0
github.com/hugoh/go-designs/resource-pool/internal/models/resource_instance_task.go:132.14,133.21 1 0
github.com/hugoh/go-designs/resource-pool/internal/models/resource_instance_task.go:134.10,135.61 1 0
github.com/hugoh/go-designs/resource-pool/internal/models/resource_instance_task.go:137.2,137.12 1 0
github.com/hugoh/go-designs/resource-pool/internal/models/resource_instance_task.go:141.39,143.2 1 0
github.com/hugoh/go-designs/resource-pool/internal/models/resource_instance_task.go:166.58,168.9 2 0
github.com/hugoh/go-designs/resource-pool/internal/models/resource_instance_task.go:168.9,170.3 1 0
github.com/hugoh/go-designs/resource-pool/internal/models/resource_instance_task.go:171.2,171.20 1 0
github.com/hugoh/go-designs/resource-pool/internal/models/resource_instance_task.go:175.45,176.11 1 0
github.com/hugoh/go-designs/resource-pool/internal/models/resource_instance_task.go:177.27,178.24 1 0
github.com/hugoh/go-designs/resource-pool/internal/models/resource_instance_task.go:179.34,180.24 1 0
github.com/hugoh/go-designs/resource-pool/internal/models/resource_instance_task.go:181.31,182.24 1 0
github.com/hugoh/go-designs/resource-pool/internal/models/resource_instance_task.go:183.38,184.24 1 0
github.com/hugoh/go-designs/resource-pool/internal/models/resource_instance_task.go:185.31,186.27 1 0
github.com/hugoh/go-designs/resource-pool/internal/models/resource_instance_task.go:187.10,188.19 1 0
github.com/hugoh/go-designs/resource-pool/internal/models/resource_instance_task.go:193.54,195.2 1 0
github.com/hugoh/go-designs/resource-pool/internal/models/resource_instance_task.go:198.55,199.18 1 0
github.com/hugoh/go-designs/resource-pool/internal/models/resource_instance_task.go:199.18,201.3 1 0
github.com/hugoh/go-designs/resource-pool/internal/models/resource_instance_task.go:202.2,202.27 1 0
github.com/hugoh/go-designs/resource-pool/internal/models/resource_instance_task.go:203.14,204.24 1 0
github.com/hugoh/go-designs/resource-pool/internal/models/resource_instance_task.go:205.14,206.24 1 0
github.com/hugoh/go-designs/resource-pool/internal/models/resource_instance_task.go:207.10,208.64 1 0
github.com/hugoh/go-designs/resource-pool/internal/models/resource_instance_task.go:210.2,210.12 1 0
github.com/hugoh/go-designs/resource-pool/internal/models/resource_instance_task.go:217.55,218.18 1 0
github.com/hugoh/go-designs/resource-pool/internal/models/resource_instance_task.go:218.18,221.3 2 0
github.com/hugoh/go-designs/resource-pool/internal/models/resource_instance_task.go:223.2,224.27 2 0
github.com/hugoh/go-designs/resource-pool/internal/models/resource_instance_task.go:225.14,226.11 1 0
github.com/hugoh/go-designs/resource-pool/internal/models/resource_instance_task.go:227.14,228.19 1 0
github.com/hugoh/go-designs/resource-pool/internal/models/resource_instance_task.go:229.10,230.64 1 0
github.com/hugoh/go-designs/resource-pool/internal/models/resource_instance_task.go:233.2,233.32 1 0
github.com/hugoh/go-designs/resource-pool/internal/models/resource_instance_task.go:237.54,238.17 1 0
github.com/hugoh/go-designs/resource-pool/internal/models/resource_instance_task.go:238.17,240.3 1 0
github.com/hugoh/go-designs/resource-pool/internal/models/resource_instance_task.go:241.2,241.24 1 0
github.com/hugoh/go-designs/resource-pool/internal/models/resource_instance_task.go:303.46,308.2 4 0
github.com/hugoh/go-designs/resource-pool/internal/models/resource_instance_task.go:311.60,318.24 5 0
github.com/hugoh/go-designs/resource-pool/internal/models/resource_instance_task.go:318.24,322.3 3 0
github.com/hugoh/go-designs/resource-pool/internal/models/resource_instance_task.go:323.2,323.19 1 0
github.com/hugoh/go-designs/resource-pool/internal/models/resource_instance_task.go:327.75,338.24 8 0
github.com/hugoh/go-designs/resource-pool/internal/models/resource_instance_task.go:338.24,342.3 3 0
github.com/hugoh/go-designs/resource-pool/internal/models/resource_instance_task.go:343.2,343.19 1 0
github.com/hugoh/go-designs/resource-pool/internal/models/resource_instance_task.go:347.61,353.2 5 0
github.com/hugoh/go-designs/resource-pool/internal/models/resource_instance_task.go:356.48,358.2 1 0
github.com/hugoh/go-designs/resource-pool/internal/models/resource_instance_task.go:361.49,367.2 5 0
github.com/hugoh/go-designs/resource-pool/internal/models/resource_instance_task.go:370.81,371.28 1 0
github.com/hugoh/go-designs/resource-pool/internal/models/resource_instance_task.go:371.28,373.3 1 0
github.com/hugoh/go-designs/resource-pool/internal/models/resource_instance_task.go:374.2,374.28 1 0
github.com/hugoh/go-designs/resource-pool/internal/models/resource_instance_task.go:374.28,376.3 1 0
github.com/hugoh/go-designs/resource-pool/internal/models/resource_instance_task.go:380.74,408.24 2 0
github.com/hugoh/go-designs/resource-pool/internal/models/resource_instance_task.go:408.24,411.3 2 0
github.com/hugoh/go-designs/resource-pool/internal/models/resource_instance_task.go:413.2,413.26 1 0
github.com/hugoh/go-designs/resource-pool/internal/models/resource_instance_task.go:413.26,416.3 2 0
github.com/hugoh/go-designs/resource-pool/internal/models/resource_instance_task.go:418.2,418.25 1 0
github.com/hugoh/go-designs/resource-pool/internal/models/resource_instance_task.go:418.25,421.3 2 0
github.com/hugoh/go-designs/resource-pool/internal/models/resource_instance_task.go:423.2,423.13 1 0
github.com/hugoh/go-designs/resource-pool/internal/models/resource_instance_task.go:427.36,432.13 4 0
github.com/hugoh/go-designs/resource-pool/internal/models/resource_instance_task.go:432.13,434.3 1 0
github.com/hugoh/go-designs/resource-pool/internal/models/resource_instance_task.go:435.2,435.34 1 0
github.com/hugoh/go-designs/resource-pool/internal/models/resource_instance_task.go:439.129,453.2 2 0
github.com/hugoh/go-designs/resource-pool/internal/models/resource_instance_task.go:456.134,458.24 2 0
github.com/hugoh/go-designs/resource-pool/internal/models/resource_instance_task.go:458.24,460.3 1 0
github.com/hugoh/go-designs/resource-pool/internal/models/resource_instance_task.go:461.2,461.23 1 0
github.com/hugoh/go-designs/resource-pool/internal/models/resource_instance_task.go:461.23,463.3 1 0
github.com/hugoh/go-designs/resource-pool/internal/models/resource_instance_task.go:464.2,464.13 1 0
github.com/hugoh/go-designs/resource-pool/internal/models/resource_instance_task.go:468.131,470.23 2 0
github.com/hugoh/go-designs/resource-pool/internal/models/resource_instance_task.go:470.23,472.3 1 0
github.com/hugoh/go-designs/resource-pool/internal/models/resource_instance_task.go:473.2,473.26 1 0
github.com/hugoh/go-designs/resource-pool/internal/models/resource_instance_task.go:473.26,475.3 1 0
github.com/hugoh/go-designs/resource-pool/internal/models/resource_instance_task.go:476.2,476.13 1 0
github.com/hugoh/go-designs/resource-pool/internal/models/resource_instance_task.go:480.76,482.2 1 0
github.com/hugoh/go-designs/resource-pool/internal/models/resource_instance_task.go:485.115,488.24 3 0
github.com/hugoh/go-designs/resource-pool/internal/models/resource_instance_task.go:488.24,490.3 1 0
github.com/hugoh/go-designs/resource-pool/internal/models/resource_instance_task.go:491.2,491.13 1 0
github.com/hugoh/go-designs/resource-pool/internal/models/testbed.go:80.38,82.2 1 1
github.com/hugoh/go-designs/resource-pool/internal/models/testbed.go:85.38,87.2 1 1
github.com/hugoh/go-designs/resource-pool/internal/models/testbed.go:90.35,95.2 4 1
github.com/hugoh/go-designs/resource-pool/internal/models/testbed.go:98.51,103.2 4 1
github.com/hugoh/go-designs/resource-pool/internal/models/testbed.go:106.31,110.2 3 1
github.com/hugoh/go-designs/resource-pool/internal/models/testbed.go:113.35,117.2 3 1
github.com/hugoh/go-designs/resource-pool/internal/models/testbed.go:121.33,126.2 4 1
github.com/hugoh/go-designs/resource-pool/internal/models/testbed.go:129.48,153.2 2 1
github.com/hugoh/go-designs/resource-pool/internal/models/testbed.go:156.83,158.19 2 1
github.com/hugoh/go-designs/resource-pool/internal/models/testbed.go:158.19,161.3 2 1
github.com/hugoh/go-designs/resource-pool/internal/models/testbed.go:162.2,162.13 1 1
github.com/hugoh/go-designs/resource-pool/internal/models/testbed.go:166.163,182.2 2 1
github.com/hugoh/go-designs/resource-pool/internal/models/testbed.go:186.67,188.45 1 0
github.com/hugoh/go-designs/resource-pool/internal/models/testbed.go:188.45,189.93 1 0
github.com/hugoh/go-designs/resource-pool/internal/models/testbed.go:189.93,191.4 1 0
github.com/hugoh/go-designs/resource-pool/internal/models/testbed.go:192.3,192.13 1 0
github.com/hugoh/go-designs/resource-pool/internal/models/testbed.go:196.2,197.26 2 0
github.com/hugoh/go-designs/resource-pool/internal/models/testbed.go:197.26,199.3 1 0
github.com/hugoh/go-designs/resource-pool/internal/models/testbed.go:201.2,202.73 2 0
github.com/hugoh/go-designs/resource-pool/internal/models/testbed.go:206.58,207.11 1 1
github.com/hugoh/go-designs/resource-pool/internal/models/testbed.go:208.38,209.37 1 1
github.com/hugoh/go-designs/resource-pool/internal/models/testbed.go:210.38,211.37 1 1
github.com/hugoh/go-designs/resource-pool/internal/models/testbed.go:212.34,213.33 1 1
github.com/hugoh/go-designs/resource-pool/internal/models/testbed.go:214.38,215.37 1 1
github.com/hugoh/go-designs/resource-pool/internal/models/testbed.go:216.36,217.35 1 1
github.com/hugoh/go-designs/resource-pool/internal/models/testbed.go:218.10,219.57 1 1
github.com/hugoh/go-designs/resource-pool/internal/models/testbed.go:224.55,226.2 1 0
github.com/hugoh/go-designs/resource-pool/internal/models/testbed.go:229.56,230.18 1 0
github.com/hugoh/go-designs/resource-pool/internal/models/testbed.go:230.18,232.3 1 0
github.com/hugoh/go-designs/resource-pool/internal/models/testbed.go:233.2,233.27 1 0
github.com/hugoh/go-designs/resource-pool/internal/models/testbed.go:234.14,235.25 1 0
github.com/hugoh/go-designs/resource-pool/internal/models/testbed.go:236.14,237.25 1 0
github.com/hugoh/go-designs/resource-pool/internal/models/testbed.go:238.10,239.64 1 0
github.com/hugoh/go-designs/resource-pool/internal/models/testbed.go:241.2,241.12 1 0
github.com/hugoh/go-designs/resource-pool/internal/monitoring/metrics.go:69.42,77.2 1 0
github.com/hugoh/go-designs/resource-pool/internal/monitoring/metrics.go:80.69,82.2 1 0
github.com/hugoh/go-designs/resource-pool/internal/monitoring/metrics.go:85.59,87.2 1 0
github.com/hugoh/go-designs/resource-pool/internal/monitoring/metrics.go:90.40,94.37 2 0
github.com/hugoh/go-designs/resource-pool/internal/monitoring/metrics.go:94.37,95.41 1 0
github.com/hugoh/go-designs/resource-pool/internal/monitoring/metrics.go:95.41,97.4 1 0
github.com/hugoh/go-designs/resource-pool/internal/monitoring/metrics.go:101.2,103.12 2 0
github.com/hugoh/go-designs/resource-pool/internal/monitoring/metrics.go:107.33,111.37 2 0
github.com/hugoh/go-designs/resource-pool/internal/monitoring/metrics.go:111.37,113.3 1 0
github.com/hugoh/go-designs/resource-pool/internal/monitoring/metrics.go:115.2,115.19 1 0
github.com/hugoh/go-designs/resource-pool/internal/monitoring/metrics.go:119.45,123.6 3 0
github.com/hugoh/go-designs/resource-pool/internal/monitoring/metrics.go:123.6,124.10 1 0
github.com/hugoh/go-designs/resource-pool/internal/monitoring/metrics.go:125.19,129.41 4 0
github.com/hugoh/go-designs/resource-pool/internal/monitoring/metrics.go:129.41,130.38 1 0
github.com/hugoh/go-designs/resource-pool/internal/monitoring/metrics.go:130.38,132.6 1 0
github.com/hugoh/go-designs/resource-pool/internal/monitoring/metrics.go:134.4,135.17 2 0
github.com/hugoh/go-designs/resource-pool/internal/monitoring/metrics.go:136.21,137.10 1 0
github.com/hugoh/go-designs/resource-pool/internal/monitoring/metrics.go:143.126,157.48 3 0
github.com/hugoh/go-designs/resource-pool/internal/monitoring/metrics.go:157.48,160.3 1 0
github.com/hugoh/go-designs/resource-pool/internal/monitoring/metrics.go:161.2,168.42 4 0
github.com/hugoh/go-designs/resource-pool/internal/monitoring/metrics.go:168.42,169.52 1 0
github.com/hugoh/go-designs/resource-pool/internal/monitoring/metrics.go:169.52,171.4 1 0
github.com/hugoh/go-designs/resource-pool/internal/monitoring/metrics.go:176.62,180.47 3 0
github.com/hugoh/go-designs/resource-pool/internal/monitoring/metrics.go:180.47,182.3 1 0
github.com/hugoh/go-designs/resource-pool/internal/monitoring/metrics.go:185.2,186.29 2 0
github.com/hugoh/go-designs/resource-pool/internal/monitoring/metrics.go:186.29,188.3 1 0
github.com/hugoh/go-designs/resource-pool/internal/monitoring/metrics.go:189.2,189.15 1 0
github.com/hugoh/go-designs/resource-pool/internal/monitoring/metrics.go:193.83,198.71 4 0
github.com/hugoh/go-designs/resource-pool/internal/monitoring/metrics.go:198.71,199.42 1 0
github.com/hugoh/go-designs/resource-pool/internal/monitoring/metrics.go:199.42,201.4 1 0
github.com/hugoh/go-designs/resource-pool/internal/monitoring/metrics.go:203.2,203.15 1 0
github.com/hugoh/go-designs/resource-pool/internal/monitoring/metrics.go:207.65,211.39 3 0
github.com/hugoh/go-designs/resource-pool/internal/monitoring/metrics.go:211.39,212.26 1 0
github.com/hugoh/go-designs/resource-pool/internal/monitoring/metrics.go:212.26,217.4 4 0
github.com/hugoh/go-designs/resource-pool/internal/monitoring/metrics.go:219.2,219.25 1 0
github.com/hugoh/go-designs/resource-pool/internal/monitoring/metrics.go:223.60,238.39 11 0
github.com/hugoh/go-designs/resource-pool/internal/monitoring/metrics.go:238.39,239.18 1 0
github.com/hugoh/go-designs/resource-pool/internal/monitoring/metrics.go:239.18,241.4 1 0
github.com/hugoh/go-designs/resource-pool/internal/monitoring/metrics.go:241.9,243.4 1 0
github.com/hugoh/go-designs/resource-pool/internal/monitoring/metrics.go:244.3,245.34 2 0
github.com/hugoh/go-designs/resource-pool/internal/monitoring/metrics.go:248.2,253.30 4 0
github.com/hugoh/go-designs/resource-pool/internal/monitoring/metrics.go:253.30,255.3 1 0
github.com/hugoh/go-designs/resource-pool/internal/monitoring/metrics.go:256.2,259.34 3 0
github.com/hugoh/go-designs/resource-pool/internal/monitoring/metrics.go:259.34,261.3 1 0
github.com/hugoh/go-designs/resource-pool/internal/monitoring/metrics.go:262.2,264.14 2 0
github.com/hugoh/go-designs/resource-pool/internal/monitoring/metrics.go:268.31,270.2 1 0
github.com/hugoh/go-designs/resource-pool/internal/monitoring/metrics.go:276.44,278.2 1 0
github.com/hugoh/go-designs/resource-pool/internal/monitoring/metrics.go:281.59,285.2 2 0
github.com/hugoh/go-designs/resource-pool/internal/monitoring/metrics.go:298.131,307.2 1 0
github.com/hugoh/go-designs/resource-pool/internal/monitoring/metrics.go:310.61,314.2 2 0
github.com/hugoh/go-designs/resource-pool/internal/monitoring/metrics.go:323.89,328.2 1 0
github.com/hugoh/go-designs/resource-pool/internal/monitoring/metrics.go:331.63,335.2 2 0
github.com/hugoh/go-designs/resource-pool/internal/monitoring/metrics.go:364.136,372.2 1 0
github.com/hugoh/go-designs/resource-pool/internal/monitoring/metrics.go:375.40,378.12 2 0
github.com/hugoh/go-designs/resource-pool/internal/monitoring/metrics.go:378.12,382.7 3 0
github.com/hugoh/go-designs/resource-pool/internal/monitoring/metrics.go:382.7,383.11 1 0
github.com/hugoh/go-designs/resource-pool/internal/monitoring/metrics.go:384.20,385.14 1 0
github.com/hugoh/go-designs/resource-pool/internal/monitoring/metrics.go:386.22,388.11 2 0
github.com/hugoh/go-designs/resource-pool/internal/monitoring/metrics.go:393.2,393.12 1 0
github.com/hugoh/go-designs/resource-pool/internal/monitoring/metrics.go:397.39,400.2 2 0
github.com/hugoh/go-designs/resource-pool/internal/monitoring/metrics.go:403.40,405.2 1 0
github.com/hugoh/go-designs/resource-pool/internal/monitoring/metrics.go:408.34,411.16 2 0
github.com/hugoh/go-designs/resource-pool/internal/monitoring/metrics.go:411.16,414.3 2 0
github.com/hugoh/go-designs/resource-pool/internal/monitoring/metrics.go:416.2,416.34 1 0
github.com/hugoh/go-designs/resource-pool/internal/monitoring/metrics.go:416.34,417.28 1 0
github.com/hugoh/go-designs/resource-pool/internal/monitoring/metrics.go:417.28,418.12 1 0
github.com/hugoh/go-designs/resource-pool/internal/monitoring/metrics.go:421.3,422.17 2 0
github.com/hugoh/go-designs/resource-pool/internal/monitoring/metrics.go:422.17,423.12 1 0
github.com/hugoh/go-designs/resource-pool/internal/monitoring/metrics.go:427.3,427.26 1 0
github.com/hugoh/go-designs/resource-pool/internal/monitoring/metrics.go:427.26,439.4 1 0
github.com/hugoh/go-designs/resource-pool/internal/monitoring/metrics.go:457.115,464.2 1 0
github.com/hugoh/go-designs/resource-pool/internal/monitoring/metrics.go:467.41,470.12 2 0
github.com/hugoh/go-designs/resource-pool/internal/monitoring/metrics.go:470.12,474.7 3 0
github.com/hugoh/go-designs/resource-pool/internal/monitoring/metrics.go:474.7,475.11 1 0
github.com/hugoh/go-designs/resource-pool/internal/monitoring/metrics.go:476.20,477.14 1 0
github.com/hugoh/go-designs/resource-pool/internal/monitoring/metrics.go:478.22,480.11 2 0
github.com/hugoh/go-designs/resource-pool/internal/monitoring/metrics.go:485.2,485.12 1 0
github.com/hugoh/go-designs/resource-pool/internal/monitoring/metrics.go:489.40,492.2 2 0
github.com/hugoh/go-designs/resource-pool/internal/monitoring/metrics.go:495.41,497.2 1 0
github.com/hugoh/go-designs/resource-pool/internal/monitoring/metrics.go:500.35,502.16 2 0
github.com/hugoh/go-designs/resource-pool/internal/monitoring/metrics.go:502.16,504.3 1 0
github.com/hugoh/go-designs/resource-pool/internal/monitoring/metrics.go:507.2,507.24 1 0
github.com/hugoh/go-designs/resource-pool/internal/monitoring/metrics.go:507.24,517.3 1 0
github.com/hugoh/go-designs/resource-pool/internal/api/handlers.go:25.85,29.2 1 1
github.com/hugoh/go-designs/resource-pool/internal/api/handlers.go:32.65,38.2 5 0
github.com/hugoh/go-designs/resource-pool/internal/api/handlers.go:41.91,43.61 2 1
github.com/hugoh/go-designs/resource-pool/internal/api/handlers.go:43.61,46.3 2 1
github.com/hugoh/go-designs/resource-pool/internal/api/handlers.go:48.2,48.51 1 1
github.com/hugoh/go-designs/resource-pool/internal/api/handlers.go:48.51,51.3 2 1
github.com/hugoh/go-designs/resource-pool/internal/api/handlers.go:53.2,54.16 2 1
github.com/hugoh/go-designs/resource-pool/internal/api/handlers.go:54.16,57.3 2 1
github.com/hugoh/go-designs/resource-pool/internal/api/handlers.go:59.2,63.4 1 1
github.com/hugoh/go-designs/resource-pool/internal/api/handlers.go:67.91,71.16 3 1
github.com/hugoh/go-designs/resource-pool/internal/api/handlers.go:71.16,74.3 2 1
github.com/hugoh/go-designs/resource-pool/internal/api/handlers.go:76.2,77.16 2 1
github.com/hugoh/go-designs/resource-pool/internal/api/handlers.go:77.16,80.3 2 1
github.com/hugoh/go-designs/resource-pool/internal/api/handlers.go:82.2,85.4 1 1
github.com/hugoh/go-designs/resource-pool/internal/api/handlers.go:89.89,94.21 4 1
github.com/hugoh/go-designs/resource-pool/internal/api/handlers.go:94.21,96.17 2 1
github.com/hugoh/go-designs/resource-pool/internal/api/handlers.go:96.17,99.4 2 1
github.com/hugoh/go-designs/resource-pool/internal/api/handlers.go:100.3,100.14 1 1
github.com/hugoh/go-designs/resource-pool/internal/api/handlers.go:103.2,104.24 2 1
github.com/hugoh/go-designs/resource-pool/internal/api/handlers.go:104.24,106.3 1 1
github.com/hugoh/go-designs/resource-pool/internal/api/handlers.go:108.2,109.16 2 1
github.com/hugoh/go-designs/resource-pool/internal/api/handlers.go:109.16,112.3 2 0
github.com/hugoh/go-designs/resource-pool/internal/api/handlers.go:114.2,115.29 2 1
github.com/hugoh/go-designs/resource-pool/internal/api/handlers.go:115.29,117.3 1 1
github.com/hugoh/go-designs/resource-pool/internal/api/handlers.go:119.2,122.4 1 1
github.com/hugoh/go-designs/resource-pool/internal/api/handlers.go:126.87,131.16 4 0
github.com/hugoh/go-designs/resource-pool/internal/api/handlers.go:131.16,134.3 2 0
github.com/hugoh/go-designs/resource-pool/internal/api/handlers.go:137.2,142.4 2 0
github.com/hugoh/go-designs/resource-pool/internal/api/handlers.go:146.83,151.2 1 1
github.com/hugoh/go-designs/resource-pool/internal/api/handlers.go:163.239,171.2 1 1
github.com/hugoh/go-designs/resource-pool/internal/api/handlers.go:174.65,200.2 11 0
github.com/hugoh/go-designs/resource-pool/internal/api/handlers.go:203.82,204.54 1 1
github.com/hugoh/go-designs/resource-pool/internal/api/handlers.go:204.54,207.17 2 1
github.com/hugoh/go-designs/resource-pool/internal/api/handlers.go:207.17,210.4 2 1
github.com/hugoh/go-designs/resource-pool/internal/api/handlers.go:213.3,213.27 1 1
github.com/hugoh/go-designs/resource-pool/internal/api/handlers.go:213.27,216.22 2 0
github.com/hugoh/go-designs/resource-pool/internal/api/handlers.go:216.22,219.5 2 0
github.com/hugoh/go-designs/resource-pool/internal/api/handlers.go:220.4,222.10 3 0
github.com/hugoh/go-designs/resource-pool/internal/api/handlers.go:225.3,226.35 2 1
github.com/hugoh/go-designs/resource-pool/internal/api/handlers.go:226.35,229.4 2 1
github.com/hugoh/go-designs/resource-pool/internal/api/handlers.go:232.3,233.10 2 1
github.com/hugoh/go-designs/resource-pool/internal/api/handlers.go:233.10,236.4 2 0
github.com/hugoh/go-designs/resource-pool/internal/api/handlers.go:238.3,239.10 2 1
github.com/hugoh/go-designs/resource-pool/internal/api/handlers.go:239.10,242.4 2 0
github.com/hugoh/go-designs/resource-pool/internal/api/handlers.go:245.3,246.33 2 1
github.com/hugoh/go-designs/resource-pool/internal/api/handlers.go:251.94,255.16 3 1
github.com/hugoh/go-designs/resource-pool/internal/api/handlers.go:255.16,258.3 2 0
github.com/hugoh/go-designs/resource-pool/internal/api/handlers.go:261.2,262.32 2 1
github.com/hugoh/go-designs/resource-pool/internal/api/handlers.go:262.32,269.35 5 1
github.com/hugoh/go-designs/resource-pool/internal/api/handlers.go:269.35,277.31 5 0
github.com/hugoh/go-designs/resource-pool/internal/api/handlers.go:277.31,282.5 4 0
github.com/hugoh/go-designs/resource-pool/internal/api/handlers.go:284.4,304.23 3 0
github.com/hugoh/go-designs/resource-pool/internal/api/handlers.go:304.23,306.5 1 0
github.com/hugoh/go-designs/resource-pool/internal/api/handlers.go:309.3,322.4 1 1
github.com/hugoh/go-designs/resource-pool/internal/api/handlers.go:325.2,328.4 1 1
github.com/hugoh/go-designs/resource-pool/internal/api/handlers.go:332.92,338.16 5 1
github.com/hugoh/go-designs/resource-pool/internal/api/handlers.go:338.16,341.3 2 1
github.com/hugoh/go-designs/resource-pool/internal/api/handlers.go:343.2,343.39 1 1
github.com/hugoh/go-designs/resource-pool/internal/api/handlers.go:343.39,346.3 2 1
github.com/hugoh/go-designs/resource-pool/internal/api/handlers.go:349.2,351.34 3 1
github.com/hugoh/go-designs/resource-pool/internal/api/handlers.go:351.34,359.30 5 0
github.com/hugoh/go-designs/resource-pool/internal/api/handlers.go:359.30,364.4 4 0
github.com/hugoh/go-designs/resource-pool/internal/api/handlers.go:366.3,382.4 1 0
github.com/hugoh/go-designs/resource-pool/internal/api/handlers.go:385.2,389.24 3 1
github.com/hugoh/go-designs/resource-pool/internal/api/handlers.go:389.24,390.115 1 0
github.com/hugoh/go-designs/resource-pool/internal/api/handlers.go:390.115,392.4 1 0
github.com/hugoh/go-designs/resource-pool/internal/api/handlers.go:395.2,413.4 2 1
github.com/hugoh/go-designs/resource-pool/internal/api/handlers.go:417.96,423.16 5 0
github.com/hugoh/go-designs/resource-pool/internal/api/handlers.go:423.16,426.3 2 0
github.com/hugoh/go-designs/resource-pool/internal/api/handlers.go:428.2,428.39 1 0
github.com/hugoh/go-designs/resource-pool/internal/api/handlers.go:428.39,431.3 2 0
github.com/hugoh/go-designs/resource-pool/internal/api/handlers.go:433.2,434.16 2 0
github.com/hugoh/go-designs/resource-pool/internal/api/handlers.go:434.16,437.3 2 0
github.com/hugoh/go-designs/resource-pool/internal/api/handlers.go:439.2,442.4 1 0
github.com/hugoh/go-designs/resource-pool/internal/api/handlers.go:446.95,452.16 5 1
github.com/hugoh/go-designs/resource-pool/internal/api/handlers.go:452.16,455.3 2 1
github.com/hugoh/go-designs/resource-pool/internal/api/handlers.go:457.2,457.39 1 1
github.com/hugoh/go-designs/resource-pool/internal/api/handlers.go:457.39,460.3 2 0
github.com/hugoh/go-designs/resource-pool/internal/api/handlers.go:462.2,463.61 2 1
github.com/hugoh/go-designs/resource-pool/internal/api/handlers.go:463.61,466.3 2 1
github.com/hugoh/go-designs/resource-pool/internal/api/handlers.go:468.2,468.32 1 1
github.com/hugoh/go-designs/resource-pool/internal/api/handlers.go:468.32,471.3 2 1
github.com/hugoh/go-designs/resource-pool/internal/api/handlers.go:473.2,474.16 2 1
github.com/hugoh/go-designs/resource-pool/internal/api/handlers.go:474.16,477.3 2 0
github.com/hugoh/go-designs/resource-pool/internal/api/handlers.go:479.2,482.4 1 1
github.com/hugoh/go-designs/resource-pool/internal/api/handlers.go:486.91,488.61 2 0
github.com/hugoh/go-designs/resource-pool/internal/api/handlers.go:488.61,491.3 2 0
github.com/hugoh/go-designs/resource-pool/internal/api/handlers.go:493.2,494.21 2 0
github.com/hugoh/go-designs/resource-pool/internal/api/handlers.go:494.21,497.22 2 0
github.com/hugoh/go-designs/resource-pool/internal/api/handlers.go:497.22,500.4 2 0
github.com/hugoh/go-designs/resource-pool/internal/api/handlers.go:503.2,504.16 2 0
github.com/hugoh/go-designs/resource-pool/internal/api/handlers.go:504.16,507.3 2 0
github.com/hugoh/go-designs/resource-pool/internal/api/handlers.go:509.2,513.4 1 0
github.com/hugoh/go-designs/resource-pool/internal/api/handlers.go:517.91,519.16 2 0
github.com/hugoh/go-designs/resource-pool/internal/api/handlers.go:519.16,522.3 2 0
github.com/hugoh/go-designs/resource-pool/internal/api/handlers.go:524.2,527.4 1 0
github.com/hugoh/go-designs/resource-pool/internal/api/handlers.go:531.88,536.16 4 0
github.com/hugoh/go-designs/resource-pool/internal/api/handlers.go:536.16,539.3 2 0
github.com/hugoh/go-designs/resource-pool/internal/api/handlers.go:541.2,544.4 1 0
github.com/hugoh/go-designs/resource-pool/internal/api/handlers.go:548.93,553.16 4 0
github.com/hugoh/go-designs/resource-pool/internal/api/handlers.go:553.16,556.3 2 0
github.com/hugoh/go-designs/resource-pool/internal/api/handlers.go:558.2,561.4 1 0
github.com/hugoh/go-designs/resource-pool/internal/api/handlers.go:565.87,570.16 4 0
github.com/hugoh/go-designs/resource-pool/internal/api/handlers.go:570.16,573.3 2 0
github.com/hugoh/go-designs/resource-pool/internal/api/handlers.go:576.2,577.16 2 0
github.com/hugoh/go-designs/resource-pool/internal/api/handlers.go:577.16,580.3 2 0
github.com/hugoh/go-designs/resource-pool/internal/api/handlers.go:583.2,591.34 2 0
github.com/hugoh/go-designs/resource-pool/internal/api/handlers.go:591.34,591.55 1 0
github.com/hugoh/go-designs/resource-pool/internal/api/handlers.go:591.55,591.79 1 0
github.com/hugoh/go-designs/resource-pool/internal/api/handlers.go:591.81,591.90 1 0
github.com/hugoh/go-designs/resource-pool/internal/api/handlers.go:614.2,617.4 1 0
github.com/hugoh/go-designs/resource-pool/internal/api/handlers.go:622.100,624.21 2 0
github.com/hugoh/go-designs/resource-pool/internal/api/handlers.go:624.21,627.3 2 0
github.com/hugoh/go-designs/resource-pool/internal/api/handlers.go:630.2,631.16 2 0
github.com/hugoh/go-designs/resource-pool/internal/api/handlers.go:631.16,634.3 2 0
github.com/hugoh/go-designs/resource-pool/internal/api/handlers.go:636.2,637.35 2 0
github.com/hugoh/go-designs/resource-pool/internal/api/handlers.go:637.35,639.3 1 0
github.com/hugoh/go-designs/resource-pool/internal/api/handlers.go:641.2,645.4 1 0
github.com/hugoh/go-designs/resource-pool/internal/api/handlers.go:650.104,653.16 2 0
github.com/hugoh/go-designs/resource-pool/internal/api/handlers.go:653.16,656.3 2 0
github.com/hugoh/go-designs/resource-pool/internal/api/handlers.go:658.2,659.33 2 0
github.com/hugoh/go-designs/resource-pool/internal/api/handlers.go:659.33,661.3 1 0
github.com/hugoh/go-designs/resource-pool/internal/api/handlers.go:663.2,667.4 1 0
github.com/hugoh/go-designs/resource-pool/internal/api/handlers.go:691.20,700.2 1 1
github.com/hugoh/go-designs/resource-pool/internal/api/handlers.go:703.91,705.2 1 0
github.com/hugoh/go-designs/resource-pool/internal/api/handlers.go:708.67,710.2 1 0
github.com/hugoh/go-designs/resource-pool/internal/api/handlers.go:713.72,715.2 1 0
github.com/hugoh/go-designs/resource-pool/internal/api/handlers.go:718.62,777.2 39 0
github.com/hugoh/go-designs/resource-pool/internal/api/handlers.go:780.79,781.54 1 0
github.com/hugoh/go-designs/resource-pool/internal/api/handlers.go:781.54,784.17 2 0
github.com/hugoh/go-designs/resource-pool/internal/api/handlers.go:784.17,787.4 2 0
github.com/hugoh/go-designs/resource-pool/internal/api/handlers.go:790.3,790.27 1 0
github.com/hugoh/go-designs/resource-pool/internal/api/handlers.go:790.27,793.22 2 0
github.com/hugoh/go-designs/resource-pool/internal/api/handlers.go:793.22,796.5 2 0
github.com/hugoh/go-designs/resource-pool/internal/api/handlers.go:797.4,799.10 3 0
github.com/hugoh/go-designs/resource-pool/internal/api/handlers.go:802.3,803.35 2 0
github.com/hugoh/go-designs/resource-pool/internal/api/handlers.go:803.35,806.4 2 0
github.com/hugoh/go-designs/resource-pool/internal/api/handlers.go:809.3,810.10 2 0
github.com/hugoh/go-designs/resource-pool/internal/api/handlers.go:810.10,813.4 2 0
github.com/hugoh/go-designs/resource-pool/internal/api/handlers.go:815.3,816.10 2 0
github.com/hugoh/go-designs/resource-pool/internal/api/handlers.go:816.10,819.4 2 0
github.com/hugoh/go-designs/resource-pool/internal/api/handlers.go:822.3,823.33 2 0
github.com/hugoh/go-designs/resource-pool/internal/api/handlers.go:828.74,831.2 2 0
github.com/hugoh/go-designs/resource-pool/internal/api/handlers.go:834.86,840.23 4 0
github.com/hugoh/go-designs/resource-pool/internal/api/handlers.go:840.23,842.17 2 0
github.com/hugoh/go-designs/resource-pool/internal/api/handlers.go:842.17,845.4 2 0
github.com/hugoh/go-designs/resource-pool/internal/api/handlers.go:847.3,850.17 3 0
github.com/hugoh/go-designs/resource-pool/internal/api/handlers.go:850.17,852.4 1 0
github.com/hugoh/go-designs/resource-pool/internal/api/handlers.go:855.3,856.17 2 0
github.com/hugoh/go-designs/resource-pool/internal/api/handlers.go:856.17,863.33 1 0
github.com/hugoh/go-designs/resource-pool/internal/api/handlers.go:863.33,863.73 1 0
github.com/hugoh/go-designs/resource-pool/internal/api/handlers.go:863.73,863.112 1 0
github.com/hugoh/go-designs/resource-pool/internal/api/handlers.go:863.114,863.123 1 0
github.com/hugoh/go-designs/resource-pool/internal/api/handlers.go:866.4,867.40 2 0
github.com/hugoh/go-designs/resource-pool/internal/api/handlers.go:870.3,874.9 2 0
github.com/hugoh/go-designs/resource-pool/internal/api/handlers.go:877.2,878.21 2 0
github.com/hugoh/go-designs/resource-pool/internal/api/handlers.go:878.21,880.17 2 0
github.com/hugoh/go-designs/resource-pool/internal/api/handlers.go:880.17,883.4 2 0
github.com/hugoh/go-designs/resource-pool/internal/api/handlers.go:884.3,884.14 1 0
github.com/hugoh/go-designs/resource-pool/internal/api/handlers.go:885.8,889.3 2 0
github.com/hugoh/go-designs/resource-pool/internal/api/handlers.go:891.2,892.24 2 0
github.com/hugoh/go-designs/resource-pool/internal/api/handlers.go:892.24,894.3 1 0
github.com/hugoh/go-designs/resource-pool/internal/api/handlers.go:896.2,897.16 2 0
github.com/hugoh/go-designs/resource-pool/internal/api/handlers.go:897.16,900.3 2 0
github.com/hugoh/go-designs/resource-pool/internal/api/handlers.go:903.2,905.33 3 0
github.com/hugoh/go-designs/resource-pool/internal/api/handlers.go:905.33,907.3 1 0
github.com/hugoh/go-designs/resource-pool/internal/api/handlers.go:910.2,912.32 3 0
github.com/hugoh/go-designs/resource-pool/internal/api/handlers.go:912.32,914.3 1 0
github.com/hugoh/go-designs/resource-pool/internal/api/handlers.go:916.2,917.29 2 0
github.com/hugoh/go-designs/resource-pool/internal/api/handlers.go:917.29,920.50 2 0
github.com/hugoh/go-designs/resource-pool/internal/api/handlers.go:920.50,922.4 1 0
github.com/hugoh/go-designs/resource-pool/internal/api/handlers.go:924.3,924.57 1 0
github.com/hugoh/go-designs/resource-pool/internal/api/handlers.go:924.57,927.4 2 0
github.com/hugoh/go-designs/resource-pool/internal/api/handlers.go:928.3,928.38 1 0
github.com/hugoh/go-designs/resource-pool/internal/api/handlers.go:931.2,934.4 1 0
github.com/hugoh/go-designs/resource-pool/internal/api/handlers.go:938.84,943.16 4 0
github.com/hugoh/go-designs/resource-pool/internal/api/handlers.go:943.16,946.3 2 0
github.com/hugoh/go-designs/resource-pool/internal/api/handlers.go:948.2,951.16 3 0
github.com/hugoh/go-designs/resource-pool/internal/api/handlers.go:951.16,953.3 1 0
github.com/hugoh/go-designs/resource-pool/internal/api/handlers.go:956.2,957.16 2 0
github.com/hugoh/go-designs/resource-pool/internal/api/handlers.go:957.16,964.32 1 0
github.com/hugoh/go-designs/resource-pool/internal/api/handlers.go:964.32,964.72 1 0
github.com/hugoh/go-designs/resource-pool/internal/api/handlers.go:964.72,964.111 1 0
github.com/hugoh/go-designs/resource-pool/internal/api/handlers.go:964.113,964.122 1 0
github.com/hugoh/go-designs/resource-pool/internal/api/handlers.go:967.3,968.39 2 0
github.com/hugoh/go-designs/resource-pool/internal/api/handlers.go:971.2,974.4 1 0
github.com/hugoh/go-designs/resource-pool/internal/api/handlers.go:979.95,984.16 4 0
github.com/hugoh/go-designs/resource-pool/internal/api/handlers.go:984.16,987.3 2 0
github.com/hugoh/go-designs/resource-pool/internal/api/handlers.go:990.2,992.16 3 0
github.com/hugoh/go-designs/resource-pool/internal/api/handlers.go:992.16,995.3 2 0
github.com/hugoh/go-designs/resource-pool/internal/api/handlers.go:997.2,1000.4 1 0
github.com/hugoh/go-designs/resource-pool/internal/api/handlers.go:1004.88,1006.16 2 1
github.com/hugoh/go-designs/resource-pool/internal/api/handlers.go:1006.16,1009.3 2 0
github.com/hugoh/go-designs/resource-pool/internal/api/handlers.go:1011.2,1012.31 2 1
github.com/hugoh/go-designs/resource-pool/internal/api/handlers.go:1012.31,1017.17 3 1
github.com/hugoh/go-designs/resource-pool/internal/api/handlers.go:1017.17,1019.4 1 1
github.com/hugoh/go-designs/resource-pool/internal/api/handlers.go:1021.3,1022.17 2 1
github.com/hugoh/go-designs/resource-pool/internal/api/handlers.go:1022.17,1024.4 1 1
github.com/hugoh/go-designs/resource-pool/internal/api/handlers.go:1026.3,1028.26 2 1
github.com/hugoh/go-designs/resource-pool/internal/api/handlers.go:1031.2,1034.4 1 1
github.com/hugoh/go-designs/resource-pool/internal/api/handlers.go:1038.88,1040.61 2 1
github.com/hugoh/go-designs/resource-pool/internal/api/handlers.go:1040.61,1043.3 2 1
github.com/hugoh/go-designs/resource-pool/internal/api/handlers.go:1045.2,1045.20 1 1
github.com/hugoh/go-designs/resource-pool/internal/api/handlers.go:1045.20,1048.3 2 1
github.com/hugoh/go-designs/resource-pool/internal/api/handlers.go:1050.2,1051.24 2 1
github.com/hugoh/go-designs/resource-pool/internal/api/handlers.go:1051.24,1053.3 1 0
github.com/hugoh/go-designs/resource-pool/internal/api/handlers.go:1053.8,1055.3 1 1
github.com/hugoh/go-designs/resource-pool/internal/api/handlers.go:1057.2,1058.16 2 1
github.com/hugoh/go-designs/resource-pool/internal/api/handlers.go:1058.16,1061.3 2 1
github.com/hugoh/go-designs/resource-pool/internal/api/handlers.go:1063.2,1066.4 1 1
github.com/hugoh/go-designs/resource-pool/internal/api/handlers.go:1070.88,1075.61 4 0
github.com/hugoh/go-designs/resource-pool/internal/api/handlers.go:1075.61,1078.3 2 0
github.com/hugoh/go-designs/resource-pool/internal/api/handlers.go:1080.2,1081.16 2 0
github.com/hugoh/go-designs/resource-pool/internal/api/handlers.go:1081.16,1084.3 2 0
github.com/hugoh/go-designs/resource-pool/internal/api/handlers.go:1086.2,1086.20 1 0
github.com/hugoh/go-designs/resource-pool/internal/api/handlers.go:1086.20,1088.3 1 0
github.com/hugoh/go-designs/resource-pool/internal/api/handlers.go:1089.2,1089.27 1 0
github.com/hugoh/go-designs/resource-pool/internal/api/handlers.go:1089.27,1091.3 1 0
github.com/hugoh/go-designs/resource-pool/internal/api/handlers.go:1092.2,1092.24 1 0
github.com/hugoh/go-designs/resource-pool/internal/api/handlers.go:1092.24,1093.19 1 0
github.com/hugoh/go-designs/resource-pool/internal/api/handlers.go:1093.19,1095.4 1 0
github.com/hugoh/go-designs/resource-pool/internal/api/handlers.go:1095.9,1097.4 1 0
github.com/hugoh/go-designs/resource-pool/internal/api/handlers.go:1100.2,1101.16 2 0
github.com/hugoh/go-designs/resource-pool/internal/api/handlers.go:1101.16,1104.3 2 0
github.com/hugoh/go-designs/resource-pool/internal/api/handlers.go:1106.2,1109.4 1 0
github.com/hugoh/go-designs/resource-pool/internal/api/handlers.go:1113.88,1118.16 4 1
github.com/hugoh/go-designs/resource-pool/internal/api/handlers.go:1118.16,1121.3 2 1
github.com/hugoh/go-designs/resource-pool/internal/api/handlers.go:1123.2,1126.4 1 1
github.com/hugoh/go-designs/resource-pool/internal/api/handlers.go:1130.84,1132.16 2 0
github.com/hugoh/go-designs/resource-pool/internal/api/handlers.go:1132.16,1135.3 2 0
github.com/hugoh/go-designs/resource-pool/internal/api/handlers.go:1137.2,1138.27 2 0
github.com/hugoh/go-designs/resource-pool/internal/api/handlers.go:1138.27,1140.3 1 0
github.com/hugoh/go-designs/resource-pool/internal/api/handlers.go:1142.2,1145.4 1 0
github.com/hugoh/go-designs/resource-pool/internal/api/handlers.go:1149.82,1151.61 2 1
github.com/hugoh/go-designs/resource-pool/internal/api/handlers.go:1151.61,1154.3 2 1
github.com/hugoh/go-designs/resource-pool/internal/api/handlers.go:1156.2,1156.28 1 1
github.com/hugoh/go-designs/resource-pool/internal/api/handlers.go:1156.28,1159.3 2 1
github.com/hugoh/go-designs/resource-pool/internal/api/handlers.go:1161.2,1161.65 1 1
github.com/hugoh/go-designs/resource-pool/internal/api/handlers.go:1161.65,1164.3 2 1
github.com/hugoh/go-designs/resource-pool/internal/api/handlers.go:1166.2,1167.30 2 1
github.com/hugoh/go-designs/resource-pool/internal/api/handlers.go:1167.30,1169.3 1 0
github.com/hugoh/go-designs/resource-pool/internal/api/handlers.go:1170.2,1170.32 1 1
github.com/hugoh/go-designs/resource-pool/internal/api/handlers.go:1170.32,1172.3 1 0
github.com/hugoh/go-designs/resource-pool/internal/api/handlers.go:1174.2,1175.16 2 1
github.com/hugoh/go-designs/resource-pool/internal/api/handlers.go:1175.16,1178.3 2 0
github.com/hugoh/go-designs/resource-pool/internal/api/handlers.go:1180.2,1183.4 1 1
github.com/hugoh/go-designs/resource-pool/internal/api/handlers.go:1187.82,1192.16 4 1
github.com/hugoh/go-designs/resource-pool/internal/api/handlers.go:1192.16,1195.3 2 1
github.com/hugoh/go-designs/resource-pool/internal/api/handlers.go:1197.2,1200.4 1 1
github.com/hugoh/go-designs/resource-pool/internal/api/handlers.go:1204.90,1210.16 4 1
github.com/hugoh/go-designs/resource-pool/internal/api/handlers.go:1210.16,1213.3 2 0
github.com/hugoh/go-designs/resource-pool/internal/api/handlers.go:1215.2,1218.4 1 1
github.com/hugoh/go-designs/resource-pool/internal/api/handlers.go:1222.83,1225.2 2 1
github.com/hugoh/go-designs/resource-pool/internal/api/handlers.go:1228.98,1235.2 3 1
github.com/hugoh/go-designs/resource-pool/internal/api/handlers.go:1238.83,1241.2 2 1
github.com/hugoh/go-designs/resource-pool/internal/api/handlers.go:1244.98,1251.2 3 1
github.com/hugoh/go-designs/resource-pool/internal/api/handlers.go:1254.80,1257.2 2 1
github.com/hugoh/go-designs/resource-pool/internal/api/handlers.go:1260.95,1267.2 3 1
github.com/hugoh/go-designs/resource-pool/internal/api/handlers.go:1303.87,1308.16 4 0
github.com/hugoh/go-designs/resource-pool/internal/api/handlers.go:1308.16,1311.3 2 0
github.com/hugoh/go-designs/resource-pool/internal/api/handlers.go:1314.2,1315.21 2 0
github.com/hugoh/go-designs/resource-pool/internal/api/handlers.go:1315.21,1317.17 2 0
github.com/hugoh/go-designs/resource-pool/internal/api/handlers.go:1317.17,1320.4 2 0
github.com/hugoh/go-designs/resource-pool/internal/api/handlers.go:1321.3,1322.40 2 0
github.com/hugoh/go-designs/resource-pool/internal/api/handlers.go:1325.2,1328.4 1 0
github.com/hugoh/go-designs/resource-pool/internal/api/handlers.go:1333.87,1339.61 2 0
github.com/hugoh/go-designs/resource-pool/internal/api/handlers.go:1339.61,1342.3 2 0
github.com/hugoh/go-designs/resource-pool/internal/api/handlers.go:1345.2,1345.36 1 0
github.com/hugoh/go-designs/resource-pool/internal/api/handlers.go:1345.36,1348.3 2 0
github.com/hugoh/go-designs/resource-pool/internal/api/handlers.go:1351.2,1352.16 2 0
github.com/hugoh/go-designs/resource-pool/internal/api/handlers.go:1352.16,1355.3 2 0
github.com/hugoh/go-designs/resource-pool/internal/api/handlers.go:1358.2,1358.135 1 0
github.com/hugoh/go-designs/resource-pool/internal/api/handlers.go:1358.135,1361.3 2 0
github.com/hugoh/go-designs/resource-pool/internal/api/handlers.go:1364.2,1364.42 1 0
github.com/hugoh/go-designs/resource-pool/internal/api/handlers.go:1364.42,1367.3 2 0
github.com/hugoh/go-designs/resource-pool/internal/api/handlers.go:1370.2,1370.28 1 0
github.com/hugoh/go-designs/resource-pool/internal/api/handlers.go:1370.28,1372.17 2 0
github.com/hugoh/go-designs/resource-pool/internal/api/handlers.go:1372.17,1375.4 2 0
github.com/hugoh/go-designs/resource-pool/internal/api/handlers.go:1376.3,1376.15 1 0
github.com/hugoh/go-designs/resource-pool/internal/api/handlers.go:1380.2,1381.16 2 0
github.com/hugoh/go-designs/resource-pool/internal/api/handlers.go:1381.16,1384.3 2 0
github.com/hugoh/go-designs/resource-pool/internal/api/handlers.go:1387.2,1388.92 2 0
github.com/hugoh/go-designs/resource-pool/internal/api/handlers.go:1388.92,1390.3 1 0
github.com/hugoh/go-designs/resource-pool/internal/api/handlers.go:1391.2,1398.4 3 0
github.com/hugoh/go-designs/resource-pool/internal/api/handlers.go:1402.87,1407.16 4 0
github.com/hugoh/go-designs/resource-pool/internal/api/handlers.go:1407.16,1410.3 2 0
github.com/hugoh/go-designs/resource-pool/internal/api/handlers.go:1413.2,1413.51 1 0
github.com/hugoh/go-designs/resource-pool/internal/api/handlers.go:1413.51,1419.3 2 0
github.com/hugoh/go-designs/resource-pool/internal/api/handlers.go:1422.2,1422.100 1 0
github.com/hugoh/go-designs/resource-pool/internal/api/handlers.go:1422.100,1425.3 2 0
github.com/hugoh/go-designs/resource-pool/internal/api/handlers.go:1428.2,1430.16 3 0
github.com/hugoh/go-designs/resource-pool/internal/api/handlers.go:1430.16,1433.3 2 0
github.com/hugoh/go-designs/resource-pool/internal/api/handlers.go:1436.2,1436.40 1 0
github.com/hugoh/go-designs/resource-pool/internal/api/handlers.go:1436.40,1437.13 1 0
github.com/hugoh/go-designs/resource-pool/internal/api/handlers.go:1437.13,1439.116 2 0
github.com/hugoh/go-designs/resource-pool/internal/api/handlers.go:1439.116,1443.5 3 0
github.com/hugoh/go-designs/resource-pool/internal/api/handlers.go:1447.2,1450.4 1 0
github.com/hugoh/go-designs/resource-pool/internal/api/handlers.go:1454.95,1462.16 5 0
github.com/hugoh/go-designs/resource-pool/internal/api/handlers.go:1462.16,1465.3 2 0
github.com/hugoh/go-designs/resource-pool/internal/api/handlers.go:1468.2,1469.33 2 0
github.com/hugoh/go-designs/resource-pool/internal/api/handlers.go:1469.33,1471.22 1 0
github.com/hugoh/go-designs/resource-pool/internal/api/handlers.go:1471.22,1473.43 2 0
github.com/hugoh/go-designs/resource-pool/internal/api/handlers.go:1473.43,1474.13 1 0
github.com/hugoh/go-designs/resource-pool/internal/api/handlers.go:1479.3,1479.25 1 0
github.com/hugoh/go-designs/resource-pool/internal/api/handlers.go:1479.25,1482.41 2 0
github.com/hugoh/go-designs/resource-pool/internal/api/handlers.go:1482.41,1484.5 1 0
github.com/hugoh/go-designs/resource-pool/internal/api/handlers.go:1484.10,1484.49 1 0
github.com/hugoh/go-designs/resource-pool/internal/api/handlers.go:1484.49,1486.5 1 0
github.com/hugoh/go-designs/resource-pool/internal/api/handlers.go:1486.10,1487.13 1 0
github.com/hugoh/go-designs/resource-pool/internal/api/handlers.go:1489.4,1489.39 1 0
github.com/hugoh/go-designs/resource-pool/internal/api/handlers.go:1489.39,1490.13 1 0
github.com/hugoh/go-designs/resource-pool/internal/api/handlers.go:1495.3,1495.19 1 0
github.com/hugoh/go-designs/resource-pool/internal/api/handlers.go:1495.19,1497.73 1 0
github.com/hugoh/go-designs/resource-pool/internal/api/handlers.go:1497.73,1498.13 1 0
github.com/hugoh/go-designs/resource-pool/internal/api/handlers.go:1502.3,1502.36 1 0
github.com/hugoh/go-designs/resource-pool/internal/api/handlers.go:1505.2,1506.32 2 0
github.com/hugoh/go-designs/resource-pool/internal/api/handlers.go:1506.32,1508.3 1 0
github.com/hugoh/go-designs/resource-pool/internal/api/handlers.go:1510.2,1515.4 1 0
github.com/hugoh/go-designs/resource-pool/internal/api/handlers.go:1519.96,1521.61 2 0
github.com/hugoh/go-designs/resource-pool/internal/api/handlers.go:1521.61,1524.3 2 0
github.com/hugoh/go-designs/resource-pool/internal/api/handlers.go:1527.2,1527.20 1 0
github.com/hugoh/go-designs/resource-pool/internal/api/handlers.go:1527.20,1530.3 2 0
github.com/hugoh/go-designs/resource-pool/internal/api/handlers.go:1531.2,1531.28 1 0
github.com/hugoh/go-designs/resource-pool/internal/api/handlers.go:1531.28,1534.3 2 0
github.com/hugoh/go-designs/resource-pool/internal/api/handlers.go:1535.2,1535.20 1 0
github.com/hugoh/go-designs/resource-pool/internal/api/handlers.go:1535.20,1538.3 2 0
github.com/hugoh/go-designs/resource-pool/internal/api/handlers.go:1541.2,1542.43 2 0
github.com/hugoh/go-designs/resource-pool/internal/api/handlers.go:1542.43,1545.3 2 0
github.com/hugoh/go-designs/resource-pool/internal/api/handlers.go:1547.2,1547.22 1 0
github.com/hugoh/go-designs/resource-pool/internal/api/handlers.go:1547.22,1550.3 2 0
github.com/hugoh/go-designs/resource-pool/internal/api/handlers.go:1553.2,1554.21 2 0
github.com/hugoh/go-designs/resource-pool/internal/api/handlers.go:1554.21,1556.3 1 0
github.com/hugoh/go-designs/resource-pool/internal/api/handlers.go:1559.2,1565.26 3 0
github.com/hugoh/go-designs/resource-pool/internal/api/handlers.go:1566.25,1567.51 1 0
github.com/hugoh/go-designs/resource-pool/internal/api/handlers.go:1568.26,1569.44 1 0
github.com/hugoh/go-designs/resource-pool/internal/api/handlers.go:1570.10,1572.9 2 0
github.com/hugoh/go-designs/resource-pool/internal/api/handlers.go:1575.2,1579.19 3 0
github.com/hugoh/go-designs/resource-pool/internal/api/handlers.go:1579.19,1581.3 1 0
github.com/hugoh/go-designs/resource-pool/internal/api/handlers.go:1583.2,1583.55 1 0
github.com/hugoh/go-designs/resource-pool/internal/api/handlers.go:1583.55,1585.27 1 0
github.com/hugoh/go-designs/resource-pool/internal/api/handlers.go:1585.27,1588.4 2 0
github.com/hugoh/go-designs/resource-pool/internal/api/handlers.go:1589.3,1603.4 1 0
github.com/hugoh/go-designs/resource-pool/internal/api/handlers.go:1604.8,1608.26 2 0
github.com/hugoh/go-designs/resource-pool/internal/api/handlers.go:1608.26,1610.4 1 0
github.com/hugoh/go-designs/resource-pool/internal/api/handlers.go:1611.3,1625.4 1 0
github.com/hugoh/go-designs/resource-pool/internal/api/handlers.go:1629.2,1629.75 1 0
github.com/hugoh/go-designs/resource-pool/internal/api/handlers.go:1629.75,1632.3 2 0
github.com/hugoh/go-designs/resource-pool/internal/api/handlers.go:1635.2,1635.23 1 0
github.com/hugoh/go-designs/resource-pool/internal/api/handlers.go:1635.23,1636.24 1 0
github.com/hugoh/go-designs/resource-pool/internal/api/handlers.go:1636.24,1639.15 3 0
github.com/hugoh/go-designs/resource-pool/internal/api/handlers.go:1639.15,1641.5 1 0
github.com/hugoh/go-designs/resource-pool/internal/api/handlers.go:1641.10,1643.5 1 0
github.com/hugoh/go-designs/resource-pool/internal/api/handlers.go:1644.4,1644.90 1 0
github.com/hugoh/go-designs/resource-pool/internal/api/handlers.go:1644.90,1646.5 1 0
github.com/hugoh/go-designs/resource-pool/internal/api/handlers.go:1650.2,1654.4 1 0
github.com/hugoh/go-designs/resource-pool/internal/api/handlers.go:1658.96,1664.16 4 0
github.com/hugoh/go-designs/resource-pool/internal/api/handlers.go:1664.16,1667.3 2 0
github.com/hugoh/go-designs/resource-pool/internal/api/handlers.go:1669.2,1670.61 2 0
github.com/hugoh/go-designs/resource-pool/internal/api/handlers.go:1670.61,1673.3 2 0
github.com/hugoh/go-designs/resource-pool/internal/api/handlers.go:1676.2,1676.20 1 0
github.com/hugoh/go-designs/resource-pool/internal/api/handlers.go:1676.21,1678.3 0 0
github.com/hugoh/go-designs/resource-pool/internal/api/handlers.go:1679.2,1679.20 1 0
github.com/hugoh/go-designs/resource-pool/internal/api/handlers.go:1679.20,1682.77 2 0
github.com/hugoh/go-designs/resource-pool/internal/api/handlers.go:1682.77,1685.4 2 0
github.com/hugoh/go-designs/resource-pool/internal/api/handlers.go:1686.3,1686.32 1 0
github.com/hugoh/go-designs/resource-pool/internal/api/handlers.go:1688.2,1688.21 1 0
github.com/hugoh/go-designs/resource-pool/internal/api/handlers.go:1688.21,1690.3 1 0
github.com/hugoh/go-designs/resource-pool/internal/api/handlers.go:1691.2,1691.23 1 0
github.com/hugoh/go-designs/resource-pool/internal/api/handlers.go:1691.23,1693.3 1 0
github.com/hugoh/go-designs/resource-pool/internal/api/handlers.go:1694.2,1694.24 1 0
github.com/hugoh/go-designs/resource-pool/internal/api/handlers.go:1694.24,1696.3 1 0
github.com/hugoh/go-designs/resource-pool/internal/api/handlers.go:1697.2,1697.27 1 0
github.com/hugoh/go-designs/resource-pool/internal/api/handlers.go:1697.27,1699.3 1 0
github.com/hugoh/go-designs/resource-pool/internal/api/handlers.go:1700.2,1700.28 1 0
github.com/hugoh/go-designs/resource-pool/internal/api/handlers.go:1700.28,1702.3 1 0
github.com/hugoh/go-designs/resource-pool/internal/api/handlers.go:1703.2,1703.25 1 0
github.com/hugoh/go-designs/resource-pool/internal/api/handlers.go:1703.25,1705.3 1 0
github.com/hugoh/go-designs/resource-pool/internal/api/handlers.go:1707.2,1707.22 1 0
github.com/hugoh/go-designs/resource-pool/internal/api/handlers.go:1707.22,1709.17 2 0
github.com/hugoh/go-designs/resource-pool/internal/api/handlers.go:1709.17,1711.4 1 0
github.com/hugoh/go-designs/resource-pool/internal/api/handlers.go:1714.2,1717.75 2 0
github.com/hugoh/go-designs/resource-pool/internal/api/handlers.go:1717.75,1720.3 2 0
github.com/hugoh/go-designs/resource-pool/internal/api/handlers.go:1722.2,1726.4 1 0
github.com/hugoh/go-designs/resource-pool/internal/api/handlers.go:1730.96,1736.16 4 0
github.com/hugoh/go-designs/resource-pool/internal/api/handlers.go:1736.16,1739.3 2 0
github.com/hugoh/go-designs/resource-pool/internal/api/handlers.go:1745.2,1745.78 1 0
github.com/hugoh/go-designs/resource-pool/internal/api/handlers.go:1745.78,1748.3 2 0
github.com/hugoh/go-designs/resource-pool/internal/api/handlers.go:1750.2,1753.4 1 0
github.com/hugoh/go-designs/resource-pool/internal/api/handlers.go:1757.96,1767.61 4 0
github.com/hugoh/go-designs/resource-pool/internal/api/handlers.go:1767.61,1770.3 2 0
github.com/hugoh/go-designs/resource-pool/internal/api/handlers.go:1773.2,1774.16 2 0
github.com/hugoh/go-designs/resource-pool/internal/api/handlers.go:1774.16,1777.3 2 0
github.com/hugoh/go-designs/resource-pool/internal/api/handlers.go:1779.2,1782.4 1 0
github.com/hugoh/go-designs/resource-pool/internal/api/handlers.go:1786.101,1792.16 4 0
github.com/hugoh/go-designs/resource-pool/internal/api/handlers.go:1792.16,1795.3 2 0
github.com/hugoh/go-designs/resource-pool/internal/api/handlers.go:1798.2,1798.23 1 0
github.com/hugoh/go-designs/resource-pool/internal/api/handlers.go:1798.23,1801.3 2 0
github.com/hugoh/go-designs/resource-pool/internal/api/handlers.go:1804.2,1810.13 5 0
github.com/hugoh/go-designs/resource-pool/internal/api/handlers.go:1810.13,1814.3 3 0
github.com/hugoh/go-designs/resource-pool/internal/api/handlers.go:1814.8,1818.3 3 0
github.com/hugoh/go-designs/resource-pool/internal/api/handlers.go:1821.2,1821.88 1 0
github.com/hugoh/go-designs/resource-pool/internal/api/handlers.go:1821.88,1824.3 1 0
github.com/hugoh/go-designs/resource-pool/internal/api/handlers.go:1827.2,1838.4 2 0
github.com/hugoh/go-designs/resource-pool/internal/api/handlers.go:1849.104,1851.61 2 0
github.com/hugoh/go-designs/resource-pool/internal/api/handlers.go:1851.61,1854.3 2 0
github.com/hugoh/go-designs/resource-pool/internal/api/handlers.go:1857.2,1857.61 1 0
github.com/hugoh/go-designs/resource-pool/internal/api/handlers.go:1857.61,1860.3 2 0
github.com/hugoh/go-designs/resource-pool/internal/api/handlers.go:1863.2,1863.23 1 0
github.com/hugoh/go-designs/resource-pool/internal/api/handlers.go:1863.23,1866.3 2 0
github.com/hugoh/go-designs/resource-pool/internal/api/handlers.go:1869.2,1871.13 2 0
github.com/hugoh/go-designs/resource-pool/internal/api/handlers.go:1871.13,1878.3 1 0
github.com/hugoh/go-designs/resource-pool/internal/api/handlers.go:1878.8,1885.3 1 0
github.com/hugoh/go-designs/resource-pool/internal/api/handlers.go:1889.91,1891.16 2 0
github.com/hugoh/go-designs/resource-pool/internal/api/handlers.go:1891.16,1894.3 2 0
github.com/hugoh/go-designs/resource-pool/internal/api/handlers.go:1896.2,1899.4 1 0
github.com/hugoh/go-designs/resource-pool/internal/api/handlers.go:1903.91,1917.61 2 0
github.com/hugoh/go-designs/resource-pool/internal/api/handlers.go:1917.61,1920.3 2 0
github.com/hugoh/go-designs/resource-pool/internal/api/handlers.go:1922.2,1922.28 1 0
github.com/hugoh/go-designs/resource-pool/internal/api/handlers.go:1922.28,1925.3 2 0
github.com/hugoh/go-designs/resource-pool/internal/api/handlers.go:1928.2,1929.29 2 0
github.com/hugoh/go-designs/resource-pool/internal/api/handlers.go:1929.29,1930.29 1 0
github.com/hugoh/go-designs/resource-pool/internal/api/handlers.go:1930.29,1933.4 2 0
github.com/hugoh/go-designs/resource-pool/internal/api/handlers.go:1934.3,1934.35 1 0
[...]
github.com/hugoh/go-designs/resource-pool/internal/service/init.go:134.30,135.86 1 0
github.com/hugoh/go-designs/resource-pool/internal/service/init.go:135.86,138.5 2 0
github.com/hugoh/go-designs/resource-pool/internal/service/init.go:143.2,149.16 6 0
github.com/hugoh/go-designs/resource-pool/internal/service/init.go:149.16,151.3 1 0
github.com/hugoh/go-designs/resource-pool/internal/service/init.go:153.2,156.12 2 0
github.com/hugoh/go-designs/resource-pool/internal/service/init.go:160.55,162.2 1 0
github.com/hugoh/go-designs/resource-pool/internal/service/init.go:165.40,167.2 1 1
github.com/hugoh/go-designs/resource-pool/internal/service/service.go:102.23,103.29 1 1
github.com/hugoh/go-designs/resource-pool/internal/service/service.go:103.29,105.3 1 0
github.com/hugoh/go-designs/resource-pool/internal/service/service.go:107.2,116.3 1 1
github.com/hugoh/go-designs/resource-pool/internal/service/service.go:125.148,128.16 2 1
github.com/hugoh/go-designs/resource-pool/internal/service/service.go:128.16,130.3 1 0
github.com/hugoh/go-designs/resource-pool/internal/service/service.go:131.2,131.27 1 1
github.com/hugoh/go-designs/resource-pool/internal/service/service.go:131.27,133.3 1 0
github.com/hugoh/go-designs/resource-pool/internal/service/service.go:136.2,138.13 3 1
github.com/hugoh/go-designs/resource-pool/internal/service/service.go:138.13,140.3 1 1
github.com/hugoh/go-designs/resource-pool/internal/service/service.go:140.8,142.3 1 0
github.com/hugoh/go-designs/resource-pool/internal/service/service.go:145.2,146.16 2 1
github.com/hugoh/go-designs/resource-pool/internal/service/service.go:146.16,148.3 1 0
github.com/hugoh/go-designs/resource-pool/internal/service/service.go:151.2,152.16 2 1
github.com/hugoh/go-designs/resource-pool/internal/service/service.go:152.16,154.3 1 0
github.com/hugoh/go-designs/resource-pool/internal/service/service.go:156.2,156.38 1 1
github.com/hugoh/go-designs/resource-pool/internal/service/service.go:156.38,158.3 1 0
github.com/hugoh/go-designs/resource-pool/internal/service/service.go:160.2,165.16 3 1
github.com/hugoh/go-designs/resource-pool/internal/service/service.go:165.16,167.3 1 0
github.com/hugoh/go-designs/resource-pool/internal/service/service.go:169.2,169.33 1 1
github.com/hugoh/go-designs/resource-pool/internal/service/service.go:169.33,171.3 1 0
github.com/hugoh/go-designs/resource-pool/internal/service/service.go:174.2,175.35 2 1
github.com/hugoh/go-designs/resource-pool/internal/service/service.go:175.35,177.3 1 1
github.com/hugoh/go-designs/resource-pool/internal/service/service.go:181.2,183.44 2 1
github.com/hugoh/go-designs/resource-pool/internal/service/service.go:183.44,187.17 3 1
github.com/hugoh/go-designs/resource-pool/internal/service/service.go:187.17,189.12 2 0
github.com/hugoh/go-designs/resource-pool/internal/service/service.go:193.3,194.17 2 1
github.com/hugoh/go-designs/resource-pool/internal/service/service.go:194.17,198.12 3 0
github.com/hugoh/go-designs/resource-pool/internal/service/service.go:201.3,201.14 1 1
github.com/hugoh/go-designs/resource-pool/internal/service/service.go:201.14,207.18 3 1
github.com/hugoh/go-designs/resource-pool/internal/service/service.go:207.18,209.5 1 0
github.com/hugoh/go-designs/resource-pool/internal/service/service.go:212.4,213.18 2 1
github.com/hugoh/go-designs/resource-pool/internal/service/service.go:213.18,215.5 1 0
github.com/hugoh/go-designs/resource-pool/internal/service/service.go:217.4,218.42 2 1
github.com/hugoh/go-designs/resource-pool/internal/service/service.go:223.3,224.66 2 0
github.com/hugoh/go-designs/resource-pool/internal/service/service.go:228.2,228.20 1 0
github.com/hugoh/go-designs/resource-pool/internal/service/service.go:228.20,230.3 1 0
github.com/hugoh/go-designs/resource-pool/internal/service/service.go:231.2,231.127 1 0
github.com/hugoh/go-designs/resource-pool/internal/service/service.go:235.188,238.22 2 0
github.com/hugoh/go-designs/resource-pool/internal/service/service.go:238.22,240.3 1 0
github.com/hugoh/go-designs/resource-pool/internal/service/service.go:241.2,244.16 3 0
github.com/hugoh/go-designs/resource-pool/internal/service/service.go:244.16,246.3 1 0
github.com/hugoh/go-designs/resource-pool/internal/service/service.go:249.2,250.16 2 0
github.com/hugoh/go-designs/resource-pool/internal/service/service.go:250.16,252.3 1 0
github.com/hugoh/go-designs/resource-pool/internal/service/service.go:253.2,253.14 1 0
github.com/hugoh/go-designs/resource-pool/internal/service/service.go:253.14,256.3 1 0
github.com/hugoh/go-designs/resource-pool/internal/service/service.go:259.2,261.16 3 0
github.com/hugoh/go-designs/resource-pool/internal/service/service.go:261.16,263.3 1 0
github.com/hugoh/go-designs/resource-pool/internal/service/service.go:266.2,267.16 2 0
github.com/hugoh/go-designs/resource-pool/internal/service/service.go:267.16,269.3 1 0
github.com/hugoh/go-designs/resource-pool/internal/service/service.go:271.2,273.33 2 0
github.com/hugoh/go-designs/resource-pool/internal/service/service.go:277.99,279.104 1 1
github.com/hugoh/go-designs/resource-pool/internal/service/service.go:279.104,281.3 1 1
github.com/hugoh/go-designs/resource-pool/internal/service/service.go:284.2,285.16 2 0
github.com/hugoh/go-designs/resource-pool/internal/service/service.go:285.16,287.3 1 0
github.com/hugoh/go-designs/resource-pool/internal/service/service.go:289.2,289.28 1 0
github.com/hugoh/go-designs/resource-pool/internal/service/service.go:289.28,291.3 1 0
github.com/hugoh/go-designs/resource-pool/internal/service/service.go:293.2,295.16 3 0
github.com/hugoh/go-designs/resource-pool/internal/service/service.go:295.16,297.3 1 0
github.com/hugoh/go-designs/resource-pool/internal/service/service.go:299.2,299.18 1 0
github.com/hugoh/go-designs/resource-pool/internal/service/service.go:303.100,306.16 2 1
github.com/hugoh/go-designs/resource-pool/internal/service/service.go:306.16,308.3 1 0
github.com/hugoh/go-designs/resource-pool/internal/service/service.go:310.2,310.29 1 1
github.com/hugoh/go-designs/resource-pool/internal/service/service.go:310.29,312.3 1 0
github.com/hugoh/go-designs/resource-pool/internal/service/service.go:315.2,316.16 2 1
github.com/hugoh/go-designs/resource-pool/internal/service/service.go:316.16,318.3 1 0
github.com/hugoh/go-designs/resource-pool/internal/service/service.go:321.2,323.16 3 1
github.com/hugoh/go-designs/resource-pool/internal/service/service.go:323.16,325.3 1 0
github.com/hugoh/go-designs/resource-pool/internal/service/service.go:328.2,329.16 2 1
github.com/hugoh/go-designs/resource-pool/internal/service/service.go:329.16,331.3 1 0
github.com/hugoh/go-designs/resource-pool/internal/service/service.go:334.2,337.12 3 1
github.com/hugoh/go-designs/resource-pool/internal/service/service.go:342.75,347.16 3 1
github.com/hugoh/go-designs/resource-pool/internal/service/service.go:347.16,351.3 3 0
github.com/hugoh/go-designs/resource-pool/internal/service/service.go:354.2,361.16 3 1
github.com/hugoh/go-designs/resource-pool/internal/service/service.go:361.16,363.3 1 0
github.com/hugoh/go-designs/resource-pool/internal/service/service.go:366.2,370.79 3 1
github.com/hugoh/go-designs/resource-pool/internal/service/service.go:370.79,375.17 4 1
github.com/hugoh/go-designs/resource-pool/internal/service/service.go:375.17,381.4 3 0
github.com/hugoh/go-designs/resource-pool/internal/service/service.go:381.9,386.4 3 1
github.com/hugoh/go-designs/resource-pool/internal/service/service.go:387.8,391.3 2 0
github.com/hugoh/go-designs/resource-pool/internal/service/service.go:394.2,394.31 1 1
github.com/hugoh/go-designs/resource-pool/internal/service/service.go:398.79,401.16 3 1
github.com/hugoh/go-designs/resource-pool/internal/service/service.go:401.16,403.3 1 0
github.com/hugoh/go-designs/resource-pool/internal/service/service.go:407.125,409.16 2 1
github.com/hugoh/go-designs/resource-pool/internal/service/service.go:409.16,411.3 1 0
github.com/hugoh/go-designs/resource-pool/internal/service/service.go:413.2,413.28 1 1
github.com/hugoh/go-designs/resource-pool/internal/service/service.go:413.28,415.3 1 0
github.com/hugoh/go-designs/resource-pool/internal/service/service.go:418.2,418.33 1 1
github.com/hugoh/go-designs/resource-pool/internal/service/service.go:418.33,421.3 2 1
github.com/hugoh/go-designs/resource-pool/internal/service/service.go:423.2,424.16 2 1
github.com/hugoh/go-designs/resource-pool/internal/service/service.go:424.16,426.3 1 0
github.com/hugoh/go-designs/resource-pool/internal/service/service.go:428.2,429.12 2 1
github.com/hugoh/go-designs/resource-pool/internal/service/service.go:433.90,435.2 1 0
github.com/hugoh/go-designs/resource-pool/internal/service/service.go:438.101,440.2 1 0
github.com/hugoh/go-designs/resource-pool/internal/service/service.go:443.84,445.2 1 0
github.com/hugoh/go-designs/resource-pool/internal/service/service.go:448.127,449.42 1 0
github.com/hugoh/go-designs/resource-pool/internal/service/service.go:449.42,452.17 2 0
github.com/hugoh/go-designs/resource-pool/internal/service/service.go:452.17,454.4 1 0
github.com/hugoh/go-designs/resource-pool/internal/service/service.go:455.3,456.25 2 0
github.com/hugoh/go-designs/resource-pool/internal/service/service.go:456.25,457.27 1 0
github.com/hugoh/go-designs/resource-pool/internal/service/service.go:457.27,459.5 1 0
github.com/hugoh/go-designs/resource-pool/internal/service/service.go:461.3,461.23 1 0
github.com/hugoh/go-designs/resource-pool/internal/service/service.go:464.2,464.19 1 0
github.com/hugoh/go-designs/resource-pool/internal/service/service.go:464.19,466.3 1 0
github.com/hugoh/go-designs/resource-pool/internal/service/service.go:468.2,468.25 1 0
github.com/hugoh/go-designs/resource-pool/internal/service/service.go:468.25,470.3 1 0
github.com/hugoh/go-designs/resource-pool/internal/service/service.go:472.2,472.40 1 0
github.com/hugoh/go-designs/resource-pool/internal/service/service.go:476.86,478.2 1 1
github.com/hugoh/go-designs/resource-pool/internal/service/service.go:481.80,483.2 1 1
github.com/hugoh/go-designs/resource-pool/internal/service/service.go:486.83,489.35 2 1
github.com/hugoh/go-designs/resource-pool/internal/service/service.go:489.35,491.3 1 0
github.com/hugoh/go-designs/resource-pool/internal/service/service.go:493.2,493.51 1 1
github.com/hugoh/go-designs/resource-pool/internal/service/service.go:497.83,499.2 1 0
github.com/hugoh/go-designs/resource-pool/internal/service/service.go:502.69,505.16 2 0
github.com/hugoh/go-designs/resource-pool/internal/service/service.go:505.16,507.3 1 0
github.com/hugoh/go-designs/resource-pool/internal/service/service.go:509.2,509.54 1 0
github.com/hugoh/go-designs/resource-pool/internal/service/service.go:513.100,515.2 1 1
github.com/hugoh/go-designs/resource-pool/internal/service/service.go:518.84,521.16 2 1
github.com/hugoh/go-designs/resource-pool/internal/service/service.go:521.16,523.3 1 0
github.com/hugoh/go-designs/resource-pool/internal/service/service.go:526.2,527.35 2 1
github.com/hugoh/go-designs/resource-pool/internal/service/service.go:527.35,532.3 3 0
github.com/hugoh/go-designs/resource-pool/internal/service/service.go:535.2,535.49 1 1
github.com/hugoh/go-designs/resource-pool/internal/service/service.go:539.86,541.2 1 0
github.com/hugoh/go-designs/resource-pool/internal/service/service.go:544.127,547.16 2 0
github.com/hugoh/go-designs/resource-pool/internal/service/service.go:547.16,549.3 1 0
github.com/hugoh/go-designs/resource-pool/internal/service/service.go:551.2,551.34 1 0
github.com/hugoh/go-designs/resource-pool/internal/service/service.go:551.34,553.3 1 0
github.com/hugoh/go-designs/resource-pool/internal/service/service.go:555.2,555.42 1 0
github.com/hugoh/go-designs/resource-pool/internal/service/service.go:555.42,557.3 1 0
github.com/hugoh/go-designs/resource-pool/internal/service/service.go:560.2,567.16 3 0
github.com/hugoh/go-designs/resource-pool/internal/service/service.go:567.16,569.3 1 0
github.com/hugoh/go-designs/resource-pool/internal/service/service.go:572.2,588.16 5 0
github.com/hugoh/go-designs/resource-pool/internal/service/service.go:588.16,593.3 3 0
github.com/hugoh/go-designs/resource-pool/internal/service/service.go:595.2,595.21 1 0
github.com/hugoh/go-designs/resource-pool/internal/service/service.go:595.21,600.3 3 0
github.com/hugoh/go-designs/resource-pool/internal/service/service.go:603.2,605.39 3 0
github.com/hugoh/go-designs/resource-pool/internal/service/service.go:605.39,606.34 1 0
github.com/hugoh/go-designs/resource-pool/internal/service/service.go:606.34,607.19 1 0
github.com/hugoh/go-designs/resource-pool/internal/service/service.go:607.19,611.10 4 0
github.com/hugoh/go-designs/resource-pool/internal/service/service.go:617.2,619.35 3 0
github.com/hugoh/go-designs/resource-pool/internal/service/service.go:619.35,621.3 1 0
github.com/hugoh/go-designs/resource-pool/internal/service/service.go:624.2,635.16 3 0
github.com/hugoh/go-designs/resource-pool/internal/service/service.go:635.16,640.3 3 0
github.com/hugoh/go-designs/resource-pool/internal/service/service.go:643.2,645.16 3 0
github.com/hugoh/go-designs/resource-pool/internal/service/service.go:645.16,647.3 1 0
github.com/hugoh/go-designs/resource-pool/internal/service/service.go:650.2,660.21 5 0
github.com/hugoh/go-designs/resource-pool/internal/service/service.go:664.94,666.2 1 0
github.com/hugoh/go-designs/resource-pool/internal/service/service.go:669.157,672.2 2 0
github.com/hugoh/go-designs/resource-pool/internal/service/service.go:675.102,677.2 1 0
github.com/hugoh/go-designs/resource-pool/internal/service/service.go:680.88,682.2 1 0
github.com/hugoh/go-designs/resource-pool/internal/service/service.go:685.80,688.16 2 0
github.com/hugoh/go-designs/resource-pool/internal/service/service.go:688.16,690.3 1 0
github.com/hugoh/go-designs/resource-pool/internal/service/service.go:692.2,692.27 1 0
github.com/hugoh/go-designs/resource-pool/internal/service/service.go:692.27,694.3 1 0
github.com/hugoh/go-designs/resource-pool/internal/service/service.go:697.2,698.16 2 0
github.com/hugoh/go-designs/resource-pool/internal/service/service.go:698.16,700.3 1 0
github.com/hugoh/go-designs/resource-pool/internal/service/service.go:702.2,706.49 2 0
github.com/hugoh/go-designs/resource-pool/internal/service/service.go:706.49,709.3 2 0
github.com/hugoh/go-designs/resource-pool/internal/service/service.go:712.2,713.16 2 0
github.com/hugoh/go-designs/resource-pool/internal/service/service.go:713.16,715.3 1 0
github.com/hugoh/go-designs/resource-pool/internal/service/service.go:718.2,719.16 2 0
github.com/hugoh/go-designs/resource-pool/internal/service/service.go:719.16,721.3 1 0
github.com/hugoh/go-designs/resource-pool/internal/service/service.go:723.2,728.16 3 0
github.com/hugoh/go-designs/resource-pool/internal/service/service.go:728.16,730.3 1 0
github.com/hugoh/go-designs/resource-pool/internal/service/service.go:732.2,732.34 1 0
github.com/hugoh/go-designs/resource-pool/internal/service/service.go:732.34,735.3 2 0
github.com/hugoh/go-designs/resource-pool/internal/service/service.go:738.2,740.61 3 0
github.com/hugoh/go-designs/resource-pool/internal/service/service.go:740.61,747.17 4 0
github.com/hugoh/go-designs/resource-pool/internal/service/service.go:747.17,749.12 2 0
github.com/hugoh/go-designs/resource-pool/internal/service/service.go:752.3,753.69 2 0
github.com/hugoh/go-designs/resource-pool/internal/service/service.go:756.2,757.12 2 0
github.com/hugoh/go-designs/resource-pool/internal/deployer/deployer.go:59.48,65.2 1 1
github.com/hugoh/go-designs/resource-pool/internal/deployer/deployer.go:68.106,76.22 5 1
github.com/hugoh/go-designs/resource-pool/internal/deployer/deployer.go:76.22,78.3 1 0
github.com/hugoh/go-designs/resource-pool/internal/deployer/deployer.go:80.2,80.9 1 1
github.com/hugoh/go-designs/resource-pool/internal/deployer/deployer.go:81.33,81.33 0 1
github.com/hugoh/go-designs/resource-pool/internal/deployer/deployer.go:83.20,84.24 1 0
github.com/hugoh/go-designs/resource-pool/internal/deployer/deployer.go:88.2,88.23 1 1
github.com/hugoh/go-designs/resource-pool/internal/deployer/deployer.go:88.23,90.59 1 1
github.com/hugoh/go-designs/resource-pool/internal/deployer/deployer.go:90.59,95.4 1 1
github.com/hugoh/go-designs/resource-pool/internal/deployer/deployer.go:99.2,108.8 2 1
github.com/hugoh/go-designs/resource-pool/internal/deployer/deployer.go:112.105,118.9 4 1
github.com/hugoh/go-designs/resource-pool/internal/deployer/deployer.go:119.36,119.36 0 1
github.com/hugoh/go-designs/resource-pool/internal/deployer/deployer.go:121.20,122.19 1 0
github.com/hugoh/go-designs/resource-pool/internal/deployer/deployer.go:125.2,126.12 2 1
github.com/hugoh/go-designs/resource-pool/internal/deployer/deployer.go:130.128,133.2 1 1
github.com/hugoh/go-designs/resource-pool/internal/deployer/deployer.go:136.63,142.2 1 1
github.com/hugoh/go-designs/resource-pool/internal/deployer/deployer.go:145.58,146.14 1 1
github.com/hugoh/go-designs/resource-pool/internal/deployer/deployer.go:146.14,148.3 1 0
github.com/hugoh/go-designs/resource-pool/internal/deployer/deployer.go:149.2,149.14 1 1
github.com/hugoh/go-designs/resource-pool/internal/deployer/deployer.go:149.14,151.3 1 0
github.com/hugoh/go-designs/resource-pool/internal/deployer/deployer.go:152.2,152.22 1 1
github.com/hugoh/go-designs/resource-pool/internal/deployer/deployer.go:156.80,159.2 2 1
github.com/hugoh/go-designs/resource-pool/internal/deployer/deployer.go:162.38,165.2 1 1
github.com/hugoh/go-designs/resource-pool/internal/deployer/deployer.go:175.86,181.2 1 1
github.com/hugoh/go-designs/resource-pool/internal/deployer/deployer.go:184.109,187.2 1 0
github.com/hugoh/go-designs/resource-pool/internal/deployer/deployer.go:190.108,193.2 1 0
github.com/hugoh/go-designs/resource-pool/internal/deployer/deployer.go:196.131,199.2 1 0
github.com/hugoh/go-designs/resource-pool/internal/deployer/deployer.go:207.46,209.2 1 0
github.com/hugoh/go-designs/resource-pool/internal/deployer/deployer.go:212.105,214.2 1 0
github.com/hugoh/go-designs/resource-pool/internal/deployer/deployer.go:217.104,219.2 1 0
github.com/hugoh/go-designs/resource-pool/internal/deployer/deployer.go:222.127,224.2 1 0
github.com/hugoh/go-designs/resource-pool/internal/deployer/deployer.go:232.134,237.16 3 0
github.com/hugoh/go-designs/resource-pool/internal/deployer/deployer.go:237.16,239.3 1 0
github.com/hugoh/go-designs/resource-pool/internal/deployer/deployer.go:240.2,243.38 2 0
github.com/hugoh/go-designs/resource-pool/internal/deployer/deployer.go:243.38,255.17 3 0
github.com/hugoh/go-designs/resource-pool/internal/deployer/deployer.go:255.17,257.4 1 0
github.com/hugoh/go-designs/resource-pool/internal/deployer/deployer.go:258.3,258.20 1 0
github.com/hugoh/go-designs/resource-pool/internal/deployer/deployer.go:261.2,261.18 1 0
github.com/hugoh/go-designs/resource-pool/internal/deployer/deployer.go:270.63,274.2 1 1
github.com/hugoh/go-designs/resource-pool/internal/deployer/deployer.go:277.91,278.24 1 1
github.com/hugoh/go-designs/resource-pool/internal/deployer/deployer.go:279.14,280.37 1 1
github.com/hugoh/go-designs/resource-pool/internal/deployer/deployer.go:281.13,282.36 1 0
github.com/hugoh/go-designs/resource-pool/internal/deployer/deployer.go:283.17,285.26 2 1
github.com/hugoh/go-designs/resource-pool/internal/deployer/deployer.go:285.26,287.4 1 1
github.com/hugoh/go-designs/resource-pool/internal/deployer/deployer.go:288.3,289.29 2 1
github.com/hugoh/go-designs/resource-pool/internal/deployer/deployer.go:289.29,291.4 1 0
github.com/hugoh/go-designs/resource-pool/internal/deployer/deployer.go:292.3,293.19 2 1
github.com/hugoh/go-designs/resource-pool/internal/deployer/deployer.go:293.19,295.4 1 0
github.com/hugoh/go-designs/resource-pool/internal/deployer/deployer.go:296.3,296.65 1 1
github.com/hugoh/go-designs/resource-pool/internal/deployer/deployer.go:297.10,298.70 1 1
github.com/hugoh/go-designs/resource-pool/internal/deployer/deployer.go:303.42,306.2 2 1
