mode: atomic
github-hub/event-processor/cmd/server/main.go:28.13,42.16 11 0
github-hub/event-processor/cmd/server/main.go:42.16,44.3 1 0
github-hub/event-processor/cmd/server/main.go:45.2,49.12 4 0
github-hub/event-processor/cmd/server/main.go:49.12,51.44 2 0
github-hub/event-processor/cmd/server/main.go:51.44,53.4 1 0
github-hub/event-processor/cmd/server/main.go:56.2,63.12 6 0
github-hub/event-processor/cmd/server/main.go:63.12,65.43 2 0
github-hub/event-processor/cmd/server/main.go:65.43,67.4 1 0
github-hub/event-processor/cmd/server/main.go:70.2,84.19 10 0
github-hub/event-processor/cmd/server/main.go:87.65,93.12 4 0
github-hub/event-processor/cmd/server/main.go:93.12,97.3 3 0
github-hub/event-processor/cmd/server/main.go:99.2,99.20 1 0
github-hub/event-processor/cmd/server/main.go:107.95,112.2 1 0
github-hub/event-processor/cmd/server/main.go:114.52,120.6 4 0
github-hub/event-processor/cmd/server/main.go:120.6,121.10 1 0
github-hub/event-processor/cmd/server/main.go:122.21,124.10 2 0
github-hub/event-processor/cmd/server/main.go:125.19,126.24 1 0
github-hub/event-processor/cmd/server/main.go:131.43,135.16 3 0
github-hub/event-processor/cmd/server/main.go:135.16,138.3 2 0
github-hub/event-processor/cmd/server/main.go:140.2,142.59 2 0
github-hub/event-processor/cmd/server/main.go:142.59,145.3 2 0
github-hub/event-processor/cmd/server/main.go:148.104,152.6 3 0
github-hub/event-processor/cmd/server/main.go:152.6,153.10 1 0
github-hub/event-processor/cmd/server/main.go:154.21,156.10 2 0
github-hub/event-processor/cmd/server/main.go:157.19,158.31 1 0
github-hub/event-processor/cmd/server/main.go:163.83,165.16 2 0
github-hub/event-processor/cmd/server/main.go:165.16,168.3 2 0
github-hub/event-processor/cmd/server/main.go:170.2,170.17 1 0
github-hub/event-processor/cmd/server/main.go:170.17,172.3 1 0
github-hub/event-processor/cmd/server/main.go:174.2,177.52 2 0
github-hub/event-processor/cmd/server/main.go:177.52,180.3 2 0
github-hub/event-processor/cmd/server/main.go:182.2,183.16 2 0
github-hub/event-processor/cmd/server/main.go:183.16,187.3 3 0
github-hub/event-processor/cmd/server/main.go:189.2,189.23 1 0
github-hub/event-processor/cmd/server/main.go:189.23,190.48 1 0
github-hub/event-processor/cmd/server/main.go:190.48,192.4 1 0
github-hub/event-processor/cmd/server/main.go:195.2,198.16 3 0
github-hub/event-processor/cmd/server/main.go:198.16,201.3 2 0
github-hub/event-processor/cmd/server/main.go:203.2,203.16 1 0
github-hub/event-processor/cmd/server/main.go:204.31,206.26 2 0
github-hub/event-processor/cmd/server/main.go:206.26,208.4 1 0
github-hub/event-processor/cmd/server/main.go:208.9,210.4 1 0
github-hub/event-processor/cmd/server/main.go:212.31,214.48 2 0
github-hub/event-processor/cmd/server/main.go:216.32,218.54 2 0
github-hub/event-processor/cmd/server/main.go:220.34,222.47 2 0
github-hub/event-processor/cmd/server/main.go:224.32,225.81 1 0
github-hub/event-processor/internal/api/client.go:24.26,31.2 1 0
github-hub/event-processor/internal/api/client.go:80.47,82.16 2 0
github-hub/event-processor/internal/api/client.go:82.16,84.3 1 0
github-hub/event-processor/internal/api/client.go:85.2,87.38 2 0
github-hub/event-processor/internal/api/client.go:87.38,90.3 2 0
github-hub/event-processor/internal/api/client.go:92.2,93.68 2 0
github-hub/event-processor/internal/api/client.go:93.68,95.3 1 0
github-hub/event-processor/internal/api/client.go:98.2,99.62 2 0
github-hub/event-processor/internal/api/client.go:99.62,101.3 1 0
github-hub/event-processor/internal/api/client.go:103.2,103.20 1 0
github-hub/event-processor/internal/api/client.go:107.51,109.16 2 0
github-hub/event-processor/internal/api/client.go:109.16,111.3 1 0
github-hub/event-processor/internal/api/client.go:112.2,114.38 2 0
github-hub/event-processor/internal/api/client.go:114.38,117.3 2 0
github-hub/event-processor/internal/api/client.go:119.2,120.68 2 0
github-hub/event-processor/internal/api/client.go:120.68,122.3 1 0
github-hub/event-processor/internal/api/client.go:125.2,126.62 2 0
github-hub/event-processor/internal/api/client.go:126.62,128.3 1 0
github-hub/event-processor/internal/api/client.go:130.2,130.20 1 0
github-hub/event-processor/internal/api/client.go:134.90,138.23 2 0
github-hub/event-processor/internal/api/client.go:138.23,140.3 1 0
github-hub/event-processor/internal/api/client.go:142.2,142.74 1 0
github-hub/event-processor/internal/api/client.go:146.149,150.21 2 0
github-hub/event-processor/internal/api/client.go:150.21,152.3 1 0
github-hub/event-processor/internal/api/client.go:153.2,153.23 1 0
github-hub/event-processor/internal/api/client.go:153.23,155.3 1 0
github-hub/event-processor/internal/api/client.go:156.2,156.18 1 0
github-hub/event-processor/internal/api/client.go:156.18,158.3 1 0
github-hub/event-processor/internal/api/client.go:159.2,159.24 1 0
github-hub/event-processor/internal/api/client.go:159.24,161.3 1 0
github-hub/event-processor/internal/api/client.go:162.2,162.18 1 0
github-hub/event-processor/internal/api/client.go:162.18,164.3 1 0
github-hub/event-processor/internal/api/client.go:166.2,166.75 1 0
github-hub/event-processor/internal/api/client.go:170.91,176.2 2 0
github-hub/event-processor/internal/api/client.go:190.66,192.16 2 0
github-hub/event-processor/internal/api/client.go:192.16,194.3 1 0
github-hub/event-processor/internal/api/client.go:196.2,197.16 2 0
github-hub/event-processor/internal/api/client.go:197.16,199.3 1 0
github-hub/event-processor/internal/api/client.go:201.2,204.16 3 0
github-hub/event-processor/internal/api/client.go:204.16,206.3 1 0
github-hub/event-processor/internal/api/client.go:207.2,209.38 2 0
github-hub/event-processor/internal/api/client.go:209.38,212.3 2 0
github-hub/event-processor/internal/api/client.go:214.2,214.12 1 0
github-hub/event-processor/internal/api/server.go:81.70,87.2 1 0
github-hub/event-processor/internal/api/server.go:89.32,102.57 10 0
github-hub/event-processor/internal/api/server.go:102.57,103.72 1 0
github-hub/event-processor/internal/api/server.go:103.72,108.29 4 0
github-hub/event-processor/internal/api/server.go:108.29,111.5 2 0
github-hub/event-processor/internal/api/server.go:113.4,113.24 1 0
github-hub/event-processor/internal/api/server.go:117.2,119.49 2 0
github-hub/event-processor/internal/api/server.go:122.71,124.2 1 0
github-hub/event-processor/internal/api/server.go:126.74,128.16 2 0
github-hub/event-processor/internal/api/server.go:128.16,131.3 2 0
github-hub/event-processor/internal/api/server.go:133.2,134.31 2 0
github-hub/event-processor/internal/api/server.go:134.31,136.3 1 0
github-hub/event-processor/internal/api/server.go:138.2,142.4 2 0
github-hub/event-processor/internal/api/server.go:145.73,148.16 3 0
github-hub/event-processor/internal/api/server.go:148.16,151.3 2 0
github-hub/event-processor/internal/api/server.go:153.2,154.16 2 0
github-hub/event-processor/internal/api/server.go:154.16,157.3 2 0
github-hub/event-processor/internal/api/server.go:159.2,159.18 1 0
github-hub/event-processor/internal/api/server.go:159.18,162.3 2 0
github-hub/event-processor/internal/api/server.go:164.2,168.4 2 0
github-hub/event-processor/internal/api/server.go:171.78,174.16 3 0
github-hub/event-processor/internal/api/server.go:174.16,177.3 2 0
github-hub/event-processor/internal/api/server.go:179.2,180.16 2 0
github-hub/event-processor/internal/api/server.go:180.16,183.3 2 0
github-hub/event-processor/internal/api/server.go:185.2,189.4 2 0
github-hub/event-processor/internal/api/server.go:192.73,196.16 3 0
github-hub/event-processor/internal/api/server.go:196.16,199.3 2 0
github-hub/event-processor/internal/api/server.go:201.2,201.18 1 0
github-hub/event-processor/internal/api/server.go:201.18,203.30 2 0
github-hub/event-processor/internal/api/server.go:203.30,204.46 1 0
github-hub/event-processor/internal/api/server.go:204.46,206.5 1 0
github-hub/event-processor/internal/api/server.go:208.3,208.19 1 0
github-hub/event-processor/internal/api/server.go:211.2,215.4 2 0
github-hub/event-processor/internal/api/server.go:218.72,221.16 3 0
github-hub/event-processor/internal/api/server.go:221.16,224.3 2 0
github-hub/event-processor/internal/api/server.go:226.2,227.16 2 0
github-hub/event-processor/internal/api/server.go:227.16,230.3 2 0
github-hub/event-processor/internal/api/server.go:232.2,232.17 1 0
github-hub/event-processor/internal/api/server.go:232.17,235.3 2 0
github-hub/event-processor/internal/api/server.go:237.2,241.4 2 0
github-hub/event-processor/internal/api/server.go:244.56,246.41 2 0
github-hub/event-processor/internal/api/server.go:246.41,259.25 2 0
github-hub/event-processor/internal/api/server.go:259.25,261.4 1 0
github-hub/event-processor/internal/api/server.go:262.3,262.27 1 0
github-hub/event-processor/internal/api/server.go:262.27,264.4 1 0
github-hub/event-processor/internal/api/server.go:267.2,268.51 2 0
github-hub/event-processor/internal/api/server.go:268.51,270.3 1 0
github-hub/event-processor/internal/api/server.go:270.8,270.38 1 0
github-hub/event-processor/internal/api/server.go:270.38,272.3 1 0
github-hub/event-processor/internal/api/server.go:274.2,289.3 1 0
github-hub/event-processor/internal/api/server.go:292.79,294.16 2 0
github-hub/event-processor/internal/api/server.go:294.16,297.3 2 0
github-hub/event-processor/internal/api/server.go:299.2,303.4 2 0
github-hub/event-processor/internal/models/task.go:16.50,17.16 1 2
github-hub/event-processor/internal/models/task.go:17.16,20.3 2 1
github-hub/event-processor/internal/models/task.go:21.2,21.25 1 1
github-hub/event-processor/internal/models/task.go:22.17,23.14 1 1
github-hub/event-processor/internal/models/task.go:24.14,25.51 1 0
github-hub/event-processor/internal/models/task.go:26.14,27.43 1 0
github-hub/event-processor/internal/models/task.go:28.10,29.23 1 0
github-hub/event-processor/internal/models/task.go:31.2,31.12 1 1
github-hub/event-processor/internal/models/task.go:35.51,36.22 1 2
github-hub/event-processor/internal/models/task.go:36.22,38.3 1 1
github-hub/event-processor/internal/models/task.go:39.2,39.30 1 1
github-hub/event-processor/internal/models/task.go:93.35,97.2 1 7
github-hub/event-processor/internal/models/task.go:100.33,102.2 1 2
github-hub/event-processor/internal/models/task.go:105.30,110.2 4 1
github-hub/event-processor/internal/models/task.go:113.49,119.2 5 1
github-hub/event-processor/internal/models/task.go:122.42,128.2 5 1
github-hub/event-processor/internal/models/task.go:131.45,137.2 5 1
github-hub/event-processor/internal/models/task.go:140.43,146.2 5 1
github-hub/event-processor/internal/models/task.go:149.43,155.2 5 1
github-hub/event-processor/internal/models/task.go:158.40,161.2 2 3
github-hub/event-processor/internal/models/task.go:164.40,165.25 1 2
github-hub/event-processor/internal/models/task.go:165.25,167.3 1 1
github-hub/event-processor/internal/models/task.go:168.2,169.16 2 1
github-hub/event-processor/internal/models/task.go:169.16,171.3 1 0
github-hub/event-processor/internal/models/task.go:172.2,172.21 1 1
github-hub/event-processor/internal/models/task.go:176.57,177.19 1 2
github-hub/event-processor/internal/models/task.go:177.19,179.3 1 1
github-hub/event-processor/internal/models/task.go:180.2,180.52 1 1
github-hub/event-processor/internal/models/task.go:184.36,186.2 1 5
github-hub/event-processor/internal/models/task.go:189.143,207.2 4 1
github-hub/event-processor/internal/models/task.go:210.91,226.2 4 1
github-hub/event-processor/internal/models/task.go:291.48,292.38 1 7
github-hub/event-processor/internal/models/task.go:292.38,293.38 1 32
github-hub/event-processor/internal/models/task.go:293.38,295.4 1 5
github-hub/event-processor/internal/models/task.go:297.2,297.11 1 2
github-hub/event-processor/internal/models/task.go:301.58,302.33 1 3
github-hub/event-processor/internal/models/task.go:302.33,303.47 1 13
github-hub/event-processor/internal/models/task.go:303.47,305.4 1 2
github-hub/event-processor/internal/models/task.go:307.2,307.12 1 1
github-hub/event-processor/internal/storage/adapter.go:14.75,16.2 1 0
github-hub/event-processor/internal/storage/adapter.go:18.72,20.16 2 0
github-hub/event-processor/internal/storage/adapter.go:20.16,22.3 1 0
github-hub/event-processor/internal/storage/adapter.go:24.2,25.29 2 0
github-hub/event-processor/internal/storage/adapter.go:25.29,27.3 1 0
github-hub/event-processor/internal/storage/adapter.go:28.2,28.23 1 0
github-hub/event-processor/internal/storage/adapter.go:31.77,33.16 2 0
github-hub/event-processor/internal/storage/adapter.go:33.16,35.3 1 0
github-hub/event-processor/internal/storage/adapter.go:36.2,36.17 1 0
github-hub/event-processor/internal/storage/adapter.go:36.17,38.3 1 0
github-hub/event-processor/internal/storage/adapter.go:39.2,40.19 2 0
github-hub/event-processor/internal/storage/adapter.go:43.89,45.16 2 0
github-hub/event-processor/internal/storage/adapter.go:45.16,47.3 1 0
github-hub/event-processor/internal/storage/adapter.go:49.2,50.29 2 0
github-hub/event-processor/internal/storage/adapter.go:50.29,52.3 1 0
github-hub/event-processor/internal/storage/adapter.go:53.2,53.23 1 0
github-hub/event-processor/internal/storage/adapter.go:56.64,58.60 2 0
github-hub/event-processor/internal/storage/adapter.go:58.60,60.3 1 0
github-hub/event-processor/internal/storage/adapter.go:61.2,61.56 1 0
github-hub/event-processor/internal/storage/adapter.go:61.56,63.3 1 0
github-hub/event-processor/internal/storage/adapter.go:64.2,64.30 1 0
github-hub/event-processor/internal/storage/adapter.go:64.30,66.3 1 0
github-hub/event-processor/internal/storage/adapter.go:67.2,67.30 1 0
github-hub/event-processor/internal/storage/adapter.go:67.30,69.3 1 0
github-hub/event-processor/internal/storage/adapter.go:71.2,72.33 2 0
github-hub/event-processor/internal/storage/adapter.go:72.33,79.3 1 0
github-hub/event-processor/internal/storage/adapter.go:81.2,96.3 1 0
github-hub/event-processor/internal/storage/mysql.go:80.65,82.16 2 0
github-hub/event-processor/internal/storage/mysql.go:82.16,84.3 1 0
github-hub/event-processor/internal/storage/mysql.go:87.2,87.34 1 0
github-hub/event-processor/internal/storage/mysql.go:87.34,89.3 1 0
github-hub/event-processor/internal/storage/mysql.go:91.2,91.39 1 0
github-hub/event-processor/internal/storage/mysql.go:95.64,105.60 3 0
github-hub/event-processor/internal/storage/mysql.go:105.60,107.3 1 0
github-hub/event-processor/internal/storage/mysql.go:108.2,108.56 1 0
github-hub/event-processor/internal/storage/mysql.go:108.56,110.3 1 0
github-hub/event-processor/internal/storage/mysql.go:112.2,119.16 2 0
github-hub/event-processor/internal/storage/mysql.go:119.16,121.3 1 0
github-hub/event-processor/internal/storage/mysql.go:123.2,124.16 2 0
github-hub/event-processor/internal/storage/mysql.go:124.16,126.3 1 0
github-hub/event-processor/internal/storage/mysql.go:128.2,129.12 2 0
github-hub/event-processor/internal/storage/mysql.go:133.66,151.16 5 0
github-hub/event-processor/internal/storage/mysql.go:151.16,152.27 1 0
github-hub/event-processor/internal/storage/mysql.go:152.27,154.4 1 0
github-hub/event-processor/internal/storage/mysql.go:155.3,155.56 1 0
github-hub/event-processor/internal/storage/mysql.go:158.2,158.21 1 0
github-hub/event-processor/internal/storage/mysql.go:158.21,160.3 1 0
github-hub/event-processor/internal/storage/mysql.go:161.2,161.19 1 0
github-hub/event-processor/internal/storage/mysql.go:161.19,163.3 1 0
github-hub/event-processor/internal/storage/mysql.go:165.2,165.18 1 0
github-hub/event-processor/internal/storage/mysql.go:169.81,187.16 5 0
github-hub/event-processor/internal/storage/mysql.go:187.16,188.27 1 0
github-hub/event-processor/internal/storage/mysql.go:188.27,190.4 1 0
github-hub/event-processor/internal/storage/mysql.go:191.3,191.56 1 0
github-hub/event-processor/internal/storage/mysql.go:194.2,194.21 1 0
github-hub/event-processor/internal/storage/mysql.go:194.21,196.3 1 0
github-hub/event-processor/internal/storage/mysql.go:197.2,197.19 1 0
github-hub/event-processor/internal/storage/mysql.go:197.19,199.3 1 0
github-hub/event-processor/internal/storage/mysql.go:201.2,201.18 1 0
github-hub/event-processor/internal/storage/mysql.go:205.64,215.16 3 0
github-hub/event-processor/internal/storage/mysql.go:215.16,217.3 1 0
github-hub/event-processor/internal/storage/mysql.go:218.2,221.18 3 0
github-hub/event-processor/internal/storage/mysql.go:221.18,231.17 4 0
github-hub/event-processor/internal/storage/mysql.go:231.17,233.4 1 0
github-hub/event-processor/internal/storage/mysql.go:235.3,235.22 1 0
github-hub/event-processor/internal/storage/mysql.go:235.22,237.4 1 0
github-hub/event-processor/internal/storage/mysql.go:238.3,238.20 1 0
github-hub/event-processor/internal/storage/mysql.go:238.20,240.4 1 0
github-hub/event-processor/internal/storage/mysql.go:242.3,242.30 1 0
github-hub/event-processor/internal/storage/mysql.go:245.2,245.19 1 0
github-hub/event-processor/internal/storage/mysql.go:249.64,259.60 3 0
github-hub/event-processor/internal/storage/mysql.go:259.60,261.3 1 0
github-hub/event-processor/internal/storage/mysql.go:262.2,262.56 1 0
github-hub/event-processor/internal/storage/mysql.go:262.56,264.3 1 0
github-hub/event-processor/internal/storage/mysql.go:266.2,272.16 2 0
github-hub/event-processor/internal/storage/mysql.go:272.16,274.3 1 0
github-hub/event-processor/internal/storage/mysql.go:276.2,276.12 1 0
github-hub/event-processor/internal/storage/mysql.go:280.53,284.16 3 0
github-hub/event-processor/internal/storage/mysql.go:284.16,286.3 1 0
github-hub/event-processor/internal/storage/mysql.go:288.2,288.12 1 0
github-hub/event-processor/internal/storage/mysql.go:292.51,294.16 2 0
github-hub/event-processor/internal/storage/mysql.go:294.16,296.3 1 0
github-hub/event-processor/internal/storage/mysql.go:298.2,298.15 1 0
github-hub/event-processor/internal/storage/mysql.go:298.15,299.17 1 0
github-hub/event-processor/internal/storage/mysql.go:299.17,301.4 1 0
github-hub/event-processor/internal/storage/mysql.go:304.2,305.16 2 0
github-hub/event-processor/internal/storage/mysql.go:305.16,307.3 1 0
github-hub/event-processor/internal/storage/mysql.go:309.2,310.16 2 0
github-hub/event-processor/internal/storage/mysql.go:310.16,312.3 1 0
github-hub/event-processor/internal/storage/mysql.go:314.2,314.35 1 0
github-hub/event-processor/internal/storage/mysql.go:314.35,316.3 1 0
github-hub/event-processor/internal/storage/mysql.go:318.2,318.12 1 0
github-hub/event-processor/internal/storage/mysql.go:322.70,333.2 2 0
github-hub/event-processor/internal/storage/mysql.go:336.70,347.2 2 0
github-hub/event-processor/internal/storage/mysql.go:350.95,361.16 3 0
github-hub/event-processor/internal/storage/mysql.go:361.16,363.3 1 0
github-hub/event-processor/internal/storage/mysql.go:364.2,367.18 3 0
github-hub/event-processor/internal/storage/mysql.go:367.18,377.17 4 0
github-hub/event-processor/internal/storage/mysql.go:377.17,379.4 1 0
github-hub/event-processor/internal/storage/mysql.go:381.3,381.22 1 0
github-hub/event-processor/internal/storage/mysql.go:381.22,383.4 1 0
github-hub/event-processor/internal/storage/mysql.go:384.3,384.20 1 0
github-hub/event-processor/internal/storage/mysql.go:384.20,386.4 1 0
github-hub/event-processor/internal/storage/mysql.go:388.3,388.30 1 0
github-hub/event-processor/internal/storage/mysql.go:391.2,391.19 1 0
github-hub/event-processor/internal/storage/mysql.go:395.83,406.16 3 0
github-hub/event-processor/internal/storage/mysql.go:406.16,408.3 1 0
github-hub/event-processor/internal/storage/mysql.go:409.2,412.18 3 0
github-hub/event-processor/internal/storage/mysql.go:412.18,422.17 4 0
github-hub/event-processor/internal/storage/mysql.go:422.17,424.4 1 0
github-hub/event-processor/internal/storage/mysql.go:426.3,426.22 1 0
github-hub/event-processor/internal/storage/mysql.go:426.22,428.4 1 0
github-hub/event-processor/internal/storage/mysql.go:429.3,429.20 1 0
github-hub/event-processor/internal/storage/mysql.go:429.20,431.4 1 0
github-hub/event-processor/internal/storage/mysql.go:433.3,433.30 1 0
github-hub/event-processor/internal/storage/mysql.go:436.2,436.19 1 0
github-hub/event-processor/internal/storage/mysql.go:440.42,442.2 1 0
github-hub/event-processor/internal/storage/mysql.go:445.83,447.16 2 0
github-hub/event-processor/internal/storage/mysql.go:447.16,449.3 1 0
github-hub/event-processor/internal/storage/mysql.go:450.2,453.18 3 0
github-hub/event-processor/internal/storage/mysql.go:453.18,463.17 4 0
github-hub/event-processor/internal/storage/mysql.go:463.17,465.4 1 0
github-hub/event-processor/internal/storage/mysql.go:467.3,467.22 1 0
github-hub/event-processor/internal/storage/mysql.go:467.22,469.4 1 0
github-hub/event-processor/internal/storage/mysql.go:470.3,470.20 1 0
github-hub/event-processor/internal/storage/mysql.go:470.20,472.4 1 0
github-hub/event-processor/internal/storage/mysql.go:474.3,474.30 1 0
github-hub/event-processor/internal/storage/mysql.go:477.2,477.19 1 0
github-hub/event-processor/internal/storage/mysql.go:481.69,492.16 4 0
github-hub/event-processor/internal/storage/mysql.go:492.16,494.3 1 0
github-hub/event-processor/internal/storage/mysql.go:496.2,499.12 4 0
github-hub/event-processor/internal/storage/mysql.go:503.100,514.16 4 0
github-hub/event-processor/internal/storage/mysql.go:514.16,516.3 1 0
github-hub/event-processor/internal/storage/mysql.go:518.2,522.12 5 0
github-hub/event-processor/internal/storage/mysql.go:526.83,538.16 4 0
github-hub/event-processor/internal/storage/mysql.go:538.16,540.3 1 0
github-hub/event-processor/internal/storage/mysql.go:542.2,546.12 5 0
github-hub/event-processor/internal/storage/mysql.go:550.86,562.16 4 0
github-hub/event-processor/internal/storage/mysql.go:562.16,564.3 1 0
github-hub/event-processor/internal/storage/mysql.go:566.2,570.12 5 0
github-hub/event-processor/internal/storage/mysql.go:574.84,586.16 4 0
github-hub/event-processor/internal/storage/mysql.go:586.16,588.3 1 0
github-hub/event-processor/internal/storage/mysql.go:590.2,594.12 5 0
github-hub/event-processor/internal/storage/mysql.go:598.84,610.16 4 0
github-hub/event-processor/internal/storage/mysql.go:610.16,612.3 1 0
github-hub/event-processor/internal/storage/mysql.go:614.2,618.12 5 0
github-hub/event-processor/internal/storage/mysql.go:622.86,642.16 5 0
github-hub/event-processor/internal/storage/mysql.go:642.16,643.27 1 0
github-hub/event-processor/internal/storage/mysql.go:643.27,645.4 1 0
github-hub/event-processor/internal/storage/mysql.go:646.3,646.63 1 0
github-hub/event-processor/internal/storage/mysql.go:649.2,649.21 1 0
github-hub/event-processor/internal/storage/mysql.go:649.21,651.3 1 0
github-hub/event-processor/internal/storage/mysql.go:652.2,652.19 1 0
github-hub/event-processor/internal/storage/mysql.go:652.19,654.3 1 0
github-hub/event-processor/internal/storage/mysql.go:656.2,656.18 1 0
github-hub/event-processor/internal/storage/mysql.go:660.92,671.16 3 0
github-hub/event-processor/internal/storage/mysql.go:671.16,673.3 1 0
github-hub/event-processor/internal/storage/mysql.go:674.2,677.18 3 0
github-hub/event-processor/internal/storage/mysql.go:677.18,687.17 4 0
github-hub/event-processor/internal/storage/mysql.go:687.17,689.4 1 0
github-hub/event-processor/internal/storage/mysql.go:691.3,691.22 1 0
github-hub/event-processor/internal/storage/mysql.go:691.22,693.4 1 0
github-hub/event-processor/internal/storage/mysql.go:694.3,694.20 1 0
github-hub/event-processor/internal/storage/mysql.go:694.20,696.4 1 0
github-hub/event-processor/internal/storage/mysql.go:698.3,698.30 1 0
github-hub/event-processor/internal/storage/mysql.go:701.2,701.19 1 0
github-hub/event-processor/internal/storage/mysql.go:705.91,706.33 1 0
github-hub/event-processor/internal/storage/mysql.go:706.33,713.26 3 0
github-hub/event-processor/internal/storage/mysql.go:713.26,716.18 3 0
github-hub/event-processor/internal/storage/mysql.go:716.18,718.5 1 0
github-hub/event-processor/internal/storage/mysql.go:721.3,722.17 2 0
github-hub/event-processor/internal/storage/mysql.go:722.17,724.4 1 0
github-hub/event-processor/internal/storage/mysql.go:726.2,726.12 1 0
github-hub/event-processor/internal/storage/mysql.go:730.84,739.16 3 0
github-hub/event-processor/internal/storage/mysql.go:739.16,741.3 1 0
github-hub/event-processor/internal/storage/mysql.go:742.2,745.18 3 0
github-hub/event-processor/internal/storage/mysql.go:745.18,750.17 4 0
github-hub/event-processor/internal/storage/mysql.go:750.17,752.4 1 0
github-hub/event-processor/internal/storage/mysql.go:754.3,754.25 1 0
github-hub/event-processor/internal/storage/mysql.go:754.25,756.67 2 0
github-hub/event-processor/internal/storage/mysql.go:756.67,758.5 1 0
github-hub/event-processor/internal/storage/mysql.go:761.3,761.36 1 0
github-hub/event-processor/internal/storage/mysql.go:764.2,764.21 1 0
github-hub/event-processor/internal/scheduler/creator.go:21.81,26.2 1 36
github-hub/event-processor/internal/scheduler/creator.go:28.80,30.16 2 7
github-hub/event-processor/internal/scheduler/creator.go:30.16,32.3 1 0
github-hub/event-processor/internal/scheduler/creator.go:34.2,38.18 3 7
github-hub/event-processor/internal/scheduler/creator.go:41.99,43.21 2 11
github-hub/event-processor/internal/scheduler/creator.go:43.21,45.3 1 1
github-hub/event-processor/internal/scheduler/creator.go:47.2,48.16 2 10
github-hub/event-processor/internal/scheduler/creator.go:48.16,50.3 1 0
github-hub/event-processor/internal/scheduler/creator.go:52.2,55.36 3 10
github-hub/event-processor/internal/scheduler/creator.go:55.36,57.3 1 0
github-hub/event-processor/internal/scheduler/creator.go:57.8,69.3 1 10
github-hub/event-processor/internal/scheduler/creator.go:71.2,71.18 1 10
github-hub/event-processor/internal/scheduler/creator.go:74.101,76.16 2 6
github-hub/event-processor/internal/scheduler/creator.go:76.16,78.3 1 0
github-hub/event-processor/internal/scheduler/creator.go:80.2,83.36 3 6
github-hub/event-processor/internal/scheduler/creator.go:83.36,85.3 1 1
github-hub/event-processor/internal/scheduler/creator.go:85.8,97.3 1 5
github-hub/event-processor/internal/scheduler/creator.go:99.2,99.18 1 6
github-hub/event-processor/internal/scheduler/creator.go:102.83,105.18 2 29
github-hub/event-processor/internal/scheduler/creator.go:106.22,108.83 2 9
github-hub/event-processor/internal/scheduler/creator.go:109.31,111.85 2 7
github-hub/event-processor/internal/scheduler/creator.go:112.36,114.83 2 4
github-hub/event-processor/internal/scheduler/creator.go:115.38,117.85 2 3
github-hub/event-processor/internal/scheduler/creator.go:118.37,120.84 2 3
github-hub/event-processor/internal/scheduler/creator.go:121.34,123.81 2 3
github-hub/event-processor/internal/scheduler/creator.go:124.10,126.82 2 0
github-hub/event-processor/internal/scheduler/creator.go:129.2,129.32 1 29
github-hub/event-processor/internal/scheduler/creator.go:132.89,133.33 1 6
github-hub/event-processor/internal/scheduler/creator.go:133.33,135.3 1 1
github-hub/event-processor/internal/scheduler/creator.go:137.2,138.21 2 5
github-hub/event-processor/internal/scheduler/creator.go:138.21,140.3 1 1
github-hub/event-processor/internal/scheduler/creator.go:142.2,143.16 2 4
github-hub/event-processor/internal/scheduler/creator.go:143.16,146.3 2 0
github-hub/event-processor/internal/scheduler/creator.go:148.2,148.34 1 4
github-hub/event-processor/internal/scheduler/creator.go:148.34,149.34 1 4
github-hub/event-processor/internal/scheduler/creator.go:149.34,151.4 1 0
github-hub/event-processor/internal/scheduler/creator.go:154.2,154.13 1 4
github-hub/event-processor/internal/scheduler/creator.go:157.58,159.2 1 7
github-hub/event-processor/internal/scheduler/pr_handler.go:17.105,23.2 1 8
github-hub/event-processor/internal/scheduler/pr_handler.go:25.59,27.20 2 2
github-hub/event-processor/internal/scheduler/pr_handler.go:27.20,30.3 2 1
github-hub/event-processor/internal/scheduler/pr_handler.go:32.2,32.18 1 1
github-hub/event-processor/internal/scheduler/pr_handler.go:33.16,34.33 1 1
github-hub/event-processor/internal/scheduler/pr_handler.go:35.21,36.38 1 0
github-hub/event-processor/internal/scheduler/pr_handler.go:37.10,39.13 2 0
github-hub/event-processor/internal/scheduler/pr_handler.go:43.58,44.39 1 6
github-hub/event-processor/internal/scheduler/pr_handler.go:44.39,46.3 1 2
github-hub/event-processor/internal/scheduler/pr_handler.go:48.2,48.56 1 4
github-hub/event-processor/internal/scheduler/pr_handler.go:48.56,50.3 1 3
github-hub/event-processor/internal/scheduler/pr_handler.go:52.2,52.11 1 1
github-hub/event-processor/internal/scheduler/pr_handler.go:55.55,56.55 1 2
github-hub/event-processor/internal/scheduler/pr_handler.go:56.55,58.3 1 1
github-hub/event-processor/internal/scheduler/pr_handler.go:59.2,59.11 1 1
github-hub/event-processor/internal/scheduler/pr_handler.go:62.60,66.42 3 2
github-hub/event-processor/internal/scheduler/pr_handler.go:66.42,69.3 2 0
github-hub/event-processor/internal/scheduler/pr_handler.go:71.2,72.16 2 2
github-hub/event-processor/internal/scheduler/pr_handler.go:72.16,74.3 1 0
github-hub/event-processor/internal/scheduler/pr_handler.go:76.2,76.45 1 2
github-hub/event-processor/internal/scheduler/pr_handler.go:79.65,83.17 3 0
github-hub/event-processor/internal/scheduler/pr_handler.go:83.17,86.3 2 0
github-hub/event-processor/internal/scheduler/pr_handler.go:88.2,89.16 2 0
github-hub/event-processor/internal/scheduler/pr_handler.go:89.16,91.3 1 0
github-hub/event-processor/internal/scheduler/pr_handler.go:93.2,94.24 2 0
github-hub/event-processor/internal/scheduler/pr_handler.go:94.24,96.36 2 0
github-hub/event-processor/internal/scheduler/pr_handler.go:96.36,98.23 2 0
github-hub/event-processor/internal/scheduler/pr_handler.go:98.23,100.5 1 0
github-hub/event-processor/internal/scheduler/pr_handler.go:104.2,106.37 2 0
github-hub/event-processor/internal/scheduler/pr_handler.go:106.37,107.44 1 0
github-hub/event-processor/internal/scheduler/pr_handler.go:107.44,109.4 1 0
github-hub/event-processor/internal/scheduler/pr_handler.go:112.2,112.35 1 0
github-hub/event-processor/internal/scheduler/pr_handler.go:112.35,113.42 1 0
github-hub/event-processor/internal/scheduler/pr_handler.go:113.42,115.4 1 0
github-hub/event-processor/internal/scheduler/pr_handler.go:118.2,118.54 1 0
github-hub/event-processor/internal/scheduler/pr_handler.go:118.54,119.37 1 0
github-hub/event-processor/internal/scheduler/pr_handler.go:119.37,121.45 2 0
github-hub/event-processor/internal/scheduler/pr_handler.go:121.45,123.19 2 0
github-hub/event-processor/internal/scheduler/pr_handler.go:123.19,125.6 1 0
github-hub/event-processor/internal/scheduler/pr_handler.go:126.5,126.48 1 0
github-hub/event-processor/internal/scheduler/pr_handler.go:131.2,131.12 1 0
github-hub/event-processor/internal/scheduler/pr_handler.go:134.128,140.34 5 5
github-hub/event-processor/internal/scheduler/pr_handler.go:140.34,141.24 1 10
github-hub/event-processor/internal/scheduler/pr_handler.go:142.43,143.12 1 2
github-hub/event-processor/internal/scheduler/pr_handler.go:144.18,145.44 1 5
github-hub/event-processor/internal/scheduler/pr_handler.go:146.21,147.50 1 3
github-hub/event-processor/internal/scheduler/pr_handler.go:151.2,153.59 2 5
github-hub/event-processor/internal/scheduler/pr_handler.go:153.59,155.3 1 1
github-hub/event-processor/internal/scheduler/pr_handler.go:155.8,155.38 1 4
github-hub/event-processor/internal/scheduler/pr_handler.go:155.38,157.38 2 2
github-hub/event-processor/internal/scheduler/pr_handler.go:157.38,158.48 1 2
github-hub/event-processor/internal/scheduler/pr_handler.go:158.48,160.5 1 0
github-hub/event-processor/internal/scheduler/pr_handler.go:163.3,163.29 1 2
github-hub/event-processor/internal/scheduler/pr_handler.go:163.29,165.36 2 2
github-hub/event-processor/internal/scheduler/pr_handler.go:165.36,166.46 1 2
github-hub/event-processor/internal/scheduler/pr_handler.go:166.46,168.6 1 0
github-hub/event-processor/internal/scheduler/pr_handler.go:171.4,171.60 1 2
github-hub/event-processor/internal/scheduler/pr_handler.go:171.60,173.40 2 2
github-hub/event-processor/internal/scheduler/pr_handler.go:173.40,175.6 1 2
github-hub/event-processor/internal/scheduler/pr_handler.go:176.5,176.37 1 2
github-hub/event-processor/internal/scheduler/pr_handler.go:176.37,177.32 1 2
github-hub/event-processor/internal/scheduler/pr_handler.go:177.32,179.7 1 0
github-hub/event-processor/internal/scheduler/pr_handler.go:181.10,183.37 2 0
github-hub/event-processor/internal/scheduler/pr_handler.go:183.37,185.6 1 0
github-hub/event-processor/internal/scheduler/pr_handler.go:186.5,186.40 1 0
github-hub/event-processor/internal/scheduler/pr_handler.go:186.40,187.32 1 0
github-hub/event-processor/internal/scheduler/pr_handler.go:187.32,189.7 1 0
github-hub/event-processor/internal/scheduler/pr_handler.go:192.9,194.39 2 0
github-hub/event-processor/internal/scheduler/pr_handler.go:194.39,195.31 1 0
github-hub/event-processor/internal/scheduler/pr_handler.go:195.31,197.6 1 0
github-hub/event-processor/internal/scheduler/pr_handler.go:200.8,200.35 1 2
github-hub/event-processor/internal/scheduler/pr_handler.go:200.35,202.35 2 2
github-hub/event-processor/internal/scheduler/pr_handler.go:202.35,203.45 1 3
github-hub/event-processor/internal/scheduler/pr_handler.go:203.45,205.5 1 1
github-hub/event-processor/internal/scheduler/pr_handler.go:207.3,208.35 2 2
github-hub/event-processor/internal/scheduler/pr_handler.go:208.35,209.30 1 3
github-hub/event-processor/internal/scheduler/pr_handler.go:209.30,211.5 1 1
github-hub/event-processor/internal/scheduler/pr_handler.go:215.2,215.54 1 5
github-hub/event-processor/internal/scheduler/pr_handler.go:218.59,221.2 2 0
github-hub/event-processor/internal/scheduler/pr_handler.go:223.57,225.16 2 0
github-hub/event-processor/internal/scheduler/pr_handler.go:225.16,227.3 1 0
github-hub/event-processor/internal/scheduler/pr_handler.go:229.2,229.36 1 0
github-hub/event-processor/internal/scheduler/pr_handler.go:229.36,230.46 1 0
github-hub/event-processor/internal/scheduler/pr_handler.go:230.46,231.31 1 0
github-hub/event-processor/internal/scheduler/pr_handler.go:231.31,233.5 1 0
github-hub/event-processor/internal/scheduler/pr_handler.go:235.4,235.92 1 0
github-hub/event-processor/internal/scheduler/pr_handler.go:235.92,237.5 1 0
github-hub/event-processor/internal/scheduler/pr_handler.go:241.2,242.84 2 0
github-hub/event-processor/internal/scheduler/pr_handler.go:245.50,247.2 1 0
github-hub/event-processor/internal/scheduler/pr_handler.go:249.54,251.2 1 2
github-hub/event-processor/internal/scheduler/scheduler_db.go:23.99,30.2 1 20
github-hub/event-processor/internal/scheduler/scheduler_db.go:32.67,34.16 2 0
github-hub/event-processor/internal/scheduler/scheduler_db.go:34.16,36.3 1 0
github-hub/event-processor/internal/scheduler/scheduler_db.go:38.2,39.31 2 0
github-hub/event-processor/internal/scheduler/scheduler_db.go:39.31,41.3 1 0
github-hub/event-processor/internal/scheduler/scheduler_db.go:42.2,44.20 2 0
github-hub/event-processor/internal/scheduler/scheduler_db.go:47.72,48.31 1 1
github-hub/event-processor/internal/scheduler/scheduler_db.go:48.31,49.37 1 3
github-hub/event-processor/internal/scheduler/scheduler_db.go:49.37,50.12 1 2
github-hub/event-processor/internal/scheduler/scheduler_db.go:53.3,54.43 2 1
github-hub/event-processor/internal/scheduler/scheduler_db.go:54.43,56.12 2 0
github-hub/event-processor/internal/scheduler/scheduler_db.go:59.3,60.17 2 1
github-hub/event-processor/internal/scheduler/scheduler_db.go:60.17,62.12 2 0
github-hub/event-processor/internal/scheduler/scheduler_db.go:65.3,65.52 1 1
github-hub/event-processor/internal/scheduler/scheduler_db.go:65.52,67.12 2 0
github-hub/event-processor/internal/scheduler/scheduler_db.go:70.3,70.76 1 1
github-hub/event-processor/internal/scheduler/scheduler_db.go:73.2,73.12 1 1
github-hub/event-processor/internal/scheduler/scheduler_db.go:76.87,78.16 2 1
github-hub/event-processor/internal/scheduler/scheduler_db.go:78.16,80.3 1 0
github-hub/event-processor/internal/scheduler/scheduler_db.go:82.2,82.28 1 1
github-hub/event-processor/internal/scheduler/scheduler_db.go:82.28,84.3 1 0
github-hub/event-processor/internal/scheduler/scheduler_db.go:86.2,86.47 1 1
github-hub/event-processor/internal/scheduler/scheduler_db.go:86.47,88.3 1 1
github-hub/event-processor/internal/scheduler/scheduler_db.go:90.2,96.13 5 1
github-hub/event-processor/internal/scheduler/scheduler_db.go:96.13,98.17 2 0
github-hub/event-processor/internal/scheduler/scheduler_db.go:98.17,100.4 1 0
github-hub/event-processor/internal/scheduler/scheduler_db.go:102.3,103.25 2 0
github-hub/event-processor/internal/scheduler/scheduler_db.go:103.25,104.40 1 0
github-hub/event-processor/internal/scheduler/scheduler_db.go:104.40,106.10 2 0
github-hub/event-processor/internal/scheduler/scheduler_db.go:110.3,110.19 1 0
github-hub/event-processor/internal/scheduler/scheduler_db.go:110.19,112.4 1 0
github-hub/event-processor/internal/scheduler/scheduler_db.go:114.3,118.16 4 0
github-hub/event-processor/internal/scheduler/scheduler_db.go:121.2,121.29 1 1
github-hub/event-processor/internal/scheduler/scheduler_db.go:124.73,127.51 2 1
github-hub/event-processor/internal/scheduler/scheduler_db.go:127.51,129.3 1 0
github-hub/event-processor/internal/scheduler/scheduler_db.go:131.2,131.37 1 1
github-hub/event-processor/internal/scheduler/scheduler_db.go:131.37,133.106 2 1
github-hub/event-processor/internal/scheduler/scheduler_db.go:133.106,135.4 1 1
github-hub/event-processor/internal/scheduler/scheduler_db.go:138.2,138.12 1 1
github-hub/event-processor/internal/scheduler/scheduler_db.go:141.99,144.51 2 2
github-hub/event-processor/internal/scheduler/scheduler_db.go:144.51,146.3 1 0
github-hub/event-processor/internal/scheduler/scheduler_db.go:148.2,148.22 1 2
github-hub/event-processor/internal/scheduler/scheduler_db.go:148.22,149.69 1 2
github-hub/event-processor/internal/scheduler/scheduler_db.go:149.69,151.4 1 0
github-hub/event-processor/internal/scheduler/scheduler_db.go:154.2,154.61 1 2
github-hub/event-processor/internal/scheduler/scheduler_db.go:154.61,156.3 1 2
github-hub/event-processor/internal/scheduler/scheduler_db.go:158.2,158.56 1 2
github-hub/event-processor/internal/scheduler/scheduler_db.go:158.56,160.17 2 2
github-hub/event-processor/internal/scheduler/scheduler_db.go:160.17,162.4 1 0
github-hub/event-processor/internal/scheduler/scheduler_db.go:162.9,162.29 1 2
github-hub/event-processor/internal/scheduler/scheduler_db.go:162.29,163.57 1 2
github-hub/event-processor/internal/scheduler/scheduler_db.go:163.57,165.5 1 0
github-hub/event-processor/internal/scheduler/scheduler_db.go:165.10,167.5 1 2
github-hub/event-processor/internal/scheduler/scheduler_db.go:169.8,169.52 1 0
github-hub/event-processor/internal/scheduler/scheduler_db.go:169.52,171.105 2 0
github-hub/event-processor/internal/scheduler/scheduler_db.go:171.105,173.4 1 0
github-hub/event-processor/internal/scheduler/scheduler_db.go:173.9,175.4 1 0
github-hub/event-processor/internal/scheduler/scheduler_db.go:178.2,178.12 1 2
github-hub/event-processor/internal/scheduler/scheduler_db.go:181.81,184.51 2 1
github-hub/event-processor/internal/scheduler/scheduler_db.go:184.51,186.3 1 0
github-hub/event-processor/internal/scheduler/scheduler_db.go:188.2,188.62 1 1
github-hub/event-processor/internal/scheduler/scheduler_db.go:188.62,190.3 1 1
github-hub/event-processor/internal/scheduler/scheduler_db.go:192.2,193.101 2 1
github-hub/event-processor/internal/scheduler/scheduler_db.go:193.101,195.3 1 1
github-hub/event-processor/internal/scheduler/scheduler_db.go:197.2,199.12 2 1
github-hub/event-processor/internal/scheduler/scheduler_db.go:202.83,205.51 2 1
github-hub/event-processor/internal/scheduler/scheduler_db.go:205.51,207.3 1 0
github-hub/event-processor/internal/scheduler/scheduler_db.go:209.2,209.64 1 1
github-hub/event-processor/internal/scheduler/scheduler_db.go:209.64,211.3 1 1
github-hub/event-processor/internal/scheduler/scheduler_db.go:213.2,214.104 2 1
github-hub/event-processor/internal/scheduler/scheduler_db.go:214.104,216.3 1 1
github-hub/event-processor/internal/scheduler/scheduler_db.go:218.2,218.12 1 1
github-hub/event-processor/internal/scheduler/scheduler_db.go:221.84,224.51 2 1
github-hub/event-processor/internal/scheduler/scheduler_db.go:224.51,226.3 1 0
github-hub/event-processor/internal/scheduler/scheduler_db.go:228.2,228.62 1 1
github-hub/event-processor/internal/scheduler/scheduler_db.go:228.62,230.3 1 0
github-hub/event-processor/internal/scheduler/scheduler_db.go:232.2,233.101 2 1
github-hub/event-processor/internal/scheduler/scheduler_db.go:233.101,235.3 1 1
github-hub/event-processor/internal/scheduler/scheduler_db.go:237.2,237.12 1 1
github-hub/event-processor/internal/scheduler/scheduler_db.go:240.81,243.51 2 1
github-hub/event-processor/internal/scheduler/scheduler_db.go:243.51,245.3 1 0
github-hub/event-processor/internal/scheduler/scheduler_db.go:247.2,247.56 1 1
github-hub/event-processor/internal/scheduler/scheduler_db.go:247.56,249.17 2 1
github-hub/event-processor/internal/scheduler/scheduler_db.go:249.17,251.4 1 0
github-hub/event-processor/internal/scheduler/scheduler_db.go:251.9,251.29 1 1
github-hub/event-processor/internal/scheduler/scheduler_db.go:251.29,252.57 1 1
github-hub/event-processor/internal/scheduler/scheduler_db.go:252.57,254.5 1 0
github-hub/event-processor/internal/scheduler/scheduler_db.go:254.10,256.5 1 1
github-hub/event-processor/internal/scheduler/scheduler_db.go:258.8,258.52 1 0
github-hub/event-processor/internal/scheduler/scheduler_db.go:258.52,260.105 2 0
github-hub/event-processor/internal/scheduler/scheduler_db.go:260.105,262.4 1 0
github-hub/event-processor/internal/scheduler/scheduler_db.go:265.2,265.12 1 1
github-hub/event-processor/internal/scheduler/scheduler_db.go:268.74,270.2 1 1
github-hub/event-processor/internal/scheduler/scheduler_db.go:272.74,276.2 3 2
github-hub/event-processor/internal/scheduler/scheduler_db.go:278.106,279.37 1 2
github-hub/event-processor/internal/scheduler/scheduler_db.go:279.37,281.3 1 2
github-hub/event-processor/internal/scheduler/scheduler_db.go:283.2,283.23 1 0
github-hub/event-processor/internal/scheduler/scheduler_db.go:283.23,285.3 1 0
github-hub/event-processor/internal/scheduler/scheduler_db.go:287.2,291.91 4 0
github-hub/event-processor/internal/scheduler/scheduler_db.go:291.91,293.3 1 0
github-hub/event-processor/internal/scheduler/scheduler_db.go:293.8,293.39 1 0
github-hub/event-processor/internal/scheduler/scheduler_db.go:293.39,295.3 1 0
github-hub/event-processor/internal/scheduler/scheduler_db.go:297.2,301.18 4 0
github-hub/event-processor/internal/scheduler/scheduler_db.go:301.18,303.3 1 0
github-hub/event-processor/internal/scheduler/scheduler_db.go:305.2,306.44 2 0
github-hub/event-processor/internal/scheduler/scheduler_db.go:306.44,307.42 1 0
github-hub/event-processor/internal/scheduler/scheduler_db.go:307.42,309.9 2 0
github-hub/event-processor/internal/scheduler/scheduler_db.go:313.2,313.18 1 0
github-hub/event-processor/internal/scheduler/scheduler_db.go:313.18,315.3 1 0
github-hub/event-processor/internal/scheduler/scheduler_db.go:317.2,327.65 2 0
github-hub/event-processor/internal/scheduler/scheduler_db.go:330.106,338.51 6 2
github-hub/event-processor/internal/scheduler/scheduler_db.go:338.51,340.3 1 0
github-hub/event-processor/internal/scheduler/scheduler_db.go:342.2,343.44 2 2
github-hub/event-processor/internal/scheduler/scheduler_db.go:343.44,344.32 1 7
github-hub/event-processor/internal/scheduler/scheduler_db.go:344.32,346.4 1 5
github-hub/event-processor/internal/scheduler/scheduler_db.go:349.2,349.33 1 2
github-hub/event-processor/internal/scheduler/scheduler_db.go:349.33,351.92 2 5
github-hub/event-processor/internal/scheduler/scheduler_db.go:351.92,353.4 1 0
github-hub/event-processor/internal/scheduler/scheduler_db.go:353.9,353.40 1 5
github-hub/event-processor/internal/scheduler/scheduler_db.go:353.40,355.4 1 0
github-hub/event-processor/internal/scheduler/scheduler_db.go:357.3,358.14 2 5
github-hub/event-processor/internal/scheduler/scheduler_db.go:358.14,359.12 1 0
github-hub/event-processor/internal/scheduler/scheduler_db.go:362.3,368.5 1 5
github-hub/event-processor/internal/scheduler/scheduler_db.go:371.2,371.65 1 2
github-hub/event-processor/internal/scheduler/scheduler_db.go:374.87,379.18 4 2
github-hub/event-processor/internal/scheduler/scheduler_db.go:379.18,381.3 1 0
github-hub/event-processor/internal/scheduler/scheduler_db.go:383.2,386.44 3 2
github-hub/event-processor/internal/scheduler/scheduler_db.go:386.44,387.66 1 2
github-hub/event-processor/internal/scheduler/scheduler_db.go:387.66,394.4 1 1
github-hub/event-processor/internal/scheduler/scheduler_db.go:397.2,397.22 1 2
github-hub/event-processor/internal/scheduler/scheduler_db.go:397.22,399.3 1 1
github-hub/event-processor/internal/scheduler/scheduler_db.go:401.2,401.12 1 1
github-hub/event-processor/internal/scheduler/scheduler_db.go:404.89,409.18 4 1
github-hub/event-processor/internal/scheduler/scheduler_db.go:409.18,411.3 1 0
github-hub/event-processor/internal/scheduler/scheduler_db.go:413.2,416.44 3 1
github-hub/event-processor/internal/scheduler/scheduler_db.go:416.44,417.71 1 1
github-hub/event-processor/internal/scheduler/scheduler_db.go:417.71,424.4 1 1
github-hub/event-processor/internal/scheduler/scheduler_db.go:427.2,427.22 1 1
github-hub/event-processor/internal/scheduler/scheduler_db.go:427.22,429.3 1 1
github-hub/event-processor/internal/scheduler/scheduler_db.go:431.2,431.12 1 0
github-hub/event-processor/internal/scheduler/scheduler_db.go:434.87,436.2 1 2
github-hub/event-processor/internal/scheduler/scheduler_db.go:438.90,440.2 1 0
github-hub/event-processor/internal/scheduler/scheduler_db.go:442.68,444.2 1 0
github-hub/event-processor/internal/mock/server.go:46.42,52.2 1 14
github-hub/event-processor/internal/mock/server.go:54.36,78.2 17 0
github-hub/event-processor/internal/mock/server.go:80.35,81.21 1 0
github-hub/event-processor/internal/mock/server.go:81.21,83.3 1 0
github-hub/event-processor/internal/mock/server.go:84.2,84.12 1 0
github-hub/event-processor/internal/mock/server.go:87.76,108.2 8 2
github-hub/event-processor/internal/mock/server.go:110.79,131.2 8 1
github-hub/event-processor/internal/mock/server.go:133.76,154.2 8 1
github-hub/event-processor/internal/mock/server.go:156.78,177.2 8 1
github-hub/event-processor/internal/mock/server.go:179.77,200.2 8 1
github-hub/event-processor/internal/mock/server.go:202.74,223.2 8 1
github-hub/event-processor/internal/mock/server.go:225.75,232.13 5 2
github-hub/event-processor/internal/mock/server.go:232.13,235.3 2 1
github-hub/event-processor/internal/mock/server.go:237.2,237.24 1 1
github-hub/event-processor/internal/mock/server.go:240.75,242.18 2 2
github-hub/event-processor/internal/mock/server.go:242.18,245.3 2 1
github-hub/event-processor/internal/mock/server.go:247.2,249.40 3 1
github-hub/event-processor/internal/mock/server.go:249.40,253.3 3 1
github-hub/event-processor/internal/mock/server.go:254.2,257.51 3 1
github-hub/event-processor/internal/mock/server.go:257.51,260.3 2 0
github-hub/event-processor/internal/mock/server.go:261.2,263.13 2 1
github-hub/event-processor/internal/mock/server.go:263.13,266.3 2 0
github-hub/event-processor/internal/mock/server.go:268.2,271.4 1 1
github-hub/event-processor/internal/mock/server.go:274.81,275.40 1 7
github-hub/event-processor/internal/mock/server.go:275.40,278.42 3 7
github-hub/event-processor/internal/mock/server.go:278.42,281.4 2 0
github-hub/event-processor/internal/mock/server.go:283.3,288.76 5 7
github-hub/event-processor/internal/mock/server.go:291.2,293.21 3 7
github-hub/event-processor/internal/mock/server.go:296.68,297.18 1 14
github-hub/event-processor/internal/mock/server.go:298.22,304.4 1 3
github-hub/event-processor/internal/mock/server.go:305.31,312.4 1 2
github-hub/event-processor/internal/mock/server.go:313.36,316.4 1 2
github-hub/event-processor/internal/mock/server.go:317.38,320.4 1 2
github-hub/event-processor/internal/mock/server.go:321.37,324.4 1 2
github-hub/event-processor/internal/mock/server.go:325.34,328.4 1 2
github-hub/event-processor/internal/mock/server.go:329.10,330.24 1 1
github-hub/event-processor/internal/mock/server.go:334.54,338.2 3 9
github-hub/event-processor/internal/mock/server.go:340.75,343.2 2 10
github-hub/event-processor/internal/mock/server.go:345.69,350.2 4 2
github-hub/event-processor/internal/monitor/monitor.go:34.47,44.2 2 5
github-hub/event-processor/internal/monitor/monitor.go:46.27,50.2 2 1
github-hub/event-processor/internal/monitor/monitor.go:52.26,55.2 2 1
github-hub/event-processor/internal/monitor/monitor.go:57.41,61.6 3 1
github-hub/event-processor/internal/monitor/monitor.go:61.6,62.10 1 1
github-hub/event-processor/internal/monitor/monitor.go:63.23,65.10 2 1
github-hub/event-processor/internal/monitor/monitor.go:66.19,67.25 1 0
github-hub/event-processor/internal/monitor/monitor.go:72.39,74.16 2 1
github-hub/event-processor/internal/monitor/monitor.go:74.16,77.3 2 0
github-hub/event-processor/internal/monitor/monitor.go:79.2,79.29 1 1
github-hub/event-processor/internal/monitor/monitor.go:79.29,81.3 1 2
github-hub/event-processor/internal/monitor/monitor.go:84.54,85.27 1 4
github-hub/event-processor/internal/monitor/monitor.go:85.27,87.3 1 0
github-hub/event-processor/internal/monitor/monitor.go:89.2,89.51 1 4
github-hub/event-processor/internal/monitor/monitor.go:89.51,91.83 2 2
github-hub/event-processor/internal/monitor/monitor.go:91.83,93.4 1 0
github-hub/event-processor/internal/monitor/monitor.go:94.3,94.9 1 2
github-hub/event-processor/internal/monitor/monitor.go:97.2,98.16 2 2
github-hub/event-processor/internal/monitor/monitor.go:98.16,101.3 2 0
github-hub/event-processor/internal/monitor/monitor.go:103.2,103.16 1 2
github-hub/event-processor/internal/monitor/monitor.go:104.31,106.65 2 0
github-hub/event-processor/internal/monitor/monitor.go:106.65,108.4 1 0
github-hub/event-processor/internal/monitor/monitor.go:109.31,111.77 2 0
github-hub/event-processor/internal/monitor/monitor.go:111.77,113.4 1 0
github-hub/event-processor/internal/monitor/monitor.go:114.34,116.76 2 0
github-hub/event-processor/internal/monitor/monitor.go:116.76,118.4 1 0
github-hub/event-processor/internal/monitor/monitor.go:119.32,120.53 1 2
github-hub/event-processor/internal/monitor/monitor.go:121.10,122.70 1 0
github-hub/event-processor/internal/monitor/monitor.go:126.102,127.27 1 2
github-hub/event-processor/internal/monitor/monitor.go:127.27,129.3 1 2
github-hub/event-processor/internal/monitor/monitor.go:131.2,134.16 3 0
github-hub/event-processor/internal/monitor/monitor.go:134.16,136.3 1 0
github-hub/event-processor/internal/monitor/monitor.go:137.2,139.44 2 0
github-hub/event-processor/internal/monitor/monitor.go:139.44,141.3 1 0
github-hub/event-processor/internal/monitor/monitor.go:143.2,149.69 2 0
github-hub/event-processor/internal/monitor/monitor.go:149.69,151.3 1 0
github-hub/event-processor/internal/monitor/monitor.go:153.2,154.37 2 0
github-hub/event-processor/internal/monitor/monitor.go:154.37,160.3 1 0
github-hub/event-processor/internal/monitor/monitor.go:162.2,162.25 1 0
github-hub/event-processor/internal/monitor/monitor.go:163.14,164.47 1 0
github-hub/event-processor/internal/monitor/monitor.go:165.14,166.47 1 0
github-hub/event-processor/internal/monitor/monitor.go:167.19,168.50 1 0
github-hub/event-processor/internal/monitor/monitor.go:169.17,170.44 1 0
github-hub/event-processor/internal/monitor/monitor.go:171.10,172.44 1 0
github-hub/event-processor/internal/monitor/monitor.go:182.66,185.27 2 0
github-hub/event-processor/internal/monitor/monitor.go:185.27,187.3 1 0
github-hub/event-processor/internal/monitor/monitor.go:189.2,194.16 3 0
github-hub/event-processor/internal/monitor/monitor.go:194.16,196.3 1 0
github-hub/event-processor/internal/monitor/monitor.go:197.2,205.69 3 0
github-hub/event-processor/internal/monitor/monitor.go:205.69,207.3 1 0
github-hub/event-processor/internal/monitor/monitor.go:209.2,212.37 3 0
github-hub/event-processor/internal/monitor/monitor.go:212.37,218.3 1 0
github-hub/event-processor/internal/monitor/monitor.go:220.2,220.21 1 0
github-hub/event-processor/internal/monitor/monitor.go:223.42,224.29 1 0
github-hub/event-processor/internal/monitor/monitor.go:224.29,226.3 1 0
github-hub/event-processor/internal/monitor/monitor.go:228.2,233.16 3 0
github-hub/event-processor/internal/monitor/monitor.go:233.16,235.3 1 0
github-hub/event-processor/internal/monitor/monitor.go:237.2,238.16 2 0
github-hub/event-processor/internal/monitor/monitor.go:238.16,240.3 1 0
github-hub/event-processor/internal/monitor/monitor.go:241.2,243.38 2 0
github-hub/event-processor/internal/monitor/monitor.go:243.38,245.3 1 0
github-hub/event-processor/internal/monitor/monitor.go:247.2,248.12 2 0
github-hub/event-processor/internal/monitor/monitor.go:251.70,256.23 3 9
github-hub/event-processor/internal/monitor/monitor.go:257.22,263.9 1 2
github-hub/event-processor/internal/monitor/monitor.go:264.31,271.9 1 2
github-hub/event-processor/internal/monitor/monitor.go:272.36,275.9 1 1
github-hub/event-processor/internal/monitor/monitor.go:276.38,279.9 1 1
github-hub/event-processor/internal/monitor/monitor.go:280.37,283.9 1 1
github-hub/event-processor/internal/monitor/monitor.go:284.34,287.9 1 1
github-hub/event-processor/internal/monitor/monitor.go:288.10,289.65 1 1
