mode: atomic
github.com/quality-gateway/shared/pkg/errors/errors.go:49.35,50.18 1 2
github.com/quality-gateway/shared/pkg/errors/errors.go:50.18,52.3 1 1
github.com/quality-gateway/shared/pkg/errors/errors.go:53.2,53.49 1 1
github.com/quality-gateway/shared/pkg/errors/errors.go:57.35,59.2 1 8
github.com/quality-gateway/shared/pkg/errors/errors.go:62.42,67.2 1 2
github.com/quality-gateway/shared/pkg/errors/errors.go:70.54,76.2 1 2
github.com/quality-gateway/shared/pkg/errors/errors.go:79.72,80.22 1 1
github.com/quality-gateway/shared/pkg/errors/errors.go:80.22,82.3 1 1
github.com/quality-gateway/shared/pkg/errors/errors.go:83.2,84.10 2 1
github.com/quality-gateway/shared/pkg/errors/errors.go:88.41,94.2 1 1
github.com/quality-gateway/shared/pkg/errors/errors.go:96.46,102.2 1 1
github.com/quality-gateway/shared/pkg/errors/errors.go:104.45,110.2 1 1
github.com/quality-gateway/shared/pkg/errors/errors.go:112.45,118.2 1 1
github.com/quality-gateway/shared/pkg/errors/errors.go:120.42,126.2 1 1
github.com/quality-gateway/shared/pkg/errors/errors.go:128.41,134.2 1 0
github.com/quality-gateway/shared/pkg/errors/errors.go:136.41,142.2 1 1
github.com/quality-gateway/shared/pkg/errors/errors.go:144.40,150.2 1 1
github.com/quality-gateway/shared/pkg/errors/errors.go:153.33,155.2 1 1
github.com/quality-gateway/shared/pkg/errors/errors.go:158.38,160.2 1 1
github.com/quality-gateway/shared/pkg/errors/errors.go:163.37,165.2 1 1
github.com/quality-gateway/shared/pkg/errors/errors.go:168.37,170.2 1 1
github.com/quality-gateway/shared/pkg/errors/errors.go:173.34,175.2 1 1
github.com/quality-gateway/shared/pkg/errors/errors.go:178.33,180.2 1 1
github.com/quality-gateway/shared/pkg/errors/errors.go:183.32,185.2 1 1
github.com/quality-gateway/shared/pkg/logger/logger.go:28.32,29.11 1 15
github.com/quality-gateway/shared/pkg/logger/logger.go:30.18,31.17 1 2
github.com/quality-gateway/shared/pkg/logger/logger.go:32.17,33.16 1 7
github.com/quality-gateway/shared/pkg/logger/logger.go:34.17,35.16 1 3
github.com/quality-gateway/shared/pkg/logger/logger.go:36.18,37.17 1 3
github.com/quality-gateway/shared/pkg/logger/logger.go:38.10,39.37 1 0
github.com/quality-gateway/shared/pkg/logger/logger.go:68.30,69.23 1 8
github.com/quality-gateway/shared/pkg/logger/logger.go:69.23,71.3 1 0
github.com/quality-gateway/shared/pkg/logger/logger.go:72.2,78.3 1 8
github.com/quality-gateway/shared/pkg/logger/logger.go:82.24,87.2 1 1
github.com/quality-gateway/shared/pkg/logger/logger.go:90.40,94.2 3 0
github.com/quality-gateway/shared/pkg/logger/logger.go:97.41,101.2 3 0
github.com/quality-gateway/shared/pkg/logger/logger.go:104.52,112.2 1 1
github.com/quality-gateway/shared/pkg/logger/logger.go:115.54,123.2 1 1
github.com/quality-gateway/shared/pkg/logger/logger.go:126.53,128.2 1 2
github.com/quality-gateway/shared/pkg/logger/logger.go:131.52,133.2 1 7
github.com/quality-gateway/shared/pkg/logger/logger.go:136.52,138.2 1 2
github.com/quality-gateway/shared/pkg/logger/logger.go:141.53,143.2 1 2
github.com/quality-gateway/shared/pkg/logger/logger.go:146.53,149.2 2 0
github.com/quality-gateway/shared/pkg/logger/logger.go:152.64,153.21 1 13
github.com/quality-gateway/shared/pkg/logger/logger.go:153.21,155.3 1 2
github.com/quality-gateway/shared/pkg/logger/logger.go:157.2,161.20 4 11
github.com/quality-gateway/shared/pkg/logger/logger.go:161.20,163.3 1 10
github.com/quality-gateway/shared/pkg/logger/logger.go:166.2,167.14 2 11
github.com/quality-gateway/shared/pkg/logger/logger.go:167.14,170.3 2 10
github.com/quality-gateway/shared/pkg/logger/logger.go:171.2,173.21 3 11
github.com/quality-gateway/shared/pkg/logger/logger.go:173.21,176.3 2 5
github.com/quality-gateway/shared/pkg/logger/logger.go:177.2,177.20 1 11
github.com/quality-gateway/shared/pkg/logger/logger.go:177.20,180.3 2 1
github.com/quality-gateway/shared/pkg/logger/logger.go:181.2,184.27 2 11
github.com/quality-gateway/shared/pkg/logger/logger.go:184.27,189.3 4 8
github.com/quality-gateway/shared/pkg/logger/logger.go:191.2,192.18 2 11
github.com/quality-gateway/shared/pkg/logger/logger.go:202.38,204.2 1 5
github.com/quality-gateway/shared/pkg/logger/logger.go:207.39,209.2 1 1
github.com/quality-gateway/shared/pkg/logger/logger.go:212.43,214.2 1 0
github.com/quality-gateway/shared/pkg/logger/logger.go:217.27,218.16 1 2
github.com/quality-gateway/shared/pkg/logger/logger.go:218.16,220.3 1 1
github.com/quality-gateway/shared/pkg/logger/logger.go:221.2,221.67 1 1
github.com/quality-gateway/shared/pkg/logger/logger.go:225.47,227.2 1 0
github.com/quality-gateway/shared/pkg/logger/logger.go:230.42,232.2 1 0
github.com/quality-gateway/shared/pkg/logger/logger.go:238.56,241.2 2 0
github.com/quality-gateway/shared/pkg/logger/logger.go:247.28,249.2 1 0
github.com/quality-gateway/shared/pkg/logger/logger.go:252.41,254.2 1 0
github.com/quality-gateway/shared/pkg/logger/logger.go:257.40,259.2 1 0
github.com/quality-gateway/shared/pkg/logger/logger.go:262.40,264.2 1 0
github.com/quality-gateway/shared/pkg/logger/logger.go:267.41,269.2 1 0
github.com/quality-gateway/shared/pkg/logger/logger.go:272.41,274.2 1 0
github.com/quality-gateway/shared/pkg/storage/db.go:30.56,32.16 2 0
github.com/quality-gateway/shared/pkg/storage/db.go:32.16,34.3 1 0
github.com/quality-gateway/shared/pkg/storage/db.go:37.2,37.26 1 0
github.com/quality-gateway/shared/pkg/storage/db.go:37.26,39.3 1 0
github.com/quality-gateway/shared/pkg/storage/db.go:40.2,40.26 1 0
github.com/quality-gateway/shared/pkg/storage/db.go:40.26,42.3 1 0
github.com/quality-gateway/shared/pkg/storage/db.go:43.2,43.29 1 0
github.com/quality-gateway/shared/pkg/storage/db.go:43.29,45.3 1 0
github.com/quality-gateway/shared/pkg/storage/db.go:46.2,46.29 1 0
github.com/quality-gateway/shared/pkg/storage/db.go:46.29,48.3 1 0
github.com/quality-gateway/shared/pkg/storage/db.go:51.2,51.34 1 0
github.com/quality-gateway/shared/pkg/storage/db.go:51.34,54.3 2 0
github.com/quality-gateway/shared/pkg/storage/db.go:56.2,58.38 2 0
github.com/quality-gateway/shared/pkg/storage/db.go:62.29,63.18 1 0
github.com/quality-gateway/shared/pkg/storage/db.go:63.18,66.3 2 0
github.com/quality-gateway/shared/pkg/storage/db.go:67.2,67.12 1 0
github.com/quality-gateway/shared/pkg/storage/db.go:71.78,73.16 2 0
github.com/quality-gateway/shared/pkg/storage/db.go:73.16,75.3 1 0
github.com/quality-gateway/shared/pkg/storage/db.go:76.2,76.44 1 0
github.com/quality-gateway/shared/pkg/storage/db.go:80.96,83.2 2 0
github.com/quality-gateway/shared/pkg/storage/db.go:86.96,89.2 2 0
github.com/quality-gateway/shared/pkg/storage/db.go:92.89,95.2 2 0
github.com/quality-gateway/shared/pkg/storage/db.go:104.30,107.2 2 0
github.com/quality-gateway/shared/pkg/storage/db.go:110.32,113.2 2 0
github.com/quality-gateway/shared/pkg/storage/db.go:116.75,118.2 1 0
github.com/quality-gateway/shared/pkg/storage/db.go:121.75,123.2 1 0
github.com/quality-gateway/shared/pkg/storage/db.go:126.68,128.2 1 0
github.com/quality-gateway/shared/pkg/storage/db.go:141.73,143.2 1 3
github.com/quality-gateway/shared/pkg/storage/db.go:146.55,148.2 1 1
github.com/quality-gateway/shared/pkg/storage/db.go:151.79,155.18 3 0
github.com/quality-gateway/shared/pkg/storage/db.go:155.18,157.17 2 0
github.com/quality-gateway/shared/pkg/storage/db.go:157.17,159.4 1 0
github.com/quality-gateway/shared/pkg/storage/db.go:160.3,160.29 1 0
github.com/quality-gateway/shared/pkg/storage/db.go:163.2,163.35 1 0
github.com/quality-gateway/shared/pkg/storage/db.go:163.35,165.3 1 0
github.com/quality-gateway/shared/pkg/storage/db.go:167.2,167.20 1 0
github.com/quality-gateway/shared/pkg/storage/db.go:178.84,184.2 1 0
github.com/quality-gateway/shared/pkg/storage/db.go:187.106,191.2 3 0
github.com/quality-gateway/shared/pkg/storage/db.go:194.95,197.16 3 0
github.com/quality-gateway/shared/pkg/storage/db.go:197.16,199.3 1 0
github.com/quality-gateway/shared/pkg/storage/db.go:200.2,201.36 2 0
github.com/quality-gateway/shared/pkg/storage/db.go:205.69,209.2 3 0
github.com/quality-gateway/shared/pkg/storage/db.go:212.67,217.2 4 0
github.com/quality-gateway/shared/pkg/storage/db.go:220.77,225.2 4 0
github.com/quality-gateway/shared/pkg/storage/db.go:235.80,241.2 1 0
github.com/quality-gateway/shared/pkg/storage/db.go:244.106,246.16 2 0
github.com/quality-gateway/shared/pkg/storage/db.go:246.16,248.3 1 0
github.com/quality-gateway/shared/pkg/storage/db.go:249.2,251.34 2 0
github.com/quality-gateway/shared/pkg/storage/db.go:251.34,252.48 1 0
github.com/quality-gateway/shared/pkg/storage/db.go:252.48,254.4 1 0
github.com/quality-gateway/shared/pkg/storage/db.go:257.2,257.20 1 0
github.com/quality-gateway/shared/pkg/storage/db.go:261.62,263.30 2 3
github.com/quality-gateway/shared/pkg/storage/db.go:263.30,264.12 1 4
github.com/quality-gateway/shared/pkg/storage/db.go:264.12,266.4 1 2
github.com/quality-gateway/shared/pkg/storage/db.go:267.3,267.15 1 4
github.com/quality-gateway/shared/pkg/storage/db.go:269.2,270.25 2 3
github.com/quality-gateway/shared/pkg/storage/db.go:270.25,271.12 1 4
github.com/quality-gateway/shared/pkg/storage/db.go:271.12,273.4 1 2
github.com/quality-gateway/shared/pkg/storage/db.go:274.3,274.15 1 4
github.com/quality-gateway/shared/pkg/storage/db.go:276.2,277.14 2 3
github.com/quality-gateway/shared/pkg/storage/db.go:281.76,283.30 2 3
github.com/quality-gateway/shared/pkg/storage/db.go:283.30,284.12 1 5
github.com/quality-gateway/shared/pkg/storage/db.go:284.12,286.4 1 2
github.com/quality-gateway/shared/pkg/storage/db.go:287.3,287.24 1 5
github.com/quality-gateway/shared/pkg/storage/db.go:289.2,289.17 1 3
github.com/quality-gateway/shared/pkg/storage/db.go:289.17,291.3 1 2
github.com/quality-gateway/shared/pkg/storage/db.go:292.2,292.14 1 3
github.com/quality-gateway/shared/pkg/models/event.go:46.38,50.2 1 5
github.com/quality-gateway/shared/pkg/models/event.go:98.40,100.2 1 0
github.com/quality-gateway/shared/pkg/models/event.go:103.40,105.2 1 0
github.com/quality-gateway/shared/pkg/models/event.go:108.41,110.2 1 0
github.com/quality-gateway/shared/pkg/models/event.go:113.41,115.2 1 0
github.com/quality-gateway/shared/pkg/models/event.go:118.48,119.11 1 4
github.com/quality-gateway/shared/pkg/models/event.go:120.31,121.20 1 1
github.com/quality-gateway/shared/pkg/models/event.go:122.34,123.24 1 1
github.com/quality-gateway/shared/pkg/models/event.go:124.31,125.20 1 1
github.com/quality-gateway/shared/pkg/models/event.go:126.33,127.22 1 0
github.com/quality-gateway/shared/pkg/models/event.go:128.32,129.21 1 0
github.com/quality-gateway/shared/pkg/models/event.go:130.34,131.23 1 1
github.com/quality-gateway/shared/pkg/models/event.go:132.34,133.22 1 0
github.com/quality-gateway/shared/pkg/models/event.go:134.37,135.26 1 0
github.com/quality-gateway/shared/pkg/models/event.go:136.42,137.32 1 0
github.com/quality-gateway/shared/pkg/models/event.go:138.44,139.34 1 0
github.com/quality-gateway/shared/pkg/models/event.go:140.43,141.33 1 0
github.com/quality-gateway/shared/pkg/models/event.go:142.45,143.30 1 0
github.com/quality-gateway/shared/pkg/models/event.go:144.10,145.19 1 0
github.com/quality-gateway/shared/pkg/models/event.go:150.64,151.11 1 8
github.com/quality-gateway/shared/pkg/models/event.go:152.18,153.38 1 1
github.com/quality-gateway/shared/pkg/models/event.go:154.22,155.41 1 1
github.com/quality-gateway/shared/pkg/models/event.go:156.18,157.38 1 1
github.com/quality-gateway/shared/pkg/models/event.go:158.20,159.40 1 1
github.com/quality-gateway/shared/pkg/models/event.go:160.19,161.39 1 1
github.com/quality-gateway/shared/pkg/models/event.go:162.21,163.41 1 1
github.com/quality-gateway/shared/pkg/models/event.go:164.20,165.41 1 1
github.com/quality-gateway/shared/pkg/models/event.go:166.24,167.44 1 0
github.com/quality-gateway/shared/pkg/models/event.go:168.36,169.49 1 0
github.com/quality-gateway/shared/pkg/models/event.go:170.38,171.51 1 0
github.com/quality-gateway/shared/pkg/models/event.go:172.37,173.50 1 0
github.com/quality-gateway/shared/pkg/models/event.go:174.34,175.52 1 0
github.com/quality-gateway/shared/pkg/models/event.go:176.10,177.33 1 1
github.com/quality-gateway/shared/pkg/models/event.go:182.68,183.11 1 0
github.com/quality-gateway/shared/pkg/models/event.go:184.17,185.40 1 0
github.com/quality-gateway/shared/pkg/models/event.go:186.17,187.40 1 0
github.com/quality-gateway/shared/pkg/models/event.go:188.16,189.39 1 0
github.com/quality-gateway/shared/pkg/models/event.go:190.16,191.39 1 0
github.com/quality-gateway/shared/pkg/models/event.go:192.17,193.40 1 0
github.com/quality-gateway/shared/pkg/models/event.go:194.19,195.42 1 0
github.com/quality-gateway/shared/pkg/models/event.go:196.10,197.35 1 0
github.com/quality-gateway/shared/pkg/models/event.go:202.54,203.11 1 6
github.com/quality-gateway/shared/pkg/models/event.go:204.17,205.33 1 1
github.com/quality-gateway/shared/pkg/models/event.go:206.20,207.36 1 1
github.com/quality-gateway/shared/pkg/models/event.go:208.16,209.32 1 1
github.com/quality-gateway/shared/pkg/models/event.go:210.16,211.32 1 1
github.com/quality-gateway/shared/pkg/models/event.go:212.19,213.35 1 1
github.com/quality-gateway/shared/pkg/models/event.go:214.10,215.35 1 1
github.com/quality-gateway/shared/pkg/models/resource.go:19.56,20.11 1 0
github.com/quality-gateway/shared/pkg/models/resource.go:21.22,22.34 1 0
github.com/quality-gateway/shared/pkg/models/resource.go:23.31,24.37 1 0
github.com/quality-gateway/shared/pkg/models/resource.go:25.36,26.34 1 0
github.com/quality-gateway/shared/pkg/models/resource.go:27.38,28.36 1 0
github.com/quality-gateway/shared/pkg/models/resource.go:29.37,30.35 1 0
github.com/quality-gateway/shared/pkg/models/resource.go:31.34,32.37 1 0
github.com/quality-gateway/shared/pkg/models/resource.go:33.10,34.36 1 0
github.com/quality-gateway/shared/pkg/models/resource.go:39.45,40.12 1 0
github.com/quality-gateway/shared/pkg/models/resource.go:41.27,42.24 1 0
github.com/quality-gateway/shared/pkg/models/resource.go:43.30,44.26 1 0
github.com/quality-gateway/shared/pkg/models/resource.go:45.27,46.20 1 0
github.com/quality-gateway/shared/pkg/models/resource.go:47.29,48.22 1 0
github.com/quality-gateway/shared/pkg/models/resource.go:49.28,50.21 1 0
github.com/quality-gateway/shared/pkg/models/resource.go:51.30,52.23 1 0
github.com/quality-gateway/shared/pkg/models/resource.go:53.10,54.20 1 0
github.com/quality-gateway/shared/pkg/models/resource.go:59.62,61.2 1 0
github.com/quality-gateway/shared/pkg/models/resource.go:83.39,85.2 1 0
github.com/quality-gateway/shared/pkg/models/task.go:72.37,79.2 1 8
github.com/quality-gateway/shared/pkg/models/task.go:82.33,84.2 1 0
github.com/quality-gateway/shared/pkg/models/task.go:87.33,89.2 1 0
github.com/quality-gateway/shared/pkg/models/task.go:92.32,94.2 1 2
github.com/quality-gateway/shared/pkg/models/task.go:97.32,99.2 1 3
github.com/quality-gateway/shared/pkg/models/task.go:102.52,103.11 1 9
github.com/quality-gateway/shared/pkg/models/task.go:104.17,105.32 1 1
github.com/quality-gateway/shared/pkg/models/task.go:106.17,107.32 1 1
github.com/quality-gateway/shared/pkg/models/task.go:108.16,109.31 1 1
github.com/quality-gateway/shared/pkg/models/task.go:110.16,111.31 1 1
github.com/quality-gateway/shared/pkg/models/task.go:112.17,113.32 1 1
github.com/quality-gateway/shared/pkg/models/task.go:114.19,115.34 1 1
github.com/quality-gateway/shared/pkg/models/task.go:116.17,117.32 1 1
github.com/quality-gateway/shared/pkg/models/task.go:118.21,119.35 1 1
github.com/quality-gateway/shared/pkg/models/task.go:120.10,121.34 1 1
github.com/quality-gateway/shared/pkg/models/task.go:126.48,127.11 1 0
github.com/quality-gateway/shared/pkg/models/task.go:128.18,129.30 1 0
github.com/quality-gateway/shared/pkg/models/task.go:130.22,131.33 1 0
github.com/quality-gateway/shared/pkg/models/task.go:132.18,133.30 1 0
github.com/quality-gateway/shared/pkg/models/task.go:134.20,135.32 1 0
github.com/quality-gateway/shared/pkg/models/task.go:136.19,137.31 1 0
github.com/quality-gateway/shared/pkg/models/task.go:138.21,139.33 1 0
github.com/quality-gateway/shared/pkg/models/task.go:140.20,141.33 1 0
github.com/quality-gateway/shared/pkg/models/task.go:142.24,143.36 1 0
github.com/quality-gateway/shared/pkg/models/task.go:144.36,145.41 1 0
github.com/quality-gateway/shared/pkg/models/task.go:146.38,147.43 1 0
github.com/quality-gateway/shared/pkg/models/task.go:148.37,149.42 1 0
github.com/quality-gateway/shared/pkg/models/task.go:150.34,151.44 1 0
github.com/quality-gateway/shared/pkg/models/task.go:152.10,153.34 1 0
github.com/quality-gateway/shared/pkg/models/task.go:158.40,159.11 1 5
github.com/quality-gateway/shared/pkg/models/task.go:160.23,161.20 1 1
github.com/quality-gateway/shared/pkg/models/task.go:162.26,163.24 1 1
github.com/quality-gateway/shared/pkg/models/task.go:164.23,165.20 1 1
github.com/quality-gateway/shared/pkg/models/task.go:166.25,167.22 1 0
github.com/quality-gateway/shared/pkg/models/task.go:168.24,169.21 1 0
github.com/quality-gateway/shared/pkg/models/task.go:170.26,171.23 1 1
github.com/quality-gateway/shared/pkg/models/task.go:172.26,173.22 1 0
github.com/quality-gateway/shared/pkg/models/task.go:174.29,175.26 1 0
github.com/quality-gateway/shared/pkg/models/task.go:176.34,177.32 1 0
github.com/quality-gateway/shared/pkg/models/task.go:178.36,179.34 1 0
github.com/quality-gateway/shared/pkg/models/task.go:180.35,181.33 1 0
github.com/quality-gateway/shared/pkg/models/task.go:182.37,183.30 1 1
github.com/quality-gateway/shared/pkg/models/task.go:184.10,185.19 1 0
github.com/quality-gateway/shared/pkg/models/task.go:190.57,192.2 1 4
github.com/quality-gateway/shared/pkg/models/task.go:195.38,197.2 1 4
github.com/quality-gateway/shared/pkg/models/user.go:17.31,19.2 1 0
github.com/quality-gateway/shared/pkg/models/user.go:22.37,23.22 1 0
github.com/quality-gateway/shared/pkg/models/user.go:23.22,25.3 1 0
github.com/quality-gateway/shared/pkg/models/user.go:26.2,26.19 1 0
github.com/quality-gateway/shared/pkg/config/config.go:28.26,33.2 1 16
github.com/quality-gateway/shared/pkg/config/config.go:36.52,39.2 2 1
github.com/quality-gateway/shared/pkg/config/config.go:42.57,45.2 2 14
github.com/quality-gateway/shared/pkg/config/config.go:48.67,49.29 1 0
github.com/quality-gateway/shared/pkg/config/config.go:49.29,51.3 1 0
github.com/quality-gateway/shared/pkg/config/config.go:52.2,52.10 1 0
github.com/quality-gateway/shared/pkg/config/config.go:56.47,58.2 1 6
github.com/quality-gateway/shared/pkg/config/config.go:61.41,64.16 3 2
github.com/quality-gateway/shared/pkg/config/config.go:64.16,66.3 1 1
github.com/quality-gateway/shared/pkg/config/config.go:67.2,67.10 1 1
github.com/quality-gateway/shared/pkg/config/config.go:71.45,74.16 3 0
github.com/quality-gateway/shared/pkg/config/config.go:74.16,76.3 1 0
github.com/quality-gateway/shared/pkg/config/config.go:77.2,77.10 1 0
github.com/quality-gateway/shared/pkg/config/config.go:81.43,84.2 2 8
github.com/quality-gateway/shared/pkg/config/config.go:87.49,90.16 3 1
github.com/quality-gateway/shared/pkg/config/config.go:90.16,92.3 1 0
github.com/quality-gateway/shared/pkg/config/config.go:93.2,93.10 1 1
github.com/quality-gateway/shared/pkg/config/config.go:97.41,100.20 2 17
github.com/quality-gateway/shared/pkg/config/config.go:100.20,102.3 1 1
github.com/quality-gateway/shared/pkg/config/config.go:103.2,103.41 1 17
github.com/quality-gateway/shared/pkg/config/config.go:103.41,105.3 1 1
github.com/quality-gateway/shared/pkg/config/config.go:108.2,108.20 1 16
github.com/quality-gateway/shared/pkg/config/config.go:108.20,109.56 1 0
github.com/quality-gateway/shared/pkg/config/config.go:109.56,111.4 1 0
github.com/quality-gateway/shared/pkg/config/config.go:115.2,115.39 1 16
github.com/quality-gateway/shared/pkg/config/config.go:115.39,117.3 1 1
github.com/quality-gateway/shared/pkg/config/config.go:120.2,120.36 1 15
github.com/quality-gateway/shared/pkg/config/config.go:120.36,122.3 1 14
github.com/quality-gateway/shared/pkg/config/config.go:124.2,124.11 1 1
github.com/quality-gateway/shared/pkg/config/config.go:128.51,130.13 2 2
github.com/quality-gateway/shared/pkg/config/config.go:130.13,131.61 1 1
github.com/quality-gateway/shared/pkg/config/config.go:133.2,133.10 1 1
github.com/quality-gateway/shared/pkg/config/config.go:137.45,139.32 2 0
github.com/quality-gateway/shared/pkg/config/config.go:139.32,140.61 1 0
github.com/quality-gateway/shared/pkg/config/config.go:142.2,142.10 1 0
github.com/quality-gateway/shared/pkg/config/config.go:146.49,148.32 2 0
github.com/quality-gateway/shared/pkg/config/config.go:148.32,149.61 1 0
github.com/quality-gateway/shared/pkg/config/config.go:151.2,151.10 1 0
github.com/quality-gateway/shared/pkg/config/config.go:155.47,157.13 2 0
github.com/quality-gateway/shared/pkg/config/config.go:157.13,158.61 1 0
github.com/quality-gateway/shared/pkg/config/config.go:160.2,160.23 1 0
github.com/quality-gateway/shared/pkg/config/config.go:164.70,166.16 2 0
github.com/quality-gateway/shared/pkg/config/config.go:166.16,168.3 1 0
github.com/quality-gateway/shared/pkg/config/config.go:169.2,169.53 1 0
github.com/quality-gateway/shared/pkg/config/config.go:169.53,171.3 1 0
github.com/quality-gateway/shared/pkg/config/config.go:172.2,172.12 1 0
github.com/quality-gateway/shared/pkg/config/config.go:176.56,177.24 1 1
github.com/quality-gateway/shared/pkg/config/config.go:177.24,179.3 1 1
github.com/quality-gateway/shared/pkg/config/config.go:189.41,190.18 1 2
github.com/quality-gateway/shared/pkg/config/config.go:190.18,192.3 1 1
github.com/quality-gateway/shared/pkg/config/config.go:193.2,193.45 1 2
github.com/quality-gateway/shared/pkg/config/config.go:197.41,198.35 1 2
github.com/quality-gateway/shared/pkg/config/config.go:198.35,200.3 1 1
github.com/quality-gateway/shared/pkg/config/config.go:201.2,201.12 1 1
github.com/quality-gateway/shared/pkg/config/config.go:218.39,219.18 1 1
github.com/quality-gateway/shared/pkg/config/config.go:220.15,222.55 1 1
github.com/quality-gateway/shared/pkg/config/config.go:223.10,224.12 1 0
github.com/quality-gateway/shared/pkg/config/config.go:229.43,230.20 1 2
github.com/quality-gateway/shared/pkg/config/config.go:230.20,232.3 1 1
github.com/quality-gateway/shared/pkg/config/config.go:233.2,233.18 1 1
github.com/quality-gateway/shared/pkg/config/config.go:233.18,235.3 1 0
github.com/quality-gateway/shared/pkg/config/config.go:236.2,236.35 1 1
github.com/quality-gateway/shared/pkg/config/config.go:236.35,238.3 1 0
github.com/quality-gateway/shared/pkg/config/config.go:239.2,239.22 1 1
github.com/quality-gateway/shared/pkg/config/config.go:239.22,241.3 1 0
github.com/quality-gateway/shared/pkg/config/config.go:242.2,242.22 1 1
github.com/quality-gateway/shared/pkg/config/config.go:242.22,244.3 1 0
github.com/quality-gateway/shared/pkg/config/config.go:245.2,245.12 1 1
github.com/quality-gateway/shared/pkg/config/config.go:256.45,257.20 1 1
github.com/quality-gateway/shared/pkg/config/config.go:257.20,259.3 1 1
github.com/quality-gateway/shared/pkg/config/config.go:260.2,260.25 1 1
github.com/quality-gateway/shared/pkg/config/config.go:260.25,262.3 1 1
github.com/quality-gateway/shared/pkg/config/config.go:263.2,263.28 1 1
github.com/quality-gateway/shared/pkg/config/config.go:263.28,265.3 1 1
github.com/quality-gateway/shared/pkg/config/config.go:266.2,266.12 1 1
github.com/quality-gateway/shared/pkg/config/config.go:270.67,275.2 1 0
github.com/quality-gateway/shared/pkg/config/config.go:278.71,290.2 1 0
github.com/quality-gateway/shared/pkg/testing/mocks.go:22.34,26.95 2 0
github.com/quality-gateway/shared/pkg/testing/mocks.go:26.95,32.10 5 0
github.com/quality-gateway/shared/pkg/testing/mocks.go:32.10,34.34 1 0
github.com/quality-gateway/shared/pkg/testing/mocks.go:34.34,35.88 1 0
github.com/quality-gateway/shared/pkg/testing/mocks.go:35.88,38.6 2 0
github.com/quality-gateway/shared/pkg/testing/mocks.go:40.4,41.10 2 0
github.com/quality-gateway/shared/pkg/testing/mocks.go:44.3,44.16 1 0
github.com/quality-gateway/shared/pkg/testing/mocks.go:46.2,46.11 1 0
github.com/quality-gateway/shared/pkg/testing/mocks.go:50.36,52.2 1 0
github.com/quality-gateway/shared/pkg/testing/mocks.go:55.31,57.2 1 0
github.com/quality-gateway/shared/pkg/testing/mocks.go:60.77,64.2 3 0
github.com/quality-gateway/shared/pkg/testing/mocks.go:67.109,69.2 1 0
github.com/quality-gateway/shared/pkg/testing/mocks.go:72.73,73.71 1 0
github.com/quality-gateway/shared/pkg/testing/mocks.go:73.71,76.3 2 0
github.com/quality-gateway/shared/pkg/testing/mocks.go:80.69,81.71 1 0
github.com/quality-gateway/shared/pkg/testing/mocks.go:81.71,83.3 1 0
github.com/quality-gateway/shared/pkg/testing/mocks.go:87.31,91.2 3 0
github.com/quality-gateway/shared/pkg/testing/mocks.go:94.42,96.2 1 0
github.com/quality-gateway/shared/pkg/testing/mocks.go:99.67,113.37 2 0
github.com/quality-gateway/shared/pkg/testing/mocks.go:113.37,115.3 1 0
github.com/quality-gateway/shared/pkg/testing/mocks.go:117.2,117.14 1 0
github.com/quality-gateway/shared/pkg/testing/mocks.go:121.64,135.37 2 0
github.com/quality-gateway/shared/pkg/testing/mocks.go:135.37,137.3 1 0
github.com/quality-gateway/shared/pkg/testing/mocks.go:139.2,139.13 1 0
github.com/quality-gateway/shared/pkg/testing/mocks.go:143.88,153.37 2 0
github.com/quality-gateway/shared/pkg/testing/mocks.go:153.37,155.3 1 0
github.com/quality-gateway/shared/pkg/testing/mocks.go:157.2,157.14 1 0
github.com/quality-gateway/shared/pkg/testing/mocks.go:176.16,178.2 1 0
github.com/quality-gateway/shared/pkg/testing/mocks.go:181.48,182.16 1 0
github.com/quality-gateway/shared/pkg/testing/mocks.go:182.16,185.3 2 0
github.com/quality-gateway/shared/pkg/testing/mocks.go:189.65,190.24 1 0
github.com/quality-gateway/shared/pkg/testing/mocks.go:190.24,193.3 2 0
github.com/quality-gateway/shared/pkg/testing/mocks.go:197.55,198.18 1 0
github.com/quality-gateway/shared/pkg/testing/mocks.go:198.18,201.3 2 0
github.com/quality-gateway/shared/pkg/testing/mocks.go:205.62,206.16 1 0
github.com/quality-gateway/shared/pkg/testing/mocks.go:206.16,209.3 2 0
github.com/quality-gateway/shared/pkg/testing/mocks.go:213.63,214.15 1 0
github.com/quality-gateway/shared/pkg/testing/mocks.go:214.15,217.3 2 0
github.com/quality-gateway/shared/pkg/testing/mocks.go:226.63,228.2 1 0
github.com/quality-gateway/shared/pkg/testing/mocks.go:231.51,234.2 2 0
github.com/quality-gateway/shared/pkg/testing/mocks.go:237.66,240.2 2 0
github.com/quality-gateway/shared/pkg/testing/mocks.go:243.64,245.9 2 0
github.com/quality-gateway/shared/pkg/testing/mocks.go:245.9,247.3 1 0
github.com/quality-gateway/shared/pkg/testing/mocks.go:248.2,249.16 2 0
github.com/quality-gateway/shared/pkg/testing/mocks.go:253.58,255.9 2 0
github.com/quality-gateway/shared/pkg/testing/mocks.go:255.9,257.3 1 0
github.com/quality-gateway/shared/pkg/testing/mocks.go:259.2,259.25 1 0
github.com/quality-gateway/shared/pkg/testing/mocks.go:260.11,261.17 1 0
github.com/quality-gateway/shared/pkg/testing/mocks.go:262.15,263.22 1 0
github.com/quality-gateway/shared/pkg/testing/mocks.go:265.2,265.17 1 0
github.com/quality-gateway/shared/pkg/testing/mocks.go:269.76,284.37 2 1
github.com/quality-gateway/shared/pkg/testing/mocks.go:284.37,286.3 1 0
github.com/quality-gateway/shared/pkg/testing/mocks.go:288.2,288.17 1 1
github.com/quality-gateway/shared/pkg/testing/mocks.go:292.64,300.37 2 1
github.com/quality-gateway/shared/pkg/testing/mocks.go:300.37,302.3 1 0
github.com/quality-gateway/shared/pkg/testing/mocks.go:304.2,304.13 1 1
github.com/quality-gateway/shared/pkg/testing/testutil.go:21.44,29.16 4 0
github.com/quality-gateway/shared/pkg/testing/testutil.go:29.16,31.3 1 0
github.com/quality-gateway/shared/pkg/testing/testutil.go:33.2,33.11 1 0
github.com/quality-gateway/shared/pkg/testing/testutil.go:37.69,42.18 3 0
github.com/quality-gateway/shared/pkg/testing/testutil.go:42.18,44.17 2 0
github.com/quality-gateway/shared/pkg/testing/testutil.go:44.17,47.4 2 0
github.com/quality-gateway/shared/pkg/testing/testutil.go:50.2,50.11 1 0
github.com/quality-gateway/shared/pkg/testing/testutil.go:54.51,56.35 2 0
github.com/quality-gateway/shared/pkg/testing/testutil.go:56.35,58.3 1 0
github.com/quality-gateway/shared/pkg/testing/testutil.go:62.34,64.2 1 0
github.com/quality-gateway/shared/pkg/testing/testutil.go:70.56,72.2 1 0
github.com/quality-gateway/shared/pkg/testing/testutil.go:74.55,76.2 1 0
github.com/quality-gateway/shared/pkg/testing/testutil.go:78.55,80.2 1 0
github.com/quality-gateway/shared/pkg/testing/testutil.go:82.56,84.2 1 0
github.com/quality-gateway/shared/pkg/testing/testutil.go:86.61,88.2 1 0
github.com/quality-gateway/shared/pkg/testing/testutil.go:90.55,92.2 1 0
github.com/quality-gateway/shared/pkg/testing/testutil.go:95.83,102.6 5 1
github.com/quality-gateway/shared/pkg/testing/testutil.go:102.6,103.33 1 2
github.com/quality-gateway/shared/pkg/testing/testutil.go:103.33,105.4 1 0
github.com/quality-gateway/shared/pkg/testing/testutil.go:106.3,106.18 1 2
github.com/quality-gateway/shared/pkg/testing/testutil.go:106.18,108.4 1 1
github.com/quality-gateway/shared/pkg/testing/testutil.go:109.3,109.13 1 1
github.com/quality-gateway/shared/pkg/testing/testutil.go:114.105,121.6 5 0
github.com/quality-gateway/shared/pkg/testing/testutil.go:121.6,122.33 1 0
github.com/quality-gateway/shared/pkg/testing/testutil.go:122.33,124.4 1 0
github.com/quality-gateway/shared/pkg/testing/testutil.go:125.3,125.18 1 0
github.com/quality-gateway/shared/pkg/testing/testutil.go:125.18,127.4 1 0
github.com/quality-gateway/shared/pkg/testing/testutil.go:128.3,128.13 1 0
github.com/quality-gateway/shared/pkg/testing/testutil.go:133.45,135.16 2 0
github.com/quality-gateway/shared/pkg/testing/testutil.go:135.16,137.3 1 0
github.com/quality-gateway/shared/pkg/testing/testutil.go:141.43,143.16 2 0
github.com/quality-gateway/shared/pkg/testing/testutil.go:143.16,145.3 1 0
github.com/quality-gateway/shared/pkg/testing/testutil.go:149.66,151.16 2 0
github.com/quality-gateway/shared/pkg/testing/testutil.go:151.16,153.3 1 0
github.com/quality-gateway/shared/pkg/testing/testutil.go:154.2,154.44 1 0
github.com/quality-gateway/shared/pkg/testing/testutil.go:154.44,156.3 1 0
github.com/quality-gateway/shared/pkg/testing/testutil.go:160.56,162.17 2 2
github.com/quality-gateway/shared/pkg/testing/testutil.go:162.17,164.3 1 0
github.com/quality-gateway/shared/pkg/testing/testutil.go:168.57,170.17 2 2
github.com/quality-gateway/shared/pkg/testing/testutil.go:170.17,172.3 1 0
github.com/quality-gateway/shared/pkg/testing/testutil.go:176.62,178.16 2 1
github.com/quality-gateway/shared/pkg/testing/testutil.go:178.16,179.19 1 0
github.com/quality-gateway/shared/pkg/testing/testutil.go:179.19,181.4 1 0
github.com/quality-gateway/shared/pkg/testing/testutil.go:181.9,183.4 1 0
github.com/quality-gateway/shared/pkg/testing/testutil.go:188.63,190.15 2 1
github.com/quality-gateway/shared/pkg/testing/testutil.go:190.15,191.19 1 0
github.com/quality-gateway/shared/pkg/testing/testutil.go:191.19,193.4 1 0
github.com/quality-gateway/shared/pkg/testing/testutil.go:193.9,195.4 1 0
github.com/quality-gateway/shared/pkg/testing/testutil.go:200.47,202.17 2 1
github.com/quality-gateway/shared/pkg/testing/testutil.go:202.17,204.3 1 0
github.com/quality-gateway/shared/pkg/testing/testutil.go:208.32,209.14 1 1
github.com/quality-gateway/shared/pkg/testing/testutil.go:209.14,211.3 1 0
github.com/quality-gateway/shared/pkg/testing/testutil.go:212.2,213.19 2 1
github.com/quality-gateway/shared/pkg/testing/testutil.go:214.94,215.20 1 1
github.com/quality-gateway/shared/pkg/testing/testutil.go:217.2,217.14 1 0
github.com/quality-gateway/shared/pkg/testing/testutil.go:221.50,223.16 2 1
github.com/quality-gateway/shared/pkg/testing/testutil.go:223.16,225.3 1 0
github.com/quality-gateway/shared/pkg/testing/testutil.go:229.44,231.15 2 0
github.com/quality-gateway/shared/pkg/testing/testutil.go:231.15,233.3 1 0
github.com/quality-gateway/shared/pkg/testing/testutil.go:237.47,239.15 2 0
github.com/quality-gateway/shared/pkg/testing/testutil.go:239.15,241.3 1 0
github.com/quality-gateway/shared/pkg/testing/testutil.go:245.74,248.25 3 2
github.com/quality-gateway/shared/pkg/testing/testutil.go:249.13,250.18 1 0
github.com/quality-gateway/shared/pkg/testing/testutil.go:251.16,252.18 1 0
github.com/quality-gateway/shared/pkg/testing/testutil.go:253.13,254.18 1 1
github.com/quality-gateway/shared/pkg/testing/testutil.go:255.15,256.18 1 0
github.com/quality-gateway/shared/pkg/testing/testutil.go:257.22,258.18 1 0
github.com/quality-gateway/shared/pkg/testing/testutil.go:259.14,260.18 1 1
github.com/quality-gateway/shared/pkg/testing/testutil.go:261.10,263.9 2 0
github.com/quality-gateway/shared/pkg/testing/testutil.go:266.2,266.22 1 2
github.com/quality-gateway/shared/pkg/testing/testutil.go:266.22,267.19 1 0
github.com/quality-gateway/shared/pkg/testing/testutil.go:267.19,269.4 1 0
github.com/quality-gateway/shared/pkg/testing/testutil.go:269.9,271.4 1 0
github.com/quality-gateway/shared/pkg/testing/testutil.go:276.53,278.34 2 1
github.com/quality-gateway/shared/pkg/testing/testutil.go:278.34,280.3 1 0
github.com/quality-gateway/shared/pkg/testing/testutil.go:284.56,286.33 2 1
github.com/quality-gateway/shared/pkg/testing/testutil.go:286.33,288.3 1 0
github.com/quality-gateway/shared/pkg/testing/testutil.go:292.64,295.16 3 0
github.com/quality-gateway/shared/pkg/testing/testutil.go:295.16,297.3 1 0
github.com/quality-gateway/shared/pkg/testing/testutil.go:301.71,304.16 3 0
github.com/quality-gateway/shared/pkg/testing/testutil.go:304.16,306.3 1 0
github.com/quality-gateway/shared/pkg/testing/testutil.go:310.82,313.16 3 0
github.com/quality-gateway/shared/pkg/testing/testutil.go:313.16,315.3 1 0
github.com/quality-gateway/shared/pkg/testing/testutil.go:319.65,321.17 2 0
github.com/quality-gateway/shared/pkg/testing/testutil.go:321.17,322.27 1 0
github.com/quality-gateway/shared/pkg/testing/testutil.go:323.15,324.33 1 0
github.com/quality-gateway/shared/pkg/testing/testutil.go:325.15,326.55 1 0
github.com/quality-gateway/shared/pkg/testing/testutil.go:327.11,330.18 2 0
github.com/quality-gateway/shared/pkg/testing/testutil.go:330.18,331.56 1 0
github.com/quality-gateway/shared/pkg/testing/testutil.go:333.4,333.48 1 0
github.com/quality-gateway/shared/pkg/testing/testutil.go:337.2,338.16 2 0
github.com/quality-gateway/shared/pkg/testing/testutil.go:338.16,339.48 1 0
github.com/quality-gateway/shared/pkg/testing/testutil.go:341.2,342.12 2 0
github.com/quality-gateway/shared/pkg/testing/testutil.go:346.113,353.2 5 0
github.com/quality-gateway/shared/pkg/testing/testutil.go:356.79,358.22 2 1
github.com/quality-gateway/shared/pkg/testing/testutil.go:358.22,361.3 2 0
github.com/quality-gateway/shared/pkg/testing/testutil.go:365.84,368.37 3 1
github.com/quality-gateway/shared/pkg/testing/testutil.go:368.37,370.3 1 0
github.com/quality-gateway/shared/pkg/testing/testutil.go:374.51,376.17 2 0
github.com/quality-gateway/shared/pkg/testing/testutil.go:376.17,378.3 1 0
github.com/quality-gateway/shared/pkg/testing/testutil.go:382.46,383.42 1 0
github.com/quality-gateway/shared/pkg/testing/testutil.go:383.42,385.3 1 0
github.com/quality-gateway/shared/pkg/testing/testutil.go:386.2,386.21 1 0
github.com/quality-gateway/shared/pkg/testing/testutil.go:390.46,395.19 4 1
github.com/quality-gateway/shared/pkg/testing/testutil.go:395.19,396.21 1 1
github.com/quality-gateway/shared/pkg/testing/testutil.go:396.21,398.4 1 1
github.com/quality-gateway/shared/pkg/testing/testutil.go:398.9,400.4 1 0
github.com/quality-gateway/shared/pkg/testing/testutil.go:405.35,409.16 3 1
github.com/quality-gateway/shared/pkg/testing/testutil.go:409.16,411.3 1 0
github.com/quality-gateway/shared/pkg/testing/testutil.go:412.2,412.19 1 1
github.com/quality-gateway/shared/pkg/testing/testutil.go:412.19,414.3 1 1
github.com/quality-gateway/shared/pkg/testing/testutil.go:415.2,415.12 1 1
github.com/quality-gateway/shared/pkg/testing/testutil.go:419.52,423.16 3 1
github.com/quality-gateway/shared/pkg/testing/testutil.go:423.16,425.3 1 0
github.com/quality-gateway/shared/pkg/testing/testutil.go:426.2,428.19 2 1
github.com/quality-gateway/shared/pkg/testing/testutil.go:428.19,429.54 1 1
github.com/quality-gateway/shared/pkg/testing/testutil.go:429.54,431.4 1 0
github.com/quality-gateway/shared/pkg/testing/testutil.go:434.2,434.19 1 1
github.com/quality-gateway/shared/pkg/testing/testutil.go:434.19,436.3 1 1
github.com/quality-gateway/shared/pkg/testing/testutil.go:437.2,437.20 1 1
github.com/quality-gateway/shared/pkg/testing/testutil.go:441.52,449.12 6 0
github.com/quality-gateway/shared/pkg/testing/testutil.go:449.12,453.3 3 0
github.com/quality-gateway/shared/pkg/testing/testutil.go:455.2,461.15 5 0
github.com/quality-gateway/shared/pkg/testing/testutil.go:465.66,469.35 3 0
github.com/quality-gateway/shared/pkg/testing/testutil.go:469.35,470.30 1 0
github.com/quality-gateway/shared/pkg/testing/testutil.go:470.30,472.4 1 0
github.com/quality-gateway/shared/pkg/testing/testutil.go:472.9,474.4 1 0
github.com/quality-gateway/shared/pkg/testing/testutil.go:475.3,475.58 1 0
github.com/quality-gateway/shared/pkg/testing/testutil.go:478.2,478.91 1 0
github.com/quality-gateway/shared/pkg/testing/testutil.go:482.56,486.25 3 0
github.com/quality-gateway/shared/pkg/testing/testutil.go:486.25,487.33 1 0
github.com/quality-gateway/shared/pkg/testing/testutil.go:487.33,488.17 1 0
github.com/quality-gateway/shared/pkg/testing/testutil.go:488.17,488.39 1 0
github.com/quality-gateway/shared/pkg/testing/testutil.go:489.4,489.9 1 0
github.com/quality-gateway/shared/pkg/testing/testutil.go:493.2,493.16 1 0
github.com/quality-gateway/shared/pkg/testing/testutil.go:493.16,495.3 1 0
github.com/quality-gateway/shared/pkg/api/client.go:31.43,32.16 1 21
github.com/quality-gateway/shared/pkg/api/client.go:32.16,37.3 1 1
github.com/quality-gateway/shared/pkg/api/client.go:38.2,38.22 1 21
github.com/quality-gateway/shared/pkg/api/client.go:38.22,40.3 1 18
github.com/quality-gateway/shared/pkg/api/client.go:41.2,41.25 1 21
github.com/quality-gateway/shared/pkg/api/client.go:41.25,43.3 1 19
github.com/quality-gateway/shared/pkg/api/client.go:45.2,51.3 1 21
github.com/quality-gateway/shared/pkg/api/client.go:55.48,57.2 1 0
github.com/quality-gateway/shared/pkg/api/client.go:60.59,62.26 1 18
github.com/quality-gateway/shared/pkg/api/client.go:62.26,64.3 1 1
github.com/quality-gateway/shared/pkg/api/client.go:65.2,72.44 5 18
github.com/quality-gateway/shared/pkg/api/client.go:72.44,73.12 1 22
github.com/quality-gateway/shared/pkg/api/client.go:73.12,79.4 2 4
github.com/quality-gateway/shared/pkg/api/client.go:81.3,82.17 2 22
github.com/quality-gateway/shared/pkg/api/client.go:82.17,83.9 1 16
github.com/quality-gateway/shared/pkg/api/client.go:87.2,87.16 1 18
github.com/quality-gateway/shared/pkg/api/client.go:87.16,89.3 1 2
github.com/quality-gateway/shared/pkg/api/client.go:90.2,94.16 3 16
github.com/quality-gateway/shared/pkg/api/client.go:94.16,96.3 1 0
github.com/quality-gateway/shared/pkg/api/client.go:99.2,100.55 2 16
github.com/quality-gateway/shared/pkg/api/client.go:100.55,106.3 1 2
github.com/quality-gateway/shared/pkg/api/client.go:108.2,114.22 2 14
github.com/quality-gateway/shared/pkg/api/client.go:118.91,121.2 2 0
github.com/quality-gateway/shared/pkg/api/client.go:124.54,127.16 3 7
github.com/quality-gateway/shared/pkg/api/client.go:127.16,129.3 1 0
github.com/quality-gateway/shared/pkg/api/client.go:130.2,130.18 1 7
github.com/quality-gateway/shared/pkg/api/client.go:134.86,137.16 3 1
github.com/quality-gateway/shared/pkg/api/client.go:137.16,139.3 1 0
github.com/quality-gateway/shared/pkg/api/client.go:140.2,140.18 1 1
github.com/quality-gateway/shared/pkg/api/client.go:144.73,148.17 3 3
github.com/quality-gateway/shared/pkg/api/client.go:148.17,150.17 2 3
github.com/quality-gateway/shared/pkg/api/client.go:150.17,152.4 1 0
github.com/quality-gateway/shared/pkg/api/client.go:153.3,153.35 1 3
github.com/quality-gateway/shared/pkg/api/client.go:156.2,157.16 2 3
github.com/quality-gateway/shared/pkg/api/client.go:157.16,159.3 1 0
github.com/quality-gateway/shared/pkg/api/client.go:160.2,160.17 1 3
github.com/quality-gateway/shared/pkg/api/client.go:160.17,162.3 1 3
github.com/quality-gateway/shared/pkg/api/client.go:163.2,163.18 1 3
github.com/quality-gateway/shared/pkg/api/client.go:167.105,171.17 3 1
github.com/quality-gateway/shared/pkg/api/client.go:171.17,173.17 2 1
github.com/quality-gateway/shared/pkg/api/client.go:173.17,175.4 1 0
github.com/quality-gateway/shared/pkg/api/client.go:176.3,176.41 1 1
github.com/quality-gateway/shared/pkg/api/client.go:179.2,180.16 2 1
github.com/quality-gateway/shared/pkg/api/client.go:180.16,182.3 1 0
github.com/quality-gateway/shared/pkg/api/client.go:183.2,183.17 1 1
github.com/quality-gateway/shared/pkg/api/client.go:183.17,185.3 1 1
github.com/quality-gateway/shared/pkg/api/client.go:186.2,186.18 1 1
github.com/quality-gateway/shared/pkg/api/client.go:190.72,194.17 3 1
github.com/quality-gateway/shared/pkg/api/client.go:194.17,196.17 2 1
github.com/quality-gateway/shared/pkg/api/client.go:196.17,198.4 1 0
github.com/quality-gateway/shared/pkg/api/client.go:199.3,199.35 1 1
github.com/quality-gateway/shared/pkg/api/client.go:202.2,203.16 2 1
github.com/quality-gateway/shared/pkg/api/client.go:203.16,205.3 1 0
github.com/quality-gateway/shared/pkg/api/client.go:206.2,206.17 1 1
github.com/quality-gateway/shared/pkg/api/client.go:206.17,208.3 1 1
github.com/quality-gateway/shared/pkg/api/client.go:209.2,209.18 1 1
github.com/quality-gateway/shared/pkg/api/client.go:213.104,217.17 3 1
github.com/quality-gateway/shared/pkg/api/client.go:217.17,219.17 2 1
github.com/quality-gateway/shared/pkg/api/client.go:219.17,221.4 1 0
github.com/quality-gateway/shared/pkg/api/client.go:222.3,222.41 1 1
github.com/quality-gateway/shared/pkg/api/client.go:225.2,226.16 2 1
github.com/quality-gateway/shared/pkg/api/client.go:226.16,228.3 1 0
github.com/quality-gateway/shared/pkg/api/client.go:229.2,229.17 1 1
github.com/quality-gateway/shared/pkg/api/client.go:229.17,231.3 1 1
github.com/quality-gateway/shared/pkg/api/client.go:232.2,232.18 1 1
github.com/quality-gateway/shared/pkg/api/client.go:236.57,239.16 3 1
github.com/quality-gateway/shared/pkg/api/client.go:239.16,241.3 1 0
github.com/quality-gateway/shared/pkg/api/client.go:242.2,242.18 1 1
github.com/quality-gateway/shared/pkg/api/client.go:246.89,249.16 3 1
github.com/quality-gateway/shared/pkg/api/client.go:249.16,251.3 1 0
github.com/quality-gateway/shared/pkg/api/client.go:252.2,252.18 1 1
github.com/quality-gateway/shared/pkg/api/client.go:256.74,260.17 3 1
github.com/quality-gateway/shared/pkg/api/client.go:260.17,262.17 2 1
github.com/quality-gateway/shared/pkg/api/client.go:262.17,264.4 1 0
github.com/quality-gateway/shared/pkg/api/client.go:265.3,265.35 1 1
github.com/quality-gateway/shared/pkg/api/client.go:268.2,269.16 2 1
github.com/quality-gateway/shared/pkg/api/client.go:269.16,271.3 1 0
github.com/quality-gateway/shared/pkg/api/client.go:272.2,272.17 1 1
github.com/quality-gateway/shared/pkg/api/client.go:272.17,274.3 1 1
github.com/quality-gateway/shared/pkg/api/client.go:275.2,275.18 1 1
github.com/quality-gateway/shared/pkg/api/client.go:279.106,283.17 3 1
github.com/quality-gateway/shared/pkg/api/client.go:283.17,285.17 2 1
github.com/quality-gateway/shared/pkg/api/client.go:285.17,287.4 1 0
github.com/quality-gateway/shared/pkg/api/client.go:288.3,288.41 1 1
github.com/quality-gateway/shared/pkg/api/client.go:291.2,292.16 2 1
github.com/quality-gateway/shared/pkg/api/client.go:292.16,294.3 1 0
github.com/quality-gateway/shared/pkg/api/client.go:295.2,295.17 1 1
github.com/quality-gateway/shared/pkg/api/client.go:295.17,297.3 1 1
github.com/quality-gateway/shared/pkg/api/client.go:298.2,298.18 1 1
github.com/quality-gateway/shared/pkg/api/client.go:302.63,304.16 2 2
github.com/quality-gateway/shared/pkg/api/client.go:304.16,306.3 1 0
github.com/quality-gateway/shared/pkg/api/client.go:307.2,307.19 1 2
github.com/quality-gateway/shared/pkg/api/client.go:307.19,308.24 1 1
github.com/quality-gateway/shared/pkg/api/client.go:308.24,310.4 1 1
github.com/quality-gateway/shared/pkg/api/client.go:311.3,311.38 1 0
github.com/quality-gateway/shared/pkg/api/client.go:313.2,313.37 1 1
github.com/quality-gateway/shared/pkg/api/client.go:317.77,319.16 2 2
github.com/quality-gateway/shared/pkg/api/client.go:319.16,321.3 1 0
github.com/quality-gateway/shared/pkg/api/client.go:322.2,322.19 1 2
github.com/quality-gateway/shared/pkg/api/client.go:322.19,323.24 1 1
github.com/quality-gateway/shared/pkg/api/client.go:323.24,325.4 1 1
github.com/quality-gateway/shared/pkg/api/client.go:326.3,326.38 1 0
github.com/quality-gateway/shared/pkg/api/client.go:328.2,328.41 1 1
github.com/quality-gateway/shared/pkg/api/client.go:332.48,335.16 2 2
github.com/quality-gateway/shared/pkg/api/client.go:335.16,337.3 1 0
github.com/quality-gateway/shared/pkg/api/client.go:338.2,338.40 1 2
github.com/quality-gateway/shared/pkg/api/client.go:342.45,344.2 1 1
github.com/quality-gateway/shared/pkg/api/client.go:347.41,349.2 1 1
github.com/quality-gateway/shared/pkg/api/client.go:352.52,355.2 2 1
github.com/quality-gateway/shared/pkg/api/middleware.go:15.59,16.46 1 0
github.com/quality-gateway/shared/pkg/api/middleware.go:16.46,17.72 1 0
github.com/quality-gateway/shared/pkg/api/middleware.go:17.72,33.4 5 0
github.com/quality-gateway/shared/pkg/api/middleware.go:44.51,45.16 1 0
github.com/quality-gateway/shared/pkg/api/middleware.go:45.16,49.3 3 0
github.com/quality-gateway/shared/pkg/api/middleware.go:52.56,53.16 1 0
github.com/quality-gateway/shared/pkg/api/middleware.go:53.16,55.3 1 0
github.com/quality-gateway/shared/pkg/api/middleware.go:56.2,56.34 1 0
github.com/quality-gateway/shared/pkg/api/middleware.go:60.60,61.46 1 2
github.com/quality-gateway/shared/pkg/api/middleware.go:61.46,62.72 1 2
github.com/quality-gateway/shared/pkg/api/middleware.go:62.72,63.17 1 2
github.com/quality-gateway/shared/pkg/api/middleware.go:63.17,64.37 1 2
github.com/quality-gateway/shared/pkg/api/middleware.go:64.37,70.6 2 1
github.com/quality-gateway/shared/pkg/api/middleware.go:72.4,72.24 1 2
github.com/quality-gateway/shared/pkg/api/middleware.go:78.61,79.46 1 2
github.com/quality-gateway/shared/pkg/api/middleware.go:79.46,80.72 1 2
github.com/quality-gateway/shared/pkg/api/middleware.go:80.72,83.49 3 2
github.com/quality-gateway/shared/pkg/api/middleware.go:83.49,84.56 1 2
github.com/quality-gateway/shared/pkg/api/middleware.go:84.56,86.11 2 2
github.com/quality-gateway/shared/pkg/api/middleware.go:90.4,90.15 1 2
github.com/quality-gateway/shared/pkg/api/middleware.go:90.15,95.5 4 2
github.com/quality-gateway/shared/pkg/api/middleware.go:97.4,97.38 1 2
github.com/quality-gateway/shared/pkg/api/middleware.go:97.38,100.5 2 0
github.com/quality-gateway/shared/pkg/api/middleware.go:102.4,102.24 1 2
github.com/quality-gateway/shared/pkg/api/middleware.go:108.50,109.46 1 3
github.com/quality-gateway/shared/pkg/api/middleware.go:109.46,110.72 1 4
github.com/quality-gateway/shared/pkg/api/middleware.go:110.72,112.24 2 4
github.com/quality-gateway/shared/pkg/api/middleware.go:112.24,115.5 2 2
github.com/quality-gateway/shared/pkg/api/middleware.go:117.4,117.49 1 2
github.com/quality-gateway/shared/pkg/api/middleware.go:117.49,120.5 2 0
github.com/quality-gateway/shared/pkg/api/middleware.go:122.4,123.30 2 2
github.com/quality-gateway/shared/pkg/api/middleware.go:123.30,126.5 2 0
github.com/quality-gateway/shared/pkg/api/middleware.go:128.4,128.24 1 2
github.com/quality-gateway/shared/pkg/api/middleware.go:134.60,135.71 1 0
github.com/quality-gateway/shared/pkg/api/middleware.go:135.71,136.96 1 0
github.com/quality-gateway/shared/pkg/api/middleware.go:136.96,138.61 2 0
github.com/quality-gateway/shared/pkg/api/middleware.go:138.61,141.5 2 0
github.com/quality-gateway/shared/pkg/api/middleware.go:143.3,143.23 1 0
github.com/quality-gateway/shared/pkg/api/middleware.go:148.62,149.46 1 1
github.com/quality-gateway/shared/pkg/api/middleware.go:149.46,150.72 1 1
github.com/quality-gateway/shared/pkg/api/middleware.go:150.72,152.4 1 1
github.com/quality-gateway/shared/pkg/api/middleware.go:157.58,158.46 1 1
github.com/quality-gateway/shared/pkg/api/middleware.go:158.46,159.46 1 1
github.com/quality-gateway/shared/pkg/api/middleware.go:159.46,161.4 1 2
github.com/quality-gateway/shared/pkg/api/middleware.go:162.3,162.14 1 1
github.com/quality-gateway/shared/pkg/api/response.go:25.68,32.2 3 4
github.com/quality-gateway/shared/pkg/api/response.go:35.50,37.2 1 4
github.com/quality-gateway/shared/pkg/api/response.go:40.55,42.2 1 0
github.com/quality-gateway/shared/pkg/api/response.go:45.39,47.2 1 1
github.com/quality-gateway/shared/pkg/api/response.go:50.56,52.2 1 1
github.com/quality-gateway/shared/pkg/api/response.go:55.58,57.2 1 3
github.com/quality-gateway/shared/pkg/api/response.go:60.55,62.2 1 0
github.com/quality-gateway/shared/pkg/api/response.go:65.54,67.2 1 1
github.com/quality-gateway/shared/pkg/api/response.go:70.54,72.2 1 0
github.com/quality-gateway/shared/pkg/api/response.go:75.59,77.2 1 3
github.com/quality-gateway/shared/pkg/api/response.go:80.73,90.2 3 8
github.com/quality-gateway/shared/pkg/api/response.go:93.53,94.46 1 0
github.com/quality-gateway/shared/pkg/api/response.go:94.46,98.3 3 0
github.com/quality-gateway/shared/pkg/api/response.go:99.2,99.48 1 0
github.com/quality-gateway/shared/pkg/api/response.go:103.42,104.14 1 0
github.com/quality-gateway/shared/pkg/api/response.go:105.19,106.29 1 0
github.com/quality-gateway/shared/pkg/api/response.go:107.24,108.29 1 0
github.com/quality-gateway/shared/pkg/api/response.go:109.23,110.31 1 0
github.com/quality-gateway/shared/pkg/api/response.go:111.22,112.33 1 0
github.com/quality-gateway/shared/pkg/api/response.go:113.19,114.30 1 0
github.com/quality-gateway/shared/pkg/api/response.go:115.18,116.29 1 0
github.com/quality-gateway/shared/pkg/api/response.go:117.17,118.35 1 0
github.com/quality-gateway/shared/pkg/api/response.go:119.10,120.40 1 0
github.com/quality-gateway/shared/pkg/api/response.go:128.45,129.54 1 2
github.com/quality-gateway/shared/pkg/api/response.go:129.54,130.33 1 2
github.com/quality-gateway/shared/pkg/api/response.go:130.33,132.4 1 1
github.com/quality-gateway/shared/pkg/api/response.go:137.69,138.46 1 2
github.com/quality-gateway/shared/pkg/api/response.go:138.46,142.3 3 0
github.com/quality-gateway/shared/pkg/api/response.go:143.2,143.48 1 2
github.com/quality-gateway/shared/pkg/api/response.go:147.58,151.2 3 3
github.com/quality-gateway/shared/pkg/api/response.go:154.79,158.2 3 0
github.com/quality-gateway/shared/pkg/api/router.go:15.26,19.2 1 10
github.com/quality-gateway/shared/pkg/api/router.go:22.70,24.93 1 12
github.com/quality-gateway/shared/pkg/api/router.go:24.93,26.3 1 10
github.com/quality-gateway/shared/pkg/api/router.go:27.2,27.46 1 12
github.com/quality-gateway/shared/pkg/api/router.go:27.46,29.3 1 10
github.com/quality-gateway/shared/pkg/api/router.go:31.2,31.27 1 12
github.com/quality-gateway/shared/pkg/api/router.go:35.70,38.34 2 10
github.com/quality-gateway/shared/pkg/api/router.go:38.34,41.3 2 10
github.com/quality-gateway/shared/pkg/api/router.go:44.2,44.23 1 0
github.com/quality-gateway/shared/pkg/api/router.go:48.52,50.2 1 8
github.com/quality-gateway/shared/pkg/api/router.go:53.76,56.2 2 11
github.com/quality-gateway/shared/pkg/api/router.go:59.61,61.2 1 10
github.com/quality-gateway/shared/pkg/api/router.go:64.62,66.2 1 1
github.com/quality-gateway/shared/pkg/api/router.go:69.61,71.2 1 0
github.com/quality-gateway/shared/pkg/api/router.go:74.64,76.2 1 0
github.com/quality-gateway/shared/pkg/api/router.go:79.63,81.2 1 0
github.com/quality-gateway/shared/pkg/api/router.go:84.65,86.2 1 0
github.com/quality-gateway/shared/pkg/api/router.go:89.47,95.2 1 1
github.com/quality-gateway/shared/pkg/api/router.go:98.60,100.2 1 0
github.com/quality-gateway/shared/pkg/api/server.go:38.35,39.18 1 4
github.com/quality-gateway/shared/pkg/api/server.go:39.18,41.3 1 0
github.com/quality-gateway/shared/pkg/api/server.go:42.2,42.45 1 4
github.com/quality-gateway/shared/pkg/api/server.go:46.29,54.2 1 3
github.com/quality-gateway/shared/pkg/api/server.go:57.50,58.26 1 3
github.com/quality-gateway/shared/pkg/api/server.go:58.26,60.3 1 0
github.com/quality-gateway/shared/pkg/api/server.go:61.2,61.27 1 3
github.com/quality-gateway/shared/pkg/api/server.go:61.27,63.3 1 0
github.com/quality-gateway/shared/pkg/api/server.go:64.2,64.30 1 3
github.com/quality-gateway/shared/pkg/api/server.go:64.30,66.3 1 0
github.com/quality-gateway/shared/pkg/api/server.go:68.2,80.3 2 3
github.com/quality-gateway/shared/pkg/api/server.go:84.35,86.2 1 4
github.com/quality-gateway/shared/pkg/api/server.go:89.32,95.12 3 0
github.com/quality-gateway/shared/pkg/api/server.go:95.12,98.82 2 0
github.com/quality-gateway/shared/pkg/api/server.go:98.82,100.4 1 0
github.com/quality-gateway/shared/pkg/api/server.go:103.2,104.12 2 0
github.com/quality-gateway/shared/pkg/api/server.go:108.35,110.18 2 0
github.com/quality-gateway/shared/pkg/api/server.go:110.18,113.3 2 0
github.com/quality-gateway/shared/pkg/api/server.go:114.2,122.47 6 0
github.com/quality-gateway/shared/pkg/api/server.go:122.47,125.3 2 0
github.com/quality-gateway/shared/pkg/api/server.go:127.2,129.12 3 0
github.com/quality-gateway/shared/pkg/api/server.go:133.36,139.37 5 0
github.com/quality-gateway/shared/pkg/api/server.go:139.37,142.3 2 0
github.com/quality-gateway/shared/pkg/api/server.go:146.81,148.2 1 0
github.com/quality-gateway/shared/pkg/api/server.go:151.67,153.2 1 2
github.com/quality-gateway/shared/pkg/api/server.go:156.61,158.2 1 2
github.com/quality-gateway/shared/pkg/api/server.go:161.62,163.2 1 0
github.com/quality-gateway/shared/pkg/api/server.go:166.61,168.2 1 0
github.com/quality-gateway/shared/pkg/api/server.go:171.64,173.2 1 0
github.com/quality-gateway/shared/pkg/api/server.go:176.63,178.2 1 0
